[1.553s] Invoking command in '/home/pi/ros2_case_study/src/drive': DEBUGINFOD_URLS=https://debuginfod.ubuntu.com PYTHONPATH=/home/pi/ros2_case_study/build/drive/prefix_override:/usr/lib/python3/dist-packages/colcon_core/task/python/colcon_distutils_commands:/home/pi/ros2_case_study/install/drive/lib/python3.12/site-packages:${PYTHONPATH} /usr/bin/python3 -W ignore:setup.py install is deprecated -W ignore:easy_install command is deprecated setup.py egg_info --egg-base ../../build/drive build --build-base /home/pi/ros2_case_study/build/drive/build install --record /home/pi/ros2_case_study/build/drive/install.log --single-version-externally-managed install_data
[1.938s] running egg_info
[1.964s] writing ../../build/drive/drive.egg-info/PKG-INFO
[1.964s] writing dependency_links to ../../build/drive/drive.egg-info/dependency_links.txt
[1.965s] writing entry points to ../../build/drive/drive.egg-info/entry_points.txt
[1.966s] writing requirements to ../../build/drive/drive.egg-info/requires.txt
[1.967s] writing top-level names to ../../build/drive/drive.egg-info/top_level.txt
[2.025s] reading manifest file '../../build/drive/drive.egg-info/SOURCES.txt'
[2.025s] adding license file 'LICENSE'
[2.026s] writing manifest file '../../build/drive/drive.egg-info/SOURCES.txt'
[2.026s] running build
[2.026s] running build_py
[2.027s] running install
[2.036s] running install_lib
[2.064s] running install_data
[2.064s] running install_egg_info
[2.094s] removing '/home/pi/ros2_case_study/install/drive/lib/python3.12/site-packages/drive-0.0.0-py3.12.egg-info' (and everything under it)
[2.096s] Copying ../../build/drive/drive.egg-info to /home/pi/ros2_case_study/install/drive/lib/python3.12/site-packages/drive-0.0.0-py3.12.egg-info
[2.097s] running install_scripts
[2.286s] Installing talker script to /home/pi/ros2_case_study/install/drive/lib/drive
[2.286s] writing list of installed files to '/home/pi/ros2_case_study/build/drive/install.log'
[2.373s] Invoked command in '/home/pi/ros2_case_study/src/drive' returned '0': DEBUGINFOD_URLS=https://debuginfod.ubuntu.com PYTHONPATH=/home/pi/ros2_case_study/build/drive/prefix_override:/usr/lib/python3/dist-packages/colcon_core/task/python/colcon_distutils_commands:/home/pi/ros2_case_study/install/drive/lib/python3.12/site-packages:${PYTHONPATH} /usr/bin/python3 -W ignore:setup.py install is deprecated -W ignore:easy_install command is deprecated setup.py egg_info --egg-base ../../build/drive build --build-base /home/pi/ros2_case_study/build/drive/build install --record /home/pi/ros2_case_study/build/drive/install.log --single-version-externally-managed install_data
