[0.026s] Invoking command in '/home/pi/ros2_case_study/build/vesc_driver': CMAKE_PREFIX_PATH=/home/pi/ros2_case_study/install/vesc_msgs:/home/pi/ros2_case_study/install/vesc:/home/pi/ros2_case_study/install/vesc_driver:/home/pi/ros2_ws/install/vesc:/home/pi/ros2_ws/install/vesc_driver:/home/pi/ros2_ws/install/vesc_msgs:/opt/ros/kilted/opt/sdformat_vendor:/opt/ros/kilted/opt/gz_math_vendor:/opt/ros/kilted/opt/gz_utils_vendor:/opt/ros/kilted/opt/gz_tools_vendor:/opt/ros/kilted/opt/gz_cmake_vendor:/home/pi/ros2_case_study/install/drive:/home/pi/ros2_ws/install/drive:/opt/ros/kilted DEBUGINFOD_URLS=https://debuginfod.ubuntu.com LD_LIBRARY_PATH=/home/pi/ros2_case_study/install/vesc_msgs/lib:/home/pi/ros2_case_study/install/vesc_driver/lib:/home/pi/ros2_ws/install/vesc_driver/lib:/home/pi/ros2_ws/install/vesc_msgs/lib:/opt/ros/kilted/opt/zenoh_cpp_vendor/lib:/opt/ros/kilted/opt/sdformat_vendor/lib:/opt/ros/kilted/opt/gz_math_vendor/lib:/opt/ros/kilted/opt/gz_utils_vendor/lib:/opt/ros/kilted/opt/rviz_ogre_vendor/lib:/opt/ros/kilted/lib/aarch64-linux-gnu:/opt/ros/kilted/opt/gz_tools_vendor/lib:/opt/ros/kilted/opt/gz_cmake_vendor/lib:/opt/ros/kilted/lib /usr/bin/cmake --build /home/pi/ros2_case_study/build/vesc_driver -- -j4 -l4
[0.147s] [ 20%] Built target vesc_driver_node
[0.161s] [ 70%] Built target vesc_driver
[0.207s] [100%] Built target vesc_device_namer
[0.230s] Invoked command in '/home/pi/ros2_case_study/build/vesc_driver' returned '0': CMAKE_PREFIX_PATH=/home/pi/ros2_case_study/install/vesc_msgs:/home/pi/ros2_case_study/install/vesc:/home/pi/ros2_case_study/install/vesc_driver:/home/pi/ros2_ws/install/vesc:/home/pi/ros2_ws/install/vesc_driver:/home/pi/ros2_ws/install/vesc_msgs:/opt/ros/kilted/opt/sdformat_vendor:/opt/ros/kilted/opt/gz_math_vendor:/opt/ros/kilted/opt/gz_utils_vendor:/opt/ros/kilted/opt/gz_tools_vendor:/opt/ros/kilted/opt/gz_cmake_vendor:/home/pi/ros2_case_study/install/drive:/home/pi/ros2_ws/install/drive:/opt/ros/kilted DEBUGINFOD_URLS=https://debuginfod.ubuntu.com LD_LIBRARY_PATH=/home/pi/ros2_case_study/install/vesc_msgs/lib:/home/pi/ros2_case_study/install/vesc_driver/lib:/home/pi/ros2_ws/install/vesc_driver/lib:/home/pi/ros2_ws/install/vesc_msgs/lib:/opt/ros/kilted/opt/zenoh_cpp_vendor/lib:/opt/ros/kilted/opt/sdformat_vendor/lib:/opt/ros/kilted/opt/gz_math_vendor/lib:/opt/ros/kilted/opt/gz_utils_vendor/lib:/opt/ros/kilted/opt/rviz_ogre_vendor/lib:/opt/ros/kilted/lib/aarch64-linux-gnu:/opt/ros/kilted/opt/gz_tools_vendor/lib:/opt/ros/kilted/opt/gz_cmake_vendor/lib:/opt/ros/kilted/lib /usr/bin/cmake --build /home/pi/ros2_case_study/build/vesc_driver -- -j4 -l4
[0.235s] Invoking command in '/home/pi/ros2_case_study/build/vesc_driver': CMAKE_PREFIX_PATH=/home/pi/ros2_case_study/install/vesc_msgs:/home/pi/ros2_case_study/install/vesc:/home/pi/ros2_case_study/install/vesc_driver:/home/pi/ros2_ws/install/vesc:/home/pi/ros2_ws/install/vesc_driver:/home/pi/ros2_ws/install/vesc_msgs:/opt/ros/kilted/opt/sdformat_vendor:/opt/ros/kilted/opt/gz_math_vendor:/opt/ros/kilted/opt/gz_utils_vendor:/opt/ros/kilted/opt/gz_tools_vendor:/opt/ros/kilted/opt/gz_cmake_vendor:/home/pi/ros2_case_study/install/drive:/home/pi/ros2_ws/install/drive:/opt/ros/kilted DEBUGINFOD_URLS=https://debuginfod.ubuntu.com LD_LIBRARY_PATH=/home/pi/ros2_case_study/install/vesc_msgs/lib:/home/pi/ros2_case_study/install/vesc_driver/lib:/home/pi/ros2_ws/install/vesc_driver/lib:/home/pi/ros2_ws/install/vesc_msgs/lib:/opt/ros/kilted/opt/zenoh_cpp_vendor/lib:/opt/ros/kilted/opt/sdformat_vendor/lib:/opt/ros/kilted/opt/gz_math_vendor/lib:/opt/ros/kilted/opt/gz_utils_vendor/lib:/opt/ros/kilted/opt/rviz_ogre_vendor/lib:/opt/ros/kilted/lib/aarch64-linux-gnu:/opt/ros/kilted/opt/gz_tools_vendor/lib:/opt/ros/kilted/opt/gz_cmake_vendor/lib:/opt/ros/kilted/lib /usr/bin/cmake --install /home/pi/ros2_case_study/build/vesc_driver
[0.251s] -- Install configuration: ""
[0.251s] -- Up-to-date: /home/pi/ros2_case_study/install/vesc_driver/lib/vesc_driver/vesc_driver_node
[0.251s] -- Up-to-date: /home/pi/ros2_case_study/install/vesc_driver/include/vesc_driver
[0.251s] -- Up-to-date: /home/pi/ros2_case_study/install/vesc_driver/include/vesc_driver/vesc_driver
[0.251s] -- Up-to-date: /home/pi/ros2_case_study/install/vesc_driver/include/vesc_driver/vesc_driver/vesc_device_uuid_lookup.hpp
[0.252s] -- Up-to-date: /home/pi/ros2_case_study/install/vesc_driver/include/vesc_driver/vesc_driver/crc.hpp
[0.252s] -- Up-to-date: /home/pi/ros2_case_study/install/vesc_driver/include/vesc_driver/vesc_driver/vesc_packet_factory.hpp
[0.252s] -- Up-to-date: /home/pi/ros2_case_study/install/vesc_driver/include/vesc_driver/vesc_driver/vesc_interface.hpp
[0.252s] -- Up-to-date: /home/pi/ros2_case_study/install/vesc_driver/include/vesc_driver/vesc_driver/datatypes.hpp
[0.252s] -- Up-to-date: /home/pi/ros2_case_study/install/vesc_driver/include/vesc_driver/vesc_driver/vesc_packet.hpp
[0.252s] -- Up-to-date: /home/pi/ros2_case_study/install/vesc_driver/include/vesc_driver/vesc_driver/vesc_driver.hpp
[0.252s] -- Up-to-date: /home/pi/ros2_case_study/install/vesc_driver/share/vesc_driver/environment/library_path.sh
[0.252s] -- Up-to-date: /home/pi/ros2_case_study/install/vesc_driver/share/vesc_driver/environment/library_path.dsv
[0.252s] -- Up-to-date: /home/pi/ros2_case_study/install/vesc_driver/lib/libvesc_driver.so
[0.252s] -- Up-to-date: /home/pi/ros2_case_study/install/vesc_driver/lib/vesc_driver/vesc_device_namer
[0.253s] -- Up-to-date: /home/pi/ros2_case_study/install/vesc_driver/share/vesc_driver/launch
[0.253s] -- Up-to-date: /home/pi/ros2_case_study/install/vesc_driver/share/vesc_driver/launch/vesc_driver_node.launch.py
[0.253s] -- Up-to-date: /home/pi/ros2_case_study/install/vesc_driver/share/vesc_driver/params
[0.253s] -- Installing: /home/pi/ros2_case_study/install/vesc_driver/share/vesc_driver/params/vesc_config.yaml
[0.253s] -- Up-to-date: /home/pi/ros2_case_study/install/vesc_driver/share/ament_index/resource_index/package_run_dependencies/vesc_driver
[0.253s] -- Up-to-date: /home/pi/ros2_case_study/install/vesc_driver/share/ament_index/resource_index/parent_prefix_path/vesc_driver
[0.253s] -- Up-to-date: /home/pi/ros2_case_study/install/vesc_driver/share/vesc_driver/environment/ament_prefix_path.sh
[0.254s] -- Up-to-date: /home/pi/ros2_case_study/install/vesc_driver/share/vesc_driver/environment/ament_prefix_path.dsv
[0.254s] -- Up-to-date: /home/pi/ros2_case_study/install/vesc_driver/share/vesc_driver/environment/path.sh
[0.254s] -- Up-to-date: /home/pi/ros2_case_study/install/vesc_driver/share/vesc_driver/environment/path.dsv
[0.254s] -- Up-to-date: /home/pi/ros2_case_study/install/vesc_driver/share/vesc_driver/local_setup.bash
[0.254s] -- Up-to-date: /home/pi/ros2_case_study/install/vesc_driver/share/vesc_driver/local_setup.sh
[0.254s] -- Up-to-date: /home/pi/ros2_case_study/install/vesc_driver/share/vesc_driver/local_setup.zsh
[0.254s] -- Up-to-date: /home/pi/ros2_case_study/install/vesc_driver/share/vesc_driver/local_setup.dsv
[0.254s] -- Installing: /home/pi/ros2_case_study/install/vesc_driver/share/vesc_driver/package.dsv
[0.254s] -- Up-to-date: /home/pi/ros2_case_study/install/vesc_driver/share/ament_index/resource_index/packages/vesc_driver
[0.254s] -- Up-to-date: /home/pi/ros2_case_study/install/vesc_driver/share/ament_index/resource_index/rclcpp_components/vesc_driver
[0.255s] -- Up-to-date: /home/pi/ros2_case_study/install/vesc_driver/share/vesc_driver/cmake/ament_cmake_export_dependencies-extras.cmake
[0.255s] -- Up-to-date: /home/pi/ros2_case_study/install/vesc_driver/share/vesc_driver/cmake/ament_cmake_export_include_directories-extras.cmake
[0.255s] -- Up-to-date: /home/pi/ros2_case_study/install/vesc_driver/share/vesc_driver/cmake/ament_cmake_export_libraries-extras.cmake
[0.255s] -- Up-to-date: /home/pi/ros2_case_study/install/vesc_driver/share/vesc_driver/cmake/vesc_driverConfig.cmake
[0.255s] -- Up-to-date: /home/pi/ros2_case_study/install/vesc_driver/share/vesc_driver/cmake/vesc_driverConfig-version.cmake
[0.255s] -- Up-to-date: /home/pi/ros2_case_study/install/vesc_driver/share/vesc_driver/package.xml
[0.258s] Invoked command in '/home/pi/ros2_case_study/build/vesc_driver' returned '0': CMAKE_PREFIX_PATH=/home/pi/ros2_case_study/install/vesc_msgs:/home/pi/ros2_case_study/install/vesc:/home/pi/ros2_case_study/install/vesc_driver:/home/pi/ros2_ws/install/vesc:/home/pi/ros2_ws/install/vesc_driver:/home/pi/ros2_ws/install/vesc_msgs:/opt/ros/kilted/opt/sdformat_vendor:/opt/ros/kilted/opt/gz_math_vendor:/opt/ros/kilted/opt/gz_utils_vendor:/opt/ros/kilted/opt/gz_tools_vendor:/opt/ros/kilted/opt/gz_cmake_vendor:/home/pi/ros2_case_study/install/drive:/home/pi/ros2_ws/install/drive:/opt/ros/kilted DEBUGINFOD_URLS=https://debuginfod.ubuntu.com LD_LIBRARY_PATH=/home/pi/ros2_case_study/install/vesc_msgs/lib:/home/pi/ros2_case_study/install/vesc_driver/lib:/home/pi/ros2_ws/install/vesc_driver/lib:/home/pi/ros2_ws/install/vesc_msgs/lib:/opt/ros/kilted/opt/zenoh_cpp_vendor/lib:/opt/ros/kilted/opt/sdformat_vendor/lib:/opt/ros/kilted/opt/gz_math_vendor/lib:/opt/ros/kilted/opt/gz_utils_vendor/lib:/opt/ros/kilted/opt/rviz_ogre_vendor/lib:/opt/ros/kilted/lib/aarch64-linux-gnu:/opt/ros/kilted/opt/gz_tools_vendor/lib:/opt/ros/kilted/opt/gz_cmake_vendor/lib:/opt/ros/kilted/lib /usr/bin/cmake --install /home/pi/ros2_case_study/build/vesc_driver
