[0.027s] Invoking command in '/home/pi/ros2_ws/build/vesc_driver': AMENT_PREFIX_PATH=/home/pi/ros2_ws/install/vesc_msgs:${AMENT_PREFIX_PATH} CMAKE_PREFIX_PATH=/home/pi/ros2_ws/install/vesc_msgs:/opt/ros/kilted/opt/gz_math_vendor:/opt/ros/kilted/opt/gz_utils_vendor:/opt/ros/kilted/opt/gz_cmake_vendor:/opt/ros/kilted DEBUGINFOD_URLS=https://debuginfod.ubuntu.com LD_LIBRARY_PATH=/home/pi/ros2_ws/install/vesc_msgs/lib:${LD_LIBRARY_PATH} PYTHONPATH=/home/pi/ros2_ws/install/vesc_msgs/lib/python3.12/site-packages:${PYTHONPATH} /usr/bin/cmake /home/pi/ros2_ws/src/vesc/vesc_driver -DCMAKE_INSTALL_PREFIX=/home/pi/ros2_ws/install/vesc_driver
[0.050s] -- Found ament_cmake_auto: 2.7.3 (/opt/ros/kilted/share/ament_cmake_auto/cmake)
[0.602s] -- Found rosidl_generator_c: 4.9.5 (/opt/ros/kilted/share/rosidl_generator_c/cmake)
[0.616s] -- Found rosidl_generator_cpp: 4.9.5 (/opt/ros/kilted/share/rosidl_generator_cpp/cmake)
[0.632s] -- Using all available rosidl_typesupport_c: rosidl_typesupport_fastrtps_c;rosidl_typesupport_introspection_c
[0.650s] -- Using all available rosidl_typesupport_cpp: rosidl_typesupport_fastrtps_cpp;rosidl_typesupport_introspection_cpp
[0.732s] -- Found rmw_implementation_cmake: 7.8.2 (/opt/ros/kilted/share/rmw_implementation_cmake/cmake)
[0.734s] -- Found rmw_fastrtps_cpp: 9.3.3 (/opt/ros/kilted/share/rmw_fastrtps_cpp/cmake)
[0.791s] -- Using RMW implementation 'rmw_fastrtps_cpp' as default
[1.003s] -- Found asio_cmake_module: 1.2.0 (/opt/ros/kilted/share/asio_cmake_module/cmake)
[1.006s] -- Found ASIO: /usr/include  
[1.130s] -- Performing Test CMAKE_HAVE_LIBC_PTHREAD
[1.296s] -- Performing Test CMAKE_HAVE_LIBC_PTHREAD - Success
[1.297s] -- Found Threads: TRUE  
[1.313s] -- Found ament_lint_auto: 0.19.2 (/opt/ros/kilted/share/ament_lint_auto/cmake)
[1.344s] -- Added test 'copyright' to check source files copyright and LICENSE
[1.346s] -- Added test 'cppcheck' to perform static code analysis on C / C++ code
[1.346s] -- Configured cppcheck include dirs: /home/pi/ros2_ws/src/vesc/vesc_driver/include
[1.346s] -- Configured cppcheck exclude dirs and/or files: 
[1.349s] -- Added test 'cpplint' to check C / C++ code against the Google style
[1.349s] -- Configured cpplint exclude dirs and/or files: 
[1.349s] -- Added test 'flake8' to check Python code syntax and style conventions
[1.349s] -- Configured 'flake8' exclude dirs and/or files: 
[1.350s] -- Added test 'lint_cmake' to check CMake code style
[1.351s] -- Added test 'pep257' to check Python code against some of the docstring style conventions in PEP 257
[1.354s] -- Added test 'uncrustify' to check C / C++ code style
[1.354s] -- Configured uncrustify additional arguments: 
[1.354s] -- Added test 'xmllint' to check XML markup files
[1.358s] -- Configuring done (1.3s)
[1.463s] -- Generating done (0.1s)
[1.473s] -- Build files have been written to: /home/pi/ros2_ws/build/vesc_driver
[1.490s] Invoked command in '/home/pi/ros2_ws/build/vesc_driver' returned '0': AMENT_PREFIX_PATH=/home/pi/ros2_ws/install/vesc_msgs:${AMENT_PREFIX_PATH} CMAKE_PREFIX_PATH=/home/pi/ros2_ws/install/vesc_msgs:/opt/ros/kilted/opt/gz_math_vendor:/opt/ros/kilted/opt/gz_utils_vendor:/opt/ros/kilted/opt/gz_cmake_vendor:/opt/ros/kilted DEBUGINFOD_URLS=https://debuginfod.ubuntu.com LD_LIBRARY_PATH=/home/pi/ros2_ws/install/vesc_msgs/lib:${LD_LIBRARY_PATH} PYTHONPATH=/home/pi/ros2_ws/install/vesc_msgs/lib/python3.12/site-packages:${PYTHONPATH} /usr/bin/cmake /home/pi/ros2_ws/src/vesc/vesc_driver -DCMAKE_INSTALL_PREFIX=/home/pi/ros2_ws/install/vesc_driver
[1.493s] Invoking command in '/home/pi/ros2_ws/build/vesc_driver': AMENT_PREFIX_PATH=/home/pi/ros2_ws/install/vesc_msgs:${AMENT_PREFIX_PATH} CMAKE_PREFIX_PATH=/home/pi/ros2_ws/install/vesc_msgs:/opt/ros/kilted/opt/gz_math_vendor:/opt/ros/kilted/opt/gz_utils_vendor:/opt/ros/kilted/opt/gz_cmake_vendor:/opt/ros/kilted DEBUGINFOD_URLS=https://debuginfod.ubuntu.com LD_LIBRARY_PATH=/home/pi/ros2_ws/install/vesc_msgs/lib:${LD_LIBRARY_PATH} PYTHONPATH=/home/pi/ros2_ws/install/vesc_msgs/lib/python3.12/site-packages:${PYTHONPATH} /usr/bin/cmake --build /home/pi/ros2_ws/build/vesc_driver -- -j4 -l4
[1.597s] [ 40%] [32mBuilding CXX object CMakeFiles/vesc_driver.dir/src/vesc_driver.cpp.o[0m
[1.597s] [ 40%] [32mBuilding CXX object CMakeFiles/vesc_driver_node.dir/rclcpp_components/node_main_vesc_driver_node.cpp.o[0m
[1.597s] [ 40%] [32mBuilding CXX object CMakeFiles/vesc_driver.dir/src/vesc_interface.cpp.o[0m
[1.597s] [ 40%] [32mBuilding CXX object CMakeFiles/vesc_driver.dir/src/vesc_packet.cpp.o[0m
[3.382s] [ 50%] [32mBuilding CXX object CMakeFiles/vesc_driver.dir/src/vesc_packet_factory.cpp.o[0m
[8.802s] [ 60%] [32m[1mLinking CXX executable vesc_driver_node[0m
[9.107s] [ 60%] Built target vesc_driver_node
[20.501s] [ 70%] [32m[1mLinking CXX shared library libvesc_driver.so[0m
[22.140s] [ 70%] Built target vesc_driver
[22.181s] [ 90%] [32mBuilding CXX object CMakeFiles/vesc_device_namer.dir/src/vesc_device_namer.cpp.o[0m
[22.181s] [ 90%] [32mBuilding CXX object CMakeFiles/vesc_device_namer.dir/src/vesc_device_uuid_lookup.cpp.o[0m
[23.396s] [100%] [32m[1mLinking CXX executable vesc_device_namer[0m
[24.433s] [100%] Built target vesc_device_namer
[24.459s] Invoked command in '/home/pi/ros2_ws/build/vesc_driver' returned '0': AMENT_PREFIX_PATH=/home/pi/ros2_ws/install/vesc_msgs:${AMENT_PREFIX_PATH} CMAKE_PREFIX_PATH=/home/pi/ros2_ws/install/vesc_msgs:/opt/ros/kilted/opt/gz_math_vendor:/opt/ros/kilted/opt/gz_utils_vendor:/opt/ros/kilted/opt/gz_cmake_vendor:/opt/ros/kilted DEBUGINFOD_URLS=https://debuginfod.ubuntu.com LD_LIBRARY_PATH=/home/pi/ros2_ws/install/vesc_msgs/lib:${LD_LIBRARY_PATH} PYTHONPATH=/home/pi/ros2_ws/install/vesc_msgs/lib/python3.12/site-packages:${PYTHONPATH} /usr/bin/cmake --build /home/pi/ros2_ws/build/vesc_driver -- -j4 -l4
[24.479s] Invoking command in '/home/pi/ros2_ws/build/vesc_driver': AMENT_PREFIX_PATH=/home/pi/ros2_ws/install/vesc_msgs:${AMENT_PREFIX_PATH} CMAKE_PREFIX_PATH=/home/pi/ros2_ws/install/vesc_msgs:/opt/ros/kilted/opt/gz_math_vendor:/opt/ros/kilted/opt/gz_utils_vendor:/opt/ros/kilted/opt/gz_cmake_vendor:/opt/ros/kilted DEBUGINFOD_URLS=https://debuginfod.ubuntu.com LD_LIBRARY_PATH=/home/pi/ros2_ws/install/vesc_msgs/lib:${LD_LIBRARY_PATH} PYTHONPATH=/home/pi/ros2_ws/install/vesc_msgs/lib/python3.12/site-packages:${PYTHONPATH} /usr/bin/cmake --install /home/pi/ros2_ws/build/vesc_driver
[24.494s] -- Install configuration: ""
[24.494s] -- Installing: /home/pi/ros2_ws/install/vesc_driver/lib/vesc_driver/vesc_driver_node
[24.495s] -- Set non-toolchain portion of runtime path of "/home/pi/ros2_ws/install/vesc_driver/lib/vesc_driver/vesc_driver_node" to ""
[24.495s] -- Installing: /home/pi/ros2_ws/install/vesc_driver/include/vesc_driver
[24.495s] -- Installing: /home/pi/ros2_ws/install/vesc_driver/include/vesc_driver/vesc_driver
[24.496s] -- Installing: /home/pi/ros2_ws/install/vesc_driver/include/vesc_driver/vesc_driver/vesc_device_uuid_lookup.hpp
[24.496s] -- Installing: /home/pi/ros2_ws/install/vesc_driver/include/vesc_driver/vesc_driver/crc.hpp
[24.496s] -- Installing: /home/pi/ros2_ws/install/vesc_driver/include/vesc_driver/vesc_driver/vesc_packet_factory.hpp
[24.496s] -- Installing: /home/pi/ros2_ws/install/vesc_driver/include/vesc_driver/vesc_driver/vesc_interface.hpp
[24.496s] -- Installing: /home/pi/ros2_ws/install/vesc_driver/include/vesc_driver/vesc_driver/datatypes.hpp
[24.496s] -- Installing: /home/pi/ros2_ws/install/vesc_driver/include/vesc_driver/vesc_driver/vesc_packet.hpp
[24.497s] -- Installing: /home/pi/ros2_ws/install/vesc_driver/include/vesc_driver/vesc_driver/vesc_driver.hpp
[24.497s] -- Installing: /home/pi/ros2_ws/install/vesc_driver/share/vesc_driver/environment/library_path.sh
[24.497s] -- Installing: /home/pi/ros2_ws/install/vesc_driver/share/vesc_driver/environment/library_path.dsv
[24.497s] -- Installing: /home/pi/ros2_ws/install/vesc_driver/lib/libvesc_driver.so
[24.511s] -- Set non-toolchain portion of runtime path of "/home/pi/ros2_ws/install/vesc_driver/lib/libvesc_driver.so" to ""
[24.512s] -- Installing: /home/pi/ros2_ws/install/vesc_driver/lib/vesc_driver/vesc_device_namer
[24.512s] -- Set non-toolchain portion of runtime path of "/home/pi/ros2_ws/install/vesc_driver/lib/vesc_driver/vesc_device_namer" to ""
[24.512s] -- Installing: /home/pi/ros2_ws/install/vesc_driver/share/vesc_driver/launch
[24.512s] -- Installing: /home/pi/ros2_ws/install/vesc_driver/share/vesc_driver/launch/vesc_driver_node.launch.py
[24.512s] -- Installing: /home/pi/ros2_ws/install/vesc_driver/share/vesc_driver/params
[24.513s] -- Installing: /home/pi/ros2_ws/install/vesc_driver/share/vesc_driver/params/vesc_config.yaml
[24.513s] -- Installing: /home/pi/ros2_ws/install/vesc_driver/share/ament_index/resource_index/package_run_dependencies/vesc_driver
[24.513s] -- Installing: /home/pi/ros2_ws/install/vesc_driver/share/ament_index/resource_index/parent_prefix_path/vesc_driver
[24.513s] -- Installing: /home/pi/ros2_ws/install/vesc_driver/share/vesc_driver/environment/ament_prefix_path.sh
[24.513s] -- Installing: /home/pi/ros2_ws/install/vesc_driver/share/vesc_driver/environment/ament_prefix_path.dsv
[24.514s] -- Installing: /home/pi/ros2_ws/install/vesc_driver/share/vesc_driver/environment/path.sh
[24.514s] -- Installing: /home/pi/ros2_ws/install/vesc_driver/share/vesc_driver/environment/path.dsv
[24.514s] -- Installing: /home/pi/ros2_ws/install/vesc_driver/share/vesc_driver/local_setup.bash
[24.514s] -- Installing: /home/pi/ros2_ws/install/vesc_driver/share/vesc_driver/local_setup.sh
[24.514s] -- Installing: /home/pi/ros2_ws/install/vesc_driver/share/vesc_driver/local_setup.zsh
[24.514s] -- Installing: /home/pi/ros2_ws/install/vesc_driver/share/vesc_driver/local_setup.dsv
[24.514s] -- Installing: /home/pi/ros2_ws/install/vesc_driver/share/vesc_driver/package.dsv
[24.515s] -- Installing: /home/pi/ros2_ws/install/vesc_driver/share/ament_index/resource_index/packages/vesc_driver
[24.515s] -- Installing: /home/pi/ros2_ws/install/vesc_driver/share/ament_index/resource_index/rclcpp_components/vesc_driver
[24.515s] -- Installing: /home/pi/ros2_ws/install/vesc_driver/share/vesc_driver/cmake/ament_cmake_export_dependencies-extras.cmake
[24.515s] -- Installing: /home/pi/ros2_ws/install/vesc_driver/share/vesc_driver/cmake/ament_cmake_export_include_directories-extras.cmake
[24.515s] -- Installing: /home/pi/ros2_ws/install/vesc_driver/share/vesc_driver/cmake/ament_cmake_export_libraries-extras.cmake
[24.516s] -- Installing: /home/pi/ros2_ws/install/vesc_driver/share/vesc_driver/cmake/vesc_driverConfig.cmake
[24.516s] -- Installing: /home/pi/ros2_ws/install/vesc_driver/share/vesc_driver/cmake/vesc_driverConfig-version.cmake
[24.516s] -- Installing: /home/pi/ros2_ws/install/vesc_driver/share/vesc_driver/package.xml
[24.519s] Invoked command in '/home/pi/ros2_ws/build/vesc_driver' returned '0': AMENT_PREFIX_PATH=/home/pi/ros2_ws/install/vesc_msgs:${AMENT_PREFIX_PATH} CMAKE_PREFIX_PATH=/home/pi/ros2_ws/install/vesc_msgs:/opt/ros/kilted/opt/gz_math_vendor:/opt/ros/kilted/opt/gz_utils_vendor:/opt/ros/kilted/opt/gz_cmake_vendor:/opt/ros/kilted DEBUGINFOD_URLS=https://debuginfod.ubuntu.com LD_LIBRARY_PATH=/home/pi/ros2_ws/install/vesc_msgs/lib:${LD_LIBRARY_PATH} PYTHONPATH=/home/pi/ros2_ws/install/vesc_msgs/lib/python3.12/site-packages:${PYTHONPATH} /usr/bin/cmake --install /home/pi/ros2_ws/build/vesc_driver
