[0.029s] Invoking command in '/home/pi/ros2_case_study/build/vesc': CMAKE_PREFIX_PATH=/home/pi/ros2_case_study/install/vesc_driver:/home/pi/ros2_case_study/install/vesc_msgs:/home/pi/ros2_case_study/install/vesc:/home/pi/ros2_ws/install/vesc:/home/pi/ros2_ws/install/vesc_driver:/home/pi/ros2_ws/install/vesc_msgs:/opt/ros/kilted/opt/sdformat_vendor:/opt/ros/kilted/opt/gz_math_vendor:/opt/ros/kilted/opt/gz_utils_vendor:/opt/ros/kilted/opt/gz_tools_vendor:/opt/ros/kilted/opt/gz_cmake_vendor:/home/pi/ros2_case_study/install/drive:/home/pi/ros2_ws/install/drive:/opt/ros/kilted DEBUGINFOD_URLS=https://debuginfod.ubuntu.com /usr/bin/cmake --build /home/pi/ros2_case_study/build/vesc -- -j4 -l4
[0.116s] Invoked command in '/home/pi/ros2_case_study/build/vesc' returned '0': CMAKE_PREFIX_PATH=/home/pi/ros2_case_study/install/vesc_driver:/home/pi/ros2_case_study/install/vesc_msgs:/home/pi/ros2_case_study/install/vesc:/home/pi/ros2_ws/install/vesc:/home/pi/ros2_ws/install/vesc_driver:/home/pi/ros2_ws/install/vesc_msgs:/opt/ros/kilted/opt/sdformat_vendor:/opt/ros/kilted/opt/gz_math_vendor:/opt/ros/kilted/opt/gz_utils_vendor:/opt/ros/kilted/opt/gz_tools_vendor:/opt/ros/kilted/opt/gz_cmake_vendor:/home/pi/ros2_case_study/install/drive:/home/pi/ros2_ws/install/drive:/opt/ros/kilted DEBUGINFOD_URLS=https://debuginfod.ubuntu.com /usr/bin/cmake --build /home/pi/ros2_case_study/build/vesc -- -j4 -l4
[0.118s] Invoking command in '/home/pi/ros2_case_study/build/vesc': CMAKE_PREFIX_PATH=/home/pi/ros2_case_study/install/vesc_driver:/home/pi/ros2_case_study/install/vesc_msgs:/home/pi/ros2_case_study/install/vesc:/home/pi/ros2_ws/install/vesc:/home/pi/ros2_ws/install/vesc_driver:/home/pi/ros2_ws/install/vesc_msgs:/opt/ros/kilted/opt/sdformat_vendor:/opt/ros/kilted/opt/gz_math_vendor:/opt/ros/kilted/opt/gz_utils_vendor:/opt/ros/kilted/opt/gz_tools_vendor:/opt/ros/kilted/opt/gz_cmake_vendor:/home/pi/ros2_case_study/install/drive:/home/pi/ros2_ws/install/drive:/opt/ros/kilted DEBUGINFOD_URLS=https://debuginfod.ubuntu.com /usr/bin/cmake --install /home/pi/ros2_case_study/build/vesc
[0.141s] -- Install configuration: ""
[0.142s] -- Up-to-date: /home/pi/ros2_case_study/install/vesc/share/ament_index/resource_index/package_run_dependencies/vesc
[0.142s] -- Up-to-date: /home/pi/ros2_case_study/install/vesc/share/ament_index/resource_index/parent_prefix_path/vesc
[0.142s] -- Up-to-date: /home/pi/ros2_case_study/install/vesc/share/vesc/environment/ament_prefix_path.sh
[0.142s] -- Up-to-date: /home/pi/ros2_case_study/install/vesc/share/vesc/environment/ament_prefix_path.dsv
[0.142s] -- Up-to-date: /home/pi/ros2_case_study/install/vesc/share/vesc/environment/path.sh
[0.143s] -- Up-to-date: /home/pi/ros2_case_study/install/vesc/share/vesc/environment/path.dsv
[0.143s] -- Up-to-date: /home/pi/ros2_case_study/install/vesc/share/vesc/local_setup.bash
[0.143s] -- Up-to-date: /home/pi/ros2_case_study/install/vesc/share/vesc/local_setup.sh
[0.143s] -- Up-to-date: /home/pi/ros2_case_study/install/vesc/share/vesc/local_setup.zsh
[0.143s] -- Up-to-date: /home/pi/ros2_case_study/install/vesc/share/vesc/local_setup.dsv
[0.143s] -- Up-to-date: /home/pi/ros2_case_study/install/vesc/share/vesc/package.dsv
[0.143s] -- Up-to-date: /home/pi/ros2_case_study/install/vesc/share/ament_index/resource_index/packages/vesc
[0.143s] -- Up-to-date: /home/pi/ros2_case_study/install/vesc/share/vesc/cmake/vescConfig.cmake
[0.144s] -- Up-to-date: /home/pi/ros2_case_study/install/vesc/share/vesc/cmake/vescConfig-version.cmake
[0.144s] -- Up-to-date: /home/pi/ros2_case_study/install/vesc/share/vesc/package.xml
[0.145s] Invoked command in '/home/pi/ros2_case_study/build/vesc' returned '0': CMAKE_PREFIX_PATH=/home/pi/ros2_case_study/install/vesc_driver:/home/pi/ros2_case_study/install/vesc_msgs:/home/pi/ros2_case_study/install/vesc:/home/pi/ros2_ws/install/vesc:/home/pi/ros2_ws/install/vesc_driver:/home/pi/ros2_ws/install/vesc_msgs:/opt/ros/kilted/opt/sdformat_vendor:/opt/ros/kilted/opt/gz_math_vendor:/opt/ros/kilted/opt/gz_utils_vendor:/opt/ros/kilted/opt/gz_tools_vendor:/opt/ros/kilted/opt/gz_cmake_vendor:/home/pi/ros2_case_study/install/drive:/home/pi/ros2_ws/install/drive:/opt/ros/kilted DEBUGINFOD_URLS=https://debuginfod.ubuntu.com /usr/bin/cmake --install /home/pi/ros2_case_study/build/vesc
