[1.260s] Invoking command in '/home/pi/ros2_ws/src/drive': DEBUGINFOD_URLS=https://debuginfod.ubuntu.com PYTHONPATH=/home/pi/ros2_ws/src/build/drive/prefix_override:/usr/lib/python3/dist-packages/colcon_core/task/python/colcon_distutils_commands:/home/pi/ros2_ws/src/install/drive/lib/python3.12/site-packages:${PYTHONPATH} /usr/bin/python3 -W ignore:setup.py install is deprecated -W ignore:easy_install command is deprecated setup.py egg_info --egg-base ../build/drive build --build-base /home/pi/ros2_ws/src/build/drive/build install --record /home/pi/ros2_ws/src/build/drive/install.log --single-version-externally-managed install_data
[1.650s] running egg_info
[1.677s] writing ../build/drive/drive.egg-info/PKG-INFO
[1.677s] writing dependency_links to ../build/drive/drive.egg-info/dependency_links.txt
[1.678s] writing entry points to ../build/drive/drive.egg-info/entry_points.txt
[1.679s] writing requirements to ../build/drive/drive.egg-info/requires.txt
[1.679s] writing top-level names to ../build/drive/drive.egg-info/top_level.txt
[1.739s] reading manifest file '../build/drive/drive.egg-info/SOURCES.txt'
[1.739s] adding license file 'LICENSE'
[1.740s] writing manifest file '../build/drive/drive.egg-info/SOURCES.txt'
[1.740s] running build
[1.740s] running build_py
[1.740s] copying drive/drive.py -> /home/pi/ros2_ws/src/build/drive/build/lib/drive
[1.741s] running install
[1.750s] running install_lib
[1.777s] copying /home/pi/ros2_ws/src/build/drive/build/lib/drive/drive.py -> /home/pi/ros2_ws/src/install/drive/lib/python3.12/site-packages/drive
[1.778s] byte-compiling /home/pi/ros2_ws/src/install/drive/lib/python3.12/site-packages/drive/drive.py to drive.cpython-312.pyc
[1.779s] running install_data
[1.779s] running install_egg_info
[1.812s] removing '/home/pi/ros2_ws/src/install/drive/lib/python3.12/site-packages/drive-0.0.0-py3.12.egg-info' (and everything under it)
[1.812s] Copying ../build/drive/drive.egg-info to /home/pi/ros2_ws/src/install/drive/lib/python3.12/site-packages/drive-0.0.0-py3.12.egg-info
[1.813s] running install_scripts
[2.013s] Installing talker script to /home/pi/ros2_ws/src/install/drive/lib/drive
[2.014s] writing list of installed files to '/home/pi/ros2_ws/src/build/drive/install.log'
[2.092s] Invoked command in '/home/pi/ros2_ws/src/drive' returned '0': DEBUGINFOD_URLS=https://debuginfod.ubuntu.com PYTHONPATH=/home/pi/ros2_ws/src/build/drive/prefix_override:/usr/lib/python3/dist-packages/colcon_core/task/python/colcon_distutils_commands:/home/pi/ros2_ws/src/install/drive/lib/python3.12/site-packages:${PYTHONPATH} /usr/bin/python3 -W ignore:setup.py install is deprecated -W ignore:easy_install command is deprecated setup.py egg_info --egg-base ../build/drive build --build-base /home/pi/ros2_ws/src/build/drive/build install --record /home/pi/ros2_ws/src/build/drive/install.log --single-version-externally-managed install_data
