[0.152s] DEBUG:colcon:Command line arguments: ['/usr/bin/colcon', 'build']
[0.152s] DEBUG:colcon:Parsed command line arguments: Namespace(log_base=None, log_level=None, verb_name='build', build_base='build', install_base='install', merge_install=False, symlink_install=False, test_result_base=None, continue_on_error=False, executor='parallel', parallel_workers=4, event_handlers=None, ignore_user_meta=False, metas=['./colcon.meta'], base_paths=['.'], packages_ignore=None, packages_ignore_regex=None, paths=None, packages_up_to=None, packages_up_to_regex=None, packages_above=None, packages_above_and_dependencies=None, packages_above_depth=None, packages_select_by_dep=None, packages_skip_by_dep=None, packages_skip_up_to=None, packages_select_build_failed=False, packages_skip_build_finished=False, packages_select_test_failures=False, packages_skip_test_passed=False, packages_select=None, packages_skip=None, packages_select_regex=None, packages_skip_regex=None, packages_start=None, packages_end=None, allow_overriding=[], cmake_args=None, cmake_target=None, cmake_target_skip_unavailable=False, cmake_clean_cache=False, cmake_clean_first=False, cmake_force_configure=False, ament_cmake_args=None, catkin_cmake_args=None, catkin_skip_building_tests=False, mixin_files=None, mixin=None, verb_parser=<colcon_mixin.mixin.mixin_argument.MixinArgumentDecorator object at 0xffff90df8c20>, verb_extension=<colcon_core.verb.build.BuildVerb object at 0xffff90fb48f0>, main=<bound method BuildVerb.main of <colcon_core.verb.build.BuildVerb object at 0xffff90fb48f0>>, mixin_verb=('build',))
[0.210s] Level 1:colcon.colcon_core.package_discovery:discover_packages(colcon_meta) check parameters
[0.210s] Level 1:colcon.colcon_core.package_discovery:discover_packages(recursive) check parameters
[0.210s] Level 1:colcon.colcon_core.package_discovery:discover_packages(ignore) check parameters
[0.210s] Level 1:colcon.colcon_core.package_discovery:discover_packages(path) check parameters
[0.210s] Level 1:colcon.colcon_core.package_discovery:discover_packages(colcon_meta) discover
[0.210s] Level 1:colcon.colcon_core.package_discovery:discover_packages(recursive) discover
[0.210s] INFO:colcon.colcon_core.package_discovery:Crawling recursively for packages in '/home/pi/ros2_case_study'
[0.210s] Level 1:colcon.colcon_core.package_identification:_identify(.) by extensions ['ignore', 'ignore_ament_install']
[0.210s] Level 1:colcon.colcon_core.package_identification:_identify(.) by extension 'ignore'
[0.210s] Level 1:colcon.colcon_core.package_identification:_identify(.) by extension 'ignore_ament_install'
[0.210s] Level 1:colcon.colcon_core.package_identification:_identify(.) by extensions ['colcon_pkg']
[0.210s] Level 1:colcon.colcon_core.package_identification:_identify(.) by extension 'colcon_pkg'
[0.210s] Level 1:colcon.colcon_core.package_identification:_identify(.) by extensions ['colcon_meta']
[0.210s] Level 1:colcon.colcon_core.package_identification:_identify(.) by extension 'colcon_meta'
[0.211s] Level 1:colcon.colcon_core.package_identification:_identify(.) by extensions ['ros']
[0.211s] Level 1:colcon.colcon_core.package_identification:_identify(.) by extension 'ros'
[0.249s] Level 1:colcon.colcon_core.package_identification:_identify(.) by extensions ['cmake', 'python']
[0.249s] Level 1:colcon.colcon_core.package_identification:_identify(.) by extension 'cmake'
[0.249s] Level 1:colcon.colcon_core.package_identification:_identify(.) by extension 'python'
[0.250s] Level 1:colcon.colcon_core.package_identification:_identify(.) by extensions ['python_setup_py']
[0.250s] Level 1:colcon.colcon_core.package_identification:_identify(.) by extension 'python_setup_py'
[0.250s] Level 1:colcon.colcon_core.package_identification:_identify(build) by extensions ['ignore', 'ignore_ament_install']
[0.250s] Level 1:colcon.colcon_core.package_identification:_identify(build) by extension 'ignore'
[0.250s] Level 1:colcon.colcon_core.package_identification:_identify(build) ignored
[0.250s] Level 1:colcon.colcon_core.package_identification:_identify(install) by extensions ['ignore', 'ignore_ament_install']
[0.250s] Level 1:colcon.colcon_core.package_identification:_identify(install) by extension 'ignore'
[0.250s] Level 1:colcon.colcon_core.package_identification:_identify(install) ignored
[0.250s] Level 1:colcon.colcon_core.package_identification:_identify(log) by extensions ['ignore', 'ignore_ament_install']
[0.251s] Level 1:colcon.colcon_core.package_identification:_identify(log) by extension 'ignore'
[0.251s] Level 1:colcon.colcon_core.package_identification:_identify(log) ignored
[0.251s] Level 1:colcon.colcon_core.package_identification:_identify(src) by extensions ['ignore', 'ignore_ament_install']
[0.251s] Level 1:colcon.colcon_core.package_identification:_identify(src) by extension 'ignore'
[0.251s] Level 1:colcon.colcon_core.package_identification:_identify(src) by extension 'ignore_ament_install'
[0.251s] Level 1:colcon.colcon_core.package_identification:_identify(src) by extensions ['colcon_pkg']
[0.251s] Level 1:colcon.colcon_core.package_identification:_identify(src) by extension 'colcon_pkg'
[0.251s] Level 1:colcon.colcon_core.package_identification:_identify(src) by extensions ['colcon_meta']
[0.251s] Level 1:colcon.colcon_core.package_identification:_identify(src) by extension 'colcon_meta'
[0.251s] Level 1:colcon.colcon_core.package_identification:_identify(src) by extensions ['ros']
[0.251s] Level 1:colcon.colcon_core.package_identification:_identify(src) by extension 'ros'
[0.251s] Level 1:colcon.colcon_core.package_identification:_identify(src) by extensions ['cmake', 'python']
[0.251s] Level 1:colcon.colcon_core.package_identification:_identify(src) by extension 'cmake'
[0.251s] Level 1:colcon.colcon_core.package_identification:_identify(src) by extension 'python'
[0.251s] Level 1:colcon.colcon_core.package_identification:_identify(src) by extensions ['python_setup_py']
[0.251s] Level 1:colcon.colcon_core.package_identification:_identify(src) by extension 'python_setup_py'
[0.251s] Level 1:colcon.colcon_core.package_identification:_identify(src/drive) by extensions ['ignore', 'ignore_ament_install']
[0.251s] Level 1:colcon.colcon_core.package_identification:_identify(src/drive) by extension 'ignore'
[0.252s] Level 1:colcon.colcon_core.package_identification:_identify(src/drive) by extension 'ignore_ament_install'
[0.252s] Level 1:colcon.colcon_core.package_identification:_identify(src/drive) by extensions ['colcon_pkg']
[0.252s] Level 1:colcon.colcon_core.package_identification:_identify(src/drive) by extension 'colcon_pkg'
[0.252s] Level 1:colcon.colcon_core.package_identification:_identify(src/drive) by extensions ['colcon_meta']
[0.252s] Level 1:colcon.colcon_core.package_identification:_identify(src/drive) by extension 'colcon_meta'
[0.252s] Level 1:colcon.colcon_core.package_identification:_identify(src/drive) by extensions ['ros']
[0.252s] Level 1:colcon.colcon_core.package_identification:_identify(src/drive) by extension 'ros'
[0.255s] DEBUG:colcon.colcon_core.package_identification:Package 'src/drive' with type 'ros.ament_python' and name 'drive'
[0.255s] Level 1:colcon.colcon_core.package_identification:_identify(src/vesc) by extensions ['ignore', 'ignore_ament_install']
[0.255s] Level 1:colcon.colcon_core.package_identification:_identify(src/vesc) by extension 'ignore'
[0.255s] Level 1:colcon.colcon_core.package_identification:_identify(src/vesc) by extension 'ignore_ament_install'
[0.255s] Level 1:colcon.colcon_core.package_identification:_identify(src/vesc) by extensions ['colcon_pkg']
[0.255s] Level 1:colcon.colcon_core.package_identification:_identify(src/vesc) by extension 'colcon_pkg'
[0.255s] Level 1:colcon.colcon_core.package_identification:_identify(src/vesc) by extensions ['colcon_meta']
[0.255s] Level 1:colcon.colcon_core.package_identification:_identify(src/vesc) by extension 'colcon_meta'
[0.255s] Level 1:colcon.colcon_core.package_identification:_identify(src/vesc) by extensions ['ros']
[0.256s] Level 1:colcon.colcon_core.package_identification:_identify(src/vesc) by extension 'ros'
[0.256s] Level 1:colcon.colcon_core.package_identification:_identify(src/vesc) by extensions ['cmake', 'python']
[0.256s] Level 1:colcon.colcon_core.package_identification:_identify(src/vesc) by extension 'cmake'
[0.256s] Level 1:colcon.colcon_core.package_identification:_identify(src/vesc) by extension 'python'
[0.256s] Level 1:colcon.colcon_core.package_identification:_identify(src/vesc) by extensions ['python_setup_py']
[0.256s] Level 1:colcon.colcon_core.package_identification:_identify(src/vesc) by extension 'python_setup_py'
[0.256s] Level 1:colcon.colcon_core.package_identification:_identify(src/vesc/vesc) by extensions ['ignore', 'ignore_ament_install']
[0.256s] Level 1:colcon.colcon_core.package_identification:_identify(src/vesc/vesc) by extension 'ignore'
[0.256s] Level 1:colcon.colcon_core.package_identification:_identify(src/vesc/vesc) by extension 'ignore_ament_install'
[0.256s] Level 1:colcon.colcon_core.package_identification:_identify(src/vesc/vesc) by extensions ['colcon_pkg']
[0.256s] Level 1:colcon.colcon_core.package_identification:_identify(src/vesc/vesc) by extension 'colcon_pkg'
[0.256s] Level 1:colcon.colcon_core.package_identification:_identify(src/vesc/vesc) by extensions ['colcon_meta']
[0.256s] Level 1:colcon.colcon_core.package_identification:_identify(src/vesc/vesc) by extension 'colcon_meta'
[0.256s] Level 1:colcon.colcon_core.package_identification:_identify(src/vesc/vesc) by extensions ['ros']
[0.256s] Level 1:colcon.colcon_core.package_identification:_identify(src/vesc/vesc) by extension 'ros'
[0.257s] DEBUG:colcon.colcon_core.package_identification:Package 'src/vesc/vesc' with type 'ros.ament_cmake' and name 'vesc'
[0.257s] Level 1:colcon.colcon_core.package_identification:_identify(src/vesc/vesc_driver) by extensions ['ignore', 'ignore_ament_install']
[0.257s] Level 1:colcon.colcon_core.package_identification:_identify(src/vesc/vesc_driver) by extension 'ignore'
[0.257s] Level 1:colcon.colcon_core.package_identification:_identify(src/vesc/vesc_driver) by extension 'ignore_ament_install'
[0.257s] Level 1:colcon.colcon_core.package_identification:_identify(src/vesc/vesc_driver) by extensions ['colcon_pkg']
[0.257s] Level 1:colcon.colcon_core.package_identification:_identify(src/vesc/vesc_driver) by extension 'colcon_pkg'
[0.257s] Level 1:colcon.colcon_core.package_identification:_identify(src/vesc/vesc_driver) by extensions ['colcon_meta']
[0.257s] Level 1:colcon.colcon_core.package_identification:_identify(src/vesc/vesc_driver) by extension 'colcon_meta'
[0.257s] Level 1:colcon.colcon_core.package_identification:_identify(src/vesc/vesc_driver) by extensions ['ros']
[0.257s] Level 1:colcon.colcon_core.package_identification:_identify(src/vesc/vesc_driver) by extension 'ros'
[0.259s] DEBUG:colcon.colcon_core.package_identification:Package 'src/vesc/vesc_driver' with type 'ros.ament_cmake' and name 'vesc_driver'
[0.259s] Level 1:colcon.colcon_core.package_identification:_identify(src/vesc/vesc_msgs) by extensions ['ignore', 'ignore_ament_install']
[0.259s] Level 1:colcon.colcon_core.package_identification:_identify(src/vesc/vesc_msgs) by extension 'ignore'
[0.259s] Level 1:colcon.colcon_core.package_identification:_identify(src/vesc/vesc_msgs) by extension 'ignore_ament_install'
[0.259s] Level 1:colcon.colcon_core.package_identification:_identify(src/vesc/vesc_msgs) by extensions ['colcon_pkg']
[0.259s] Level 1:colcon.colcon_core.package_identification:_identify(src/vesc/vesc_msgs) by extension 'colcon_pkg'
[0.259s] Level 1:colcon.colcon_core.package_identification:_identify(src/vesc/vesc_msgs) by extensions ['colcon_meta']
[0.259s] Level 1:colcon.colcon_core.package_identification:_identify(src/vesc/vesc_msgs) by extension 'colcon_meta'
[0.259s] Level 1:colcon.colcon_core.package_identification:_identify(src/vesc/vesc_msgs) by extensions ['ros']
[0.259s] Level 1:colcon.colcon_core.package_identification:_identify(src/vesc/vesc_msgs) by extension 'ros'
[0.260s] DEBUG:colcon.colcon_core.package_identification:Package 'src/vesc/vesc_msgs' with type 'ros.ament_cmake' and name 'vesc_msgs'
[0.260s] Level 1:colcon.colcon_core.package_discovery:discover_packages(recursive) using defaults
[0.260s] Level 1:colcon.colcon_core.package_discovery:discover_packages(ignore) discover
[0.260s] Level 1:colcon.colcon_core.package_discovery:discover_packages(ignore) using defaults
[0.260s] Level 1:colcon.colcon_core.package_discovery:discover_packages(path) discover
[0.260s] Level 1:colcon.colcon_core.package_discovery:discover_packages(path) using defaults
[0.285s] Level 1:colcon.colcon_core.package_discovery:discover_packages(prefix_path) check parameters
[0.285s] Level 1:colcon.colcon_core.package_discovery:discover_packages(prefix_path) discover
[0.288s] DEBUG:colcon.colcon_installed_package_information.package_discovery:Found 4 installed packages in /home/pi/ros2_case_study/install
[0.289s] DEBUG:colcon.colcon_installed_package_information.package_discovery:Found 4 installed packages in /home/pi/ros2_ws/install
[0.291s] DEBUG:colcon.colcon_installed_package_information.package_discovery:Found 327 installed packages in /opt/ros/kilted
[0.294s] Level 1:colcon.colcon_core.package_discovery:discover_packages(prefix_path) using defaults
[0.361s] Level 5:colcon.colcon_core.verb:set package 'drive' build argument 'cmake_args' from command line to 'None'
[0.361s] Level 5:colcon.colcon_core.verb:set package 'drive' build argument 'cmake_target' from command line to 'None'
[0.362s] Level 5:colcon.colcon_core.verb:set package 'drive' build argument 'cmake_target_skip_unavailable' from command line to 'False'
[0.362s] Level 5:colcon.colcon_core.verb:set package 'drive' build argument 'cmake_clean_cache' from command line to 'False'
[0.362s] Level 5:colcon.colcon_core.verb:set package 'drive' build argument 'cmake_clean_first' from command line to 'False'
[0.362s] Level 5:colcon.colcon_core.verb:set package 'drive' build argument 'cmake_force_configure' from command line to 'False'
[0.362s] Level 5:colcon.colcon_core.verb:set package 'drive' build argument 'ament_cmake_args' from command line to 'None'
[0.362s] Level 5:colcon.colcon_core.verb:set package 'drive' build argument 'catkin_cmake_args' from command line to 'None'
[0.362s] Level 5:colcon.colcon_core.verb:set package 'drive' build argument 'catkin_skip_building_tests' from command line to 'False'
[0.362s] DEBUG:colcon.colcon_core.verb:Building package 'drive' with the following arguments: {'ament_cmake_args': None, 'build_base': '/home/pi/ros2_case_study/build/drive', 'catkin_cmake_args': None, 'catkin_skip_building_tests': False, 'cmake_args': None, 'cmake_clean_cache': False, 'cmake_clean_first': False, 'cmake_force_configure': False, 'cmake_target': None, 'cmake_target_skip_unavailable': False, 'install_base': '/home/pi/ros2_case_study/install/drive', 'merge_install': False, 'path': '/home/pi/ros2_case_study/src/drive', 'symlink_install': False, 'test_result_base': None}
[0.362s] Level 5:colcon.colcon_core.verb:set package 'vesc_msgs' build argument 'cmake_args' from command line to 'None'
[0.362s] Level 5:colcon.colcon_core.verb:set package 'vesc_msgs' build argument 'cmake_target' from command line to 'None'
[0.362s] Level 5:colcon.colcon_core.verb:set package 'vesc_msgs' build argument 'cmake_target_skip_unavailable' from command line to 'False'
[0.362s] Level 5:colcon.colcon_core.verb:set package 'vesc_msgs' build argument 'cmake_clean_cache' from command line to 'False'
[0.362s] Level 5:colcon.colcon_core.verb:set package 'vesc_msgs' build argument 'cmake_clean_first' from command line to 'False'
[0.362s] Level 5:colcon.colcon_core.verb:set package 'vesc_msgs' build argument 'cmake_force_configure' from command line to 'False'
[0.362s] Level 5:colcon.colcon_core.verb:set package 'vesc_msgs' build argument 'ament_cmake_args' from command line to 'None'
[0.362s] Level 5:colcon.colcon_core.verb:set package 'vesc_msgs' build argument 'catkin_cmake_args' from command line to 'None'
[0.362s] Level 5:colcon.colcon_core.verb:set package 'vesc_msgs' build argument 'catkin_skip_building_tests' from command line to 'False'
[0.362s] DEBUG:colcon.colcon_core.verb:Building package 'vesc_msgs' with the following arguments: {'ament_cmake_args': None, 'build_base': '/home/pi/ros2_case_study/build/vesc_msgs', 'catkin_cmake_args': None, 'catkin_skip_building_tests': False, 'cmake_args': None, 'cmake_clean_cache': False, 'cmake_clean_first': False, 'cmake_force_configure': False, 'cmake_target': None, 'cmake_target_skip_unavailable': False, 'install_base': '/home/pi/ros2_case_study/install/vesc_msgs', 'merge_install': False, 'path': '/home/pi/ros2_case_study/src/vesc/vesc_msgs', 'symlink_install': False, 'test_result_base': None}
[0.363s] Level 5:colcon.colcon_core.verb:set package 'vesc_driver' build argument 'cmake_args' from command line to 'None'
[0.363s] Level 5:colcon.colcon_core.verb:set package 'vesc_driver' build argument 'cmake_target' from command line to 'None'
[0.363s] Level 5:colcon.colcon_core.verb:set package 'vesc_driver' build argument 'cmake_target_skip_unavailable' from command line to 'False'
[0.363s] Level 5:colcon.colcon_core.verb:set package 'vesc_driver' build argument 'cmake_clean_cache' from command line to 'False'
[0.363s] Level 5:colcon.colcon_core.verb:set package 'vesc_driver' build argument 'cmake_clean_first' from command line to 'False'
[0.363s] Level 5:colcon.colcon_core.verb:set package 'vesc_driver' build argument 'cmake_force_configure' from command line to 'False'
[0.363s] Level 5:colcon.colcon_core.verb:set package 'vesc_driver' build argument 'ament_cmake_args' from command line to 'None'
[0.363s] Level 5:colcon.colcon_core.verb:set package 'vesc_driver' build argument 'catkin_cmake_args' from command line to 'None'
[0.363s] Level 5:colcon.colcon_core.verb:set package 'vesc_driver' build argument 'catkin_skip_building_tests' from command line to 'False'
[0.363s] DEBUG:colcon.colcon_core.verb:Building package 'vesc_driver' with the following arguments: {'ament_cmake_args': None, 'build_base': '/home/pi/ros2_case_study/build/vesc_driver', 'catkin_cmake_args': None, 'catkin_skip_building_tests': False, 'cmake_args': None, 'cmake_clean_cache': False, 'cmake_clean_first': False, 'cmake_force_configure': False, 'cmake_target': None, 'cmake_target_skip_unavailable': False, 'install_base': '/home/pi/ros2_case_study/install/vesc_driver', 'merge_install': False, 'path': '/home/pi/ros2_case_study/src/vesc/vesc_driver', 'symlink_install': False, 'test_result_base': None}
[0.363s] Level 5:colcon.colcon_core.verb:set package 'vesc' build argument 'cmake_args' from command line to 'None'
[0.363s] Level 5:colcon.colcon_core.verb:set package 'vesc' build argument 'cmake_target' from command line to 'None'
[0.363s] Level 5:colcon.colcon_core.verb:set package 'vesc' build argument 'cmake_target_skip_unavailable' from command line to 'False'
[0.363s] Level 5:colcon.colcon_core.verb:set package 'vesc' build argument 'cmake_clean_cache' from command line to 'False'
[0.363s] Level 5:colcon.colcon_core.verb:set package 'vesc' build argument 'cmake_clean_first' from command line to 'False'
[0.363s] Level 5:colcon.colcon_core.verb:set package 'vesc' build argument 'cmake_force_configure' from command line to 'False'
[0.364s] Level 5:colcon.colcon_core.verb:set package 'vesc' build argument 'ament_cmake_args' from command line to 'None'
[0.364s] Level 5:colcon.colcon_core.verb:set package 'vesc' build argument 'catkin_cmake_args' from command line to 'None'
[0.364s] Level 5:colcon.colcon_core.verb:set package 'vesc' build argument 'catkin_skip_building_tests' from command line to 'False'
[0.364s] DEBUG:colcon.colcon_core.verb:Building package 'vesc' with the following arguments: {'ament_cmake_args': None, 'build_base': '/home/pi/ros2_case_study/build/vesc', 'catkin_cmake_args': None, 'catkin_skip_building_tests': False, 'cmake_args': None, 'cmake_clean_cache': False, 'cmake_clean_first': False, 'cmake_force_configure': False, 'cmake_target': None, 'cmake_target_skip_unavailable': False, 'install_base': '/home/pi/ros2_case_study/install/vesc', 'merge_install': False, 'path': '/home/pi/ros2_case_study/src/vesc/vesc', 'symlink_install': False, 'test_result_base': None}
[0.364s] INFO:colcon.colcon_core.executor:Executing jobs using 'parallel' executor
[0.365s] DEBUG:colcon.colcon_parallel_executor.executor.parallel:run_until_complete
[0.366s] INFO:colcon.colcon_ros.task.ament_cmake.build:Building ROS package in '/home/pi/ros2_case_study/src/vesc/vesc_msgs' with build type 'ament_cmake'
[0.366s] INFO:colcon.colcon_cmake.task.cmake.build:Building CMake package in '/home/pi/ros2_case_study/src/vesc/vesc_msgs'
[0.372s] INFO:colcon.colcon_core.plugin_system:Skipping extension 'colcon_core.shell.bat': Not used on non-Windows systems
[0.373s] INFO:colcon.colcon_core.shell:Skip shell extension 'powershell' for command environment: Not usable outside of PowerShell
[0.373s] DEBUG:colcon.colcon_core.shell:Skip shell extension 'dsv' for command environment
[0.382s] INFO:colcon.colcon_ros.task.ament_python.build:Building ROS package in '/home/pi/ros2_case_study/src/drive' with build type 'ament_python'
[0.383s] Level 1:colcon.colcon_core.shell:create_environment_hook('drive', 'ament_prefix_path')
[0.383s] INFO:colcon.colcon_core.shell:Creating environment hook '/home/pi/ros2_case_study/install/drive/share/drive/hook/ament_prefix_path.ps1'
[0.384s] INFO:colcon.colcon_core.shell:Creating environment descriptor '/home/pi/ros2_case_study/install/drive/share/drive/hook/ament_prefix_path.dsv'
[0.386s] INFO:colcon.colcon_core.shell:Creating environment hook '/home/pi/ros2_case_study/install/drive/share/drive/hook/ament_prefix_path.sh'
[0.387s] INFO:colcon.colcon_core.shell:Skip shell extension 'powershell' for command environment: Not usable outside of PowerShell
[0.388s] DEBUG:colcon.colcon_core.shell:Skip shell extension 'dsv' for command environment
[0.404s] DEBUG:colcon.colcon_core.event_handler.log_command:Invoking command in '/home/pi/ros2_case_study/build/vesc_msgs': CMAKE_PREFIX_PATH=${CMAKE_PREFIX_PATH}:/home/pi/ros2_case_study/install/drive:/home/pi/ros2_ws/install/drive:/opt/ros/kilted DEBUGINFOD_URLS=https://debuginfod.ubuntu.com /usr/bin/cmake --build /home/pi/ros2_case_study/build/vesc_msgs -- -j4 -l4
[0.892s] INFO:colcon.colcon_core.task.python.build:Building Python package in '/home/pi/ros2_case_study/src/drive'
[0.893s] INFO:colcon.colcon_core.shell:Skip shell extension 'powershell' for command environment: Not usable outside of PowerShell
[0.893s] DEBUG:colcon.colcon_core.shell:Skip shell extension 'dsv' for command environment
[1.258s] DEBUG:colcon.colcon_core.event_handler.log_command:Invoked command in '/home/pi/ros2_case_study/build/vesc_msgs' returned '0': CMAKE_PREFIX_PATH=${CMAKE_PREFIX_PATH}:/home/pi/ros2_case_study/install/drive:/home/pi/ros2_ws/install/drive:/opt/ros/kilted DEBUGINFOD_URLS=https://debuginfod.ubuntu.com /usr/bin/cmake --build /home/pi/ros2_case_study/build/vesc_msgs -- -j4 -l4
[1.283s] DEBUG:colcon.colcon_core.event_handler.log_command:Invoking command in '/home/pi/ros2_case_study/build/vesc_msgs': CMAKE_PREFIX_PATH=${CMAKE_PREFIX_PATH}:/home/pi/ros2_case_study/install/drive:/home/pi/ros2_ws/install/drive:/opt/ros/kilted DEBUGINFOD_URLS=https://debuginfod.ubuntu.com /usr/bin/cmake --install /home/pi/ros2_case_study/build/vesc_msgs
[1.393s] Level 1:colcon.colcon_core.environment:create_environment_scripts_only(vesc_msgs)
[1.394s] DEBUG:colcon.colcon_core.event_handler.log_command:Invoked command in '/home/pi/ros2_case_study/build/vesc_msgs' returned '0': CMAKE_PREFIX_PATH=${CMAKE_PREFIX_PATH}:/home/pi/ros2_case_study/install/drive:/home/pi/ros2_ws/install/drive:/opt/ros/kilted DEBUGINFOD_URLS=https://debuginfod.ubuntu.com /usr/bin/cmake --install /home/pi/ros2_case_study/build/vesc_msgs
[1.396s] Level 1:colcon.colcon_core.environment:checking '/home/pi/ros2_case_study/install/vesc_msgs' for CMake module files
[1.397s] Level 1:colcon.colcon_core.environment:checking '/home/pi/ros2_case_study/install/vesc_msgs' for CMake config files
[1.397s] Level 1:colcon.colcon_core.shell:create_environment_hook('vesc_msgs', 'cmake_prefix_path')
[1.397s] INFO:colcon.colcon_core.shell:Creating environment hook '/home/pi/ros2_case_study/install/vesc_msgs/share/vesc_msgs/hook/cmake_prefix_path.ps1'
[1.398s] INFO:colcon.colcon_core.shell:Creating environment descriptor '/home/pi/ros2_case_study/install/vesc_msgs/share/vesc_msgs/hook/cmake_prefix_path.dsv'
[1.399s] INFO:colcon.colcon_core.shell:Creating environment hook '/home/pi/ros2_case_study/install/vesc_msgs/share/vesc_msgs/hook/cmake_prefix_path.sh'
[1.400s] Level 1:colcon.colcon_core.environment:checking '/home/pi/ros2_case_study/install/vesc_msgs/lib'
[1.401s] Level 1:colcon.colcon_core.shell:create_environment_hook('vesc_msgs', 'ld_library_path_lib')
[1.401s] INFO:colcon.colcon_core.shell:Creating environment hook '/home/pi/ros2_case_study/install/vesc_msgs/share/vesc_msgs/hook/ld_library_path_lib.ps1'
[1.401s] INFO:colcon.colcon_core.shell:Creating environment descriptor '/home/pi/ros2_case_study/install/vesc_msgs/share/vesc_msgs/hook/ld_library_path_lib.dsv'
[1.403s] INFO:colcon.colcon_core.shell:Creating environment hook '/home/pi/ros2_case_study/install/vesc_msgs/share/vesc_msgs/hook/ld_library_path_lib.sh'
[1.404s] Level 1:colcon.colcon_core.environment:checking '/home/pi/ros2_case_study/install/vesc_msgs/bin'
[1.404s] Level 1:colcon.colcon_core.environment:checking '/home/pi/ros2_case_study/install/vesc_msgs/lib/pkgconfig/vesc_msgs.pc'
[1.405s] Level 1:colcon.colcon_core.environment:checking '/home/pi/ros2_case_study/install/vesc_msgs/lib/python3.12/site-packages'
[1.405s] Level 1:colcon.colcon_core.shell:create_environment_hook('vesc_msgs', 'pythonpath')
[1.405s] INFO:colcon.colcon_core.shell:Creating environment hook '/home/pi/ros2_case_study/install/vesc_msgs/share/vesc_msgs/hook/pythonpath.ps1'
[1.405s] INFO:colcon.colcon_core.shell:Creating environment descriptor '/home/pi/ros2_case_study/install/vesc_msgs/share/vesc_msgs/hook/pythonpath.dsv'
[1.407s] INFO:colcon.colcon_core.shell:Creating environment hook '/home/pi/ros2_case_study/install/vesc_msgs/share/vesc_msgs/hook/pythonpath.sh'
[1.409s] Level 1:colcon.colcon_core.environment:checking '/home/pi/ros2_case_study/install/vesc_msgs/bin'
[1.409s] INFO:colcon.colcon_core.shell:Creating package script '/home/pi/ros2_case_study/install/vesc_msgs/share/vesc_msgs/package.ps1'
[1.410s] INFO:colcon.colcon_core.shell:Creating package descriptor '/home/pi/ros2_case_study/install/vesc_msgs/share/vesc_msgs/package.dsv'
[1.412s] INFO:colcon.colcon_core.shell:Creating package script '/home/pi/ros2_case_study/install/vesc_msgs/share/vesc_msgs/package.sh'
[1.413s] INFO:colcon.colcon_core.shell:Creating package script '/home/pi/ros2_case_study/install/vesc_msgs/share/vesc_msgs/package.bash'
[1.414s] INFO:colcon.colcon_core.shell:Creating package script '/home/pi/ros2_case_study/install/vesc_msgs/share/vesc_msgs/package.zsh'
[1.416s] Level 1:colcon.colcon_core.environment:create_file_with_runtime_dependencies(/home/pi/ros2_case_study/install/vesc_msgs/share/colcon-core/packages/vesc_msgs)
[1.417s] Level 1:colcon.colcon_core.environment:create_environment_scripts_only(vesc_msgs)
[1.418s] Level 1:colcon.colcon_core.environment:checking '/home/pi/ros2_case_study/install/vesc_msgs' for CMake module files
[1.419s] Level 1:colcon.colcon_core.environment:checking '/home/pi/ros2_case_study/install/vesc_msgs' for CMake config files
[1.419s] Level 1:colcon.colcon_core.shell:create_environment_hook('vesc_msgs', 'cmake_prefix_path')
[1.419s] INFO:colcon.colcon_core.shell:Creating environment hook '/home/pi/ros2_case_study/install/vesc_msgs/share/vesc_msgs/hook/cmake_prefix_path.ps1'
[1.420s] INFO:colcon.colcon_core.shell:Creating environment descriptor '/home/pi/ros2_case_study/install/vesc_msgs/share/vesc_msgs/hook/cmake_prefix_path.dsv'
[1.421s] INFO:colcon.colcon_core.shell:Creating environment hook '/home/pi/ros2_case_study/install/vesc_msgs/share/vesc_msgs/hook/cmake_prefix_path.sh'
[1.423s] Level 1:colcon.colcon_core.environment:checking '/home/pi/ros2_case_study/install/vesc_msgs/lib'
[1.423s] Level 1:colcon.colcon_core.shell:create_environment_hook('vesc_msgs', 'ld_library_path_lib')
[1.423s] INFO:colcon.colcon_core.shell:Creating environment hook '/home/pi/ros2_case_study/install/vesc_msgs/share/vesc_msgs/hook/ld_library_path_lib.ps1'
[1.424s] INFO:colcon.colcon_core.shell:Creating environment descriptor '/home/pi/ros2_case_study/install/vesc_msgs/share/vesc_msgs/hook/ld_library_path_lib.dsv'
[1.425s] INFO:colcon.colcon_core.shell:Creating environment hook '/home/pi/ros2_case_study/install/vesc_msgs/share/vesc_msgs/hook/ld_library_path_lib.sh'
[1.426s] Level 1:colcon.colcon_core.environment:checking '/home/pi/ros2_case_study/install/vesc_msgs/bin'
[1.426s] Level 1:colcon.colcon_core.environment:checking '/home/pi/ros2_case_study/install/vesc_msgs/lib/pkgconfig/vesc_msgs.pc'
[1.427s] Level 1:colcon.colcon_core.environment:checking '/home/pi/ros2_case_study/install/vesc_msgs/lib/python3.12/site-packages'
[1.427s] Level 1:colcon.colcon_core.shell:create_environment_hook('vesc_msgs', 'pythonpath')
[1.427s] INFO:colcon.colcon_core.shell:Creating environment hook '/home/pi/ros2_case_study/install/vesc_msgs/share/vesc_msgs/hook/pythonpath.ps1'
[1.428s] INFO:colcon.colcon_core.shell:Creating environment descriptor '/home/pi/ros2_case_study/install/vesc_msgs/share/vesc_msgs/hook/pythonpath.dsv'
[1.429s] INFO:colcon.colcon_core.shell:Creating environment hook '/home/pi/ros2_case_study/install/vesc_msgs/share/vesc_msgs/hook/pythonpath.sh'
[1.431s] Level 1:colcon.colcon_core.environment:checking '/home/pi/ros2_case_study/install/vesc_msgs/bin'
[1.432s] INFO:colcon.colcon_core.shell:Creating package script '/home/pi/ros2_case_study/install/vesc_msgs/share/vesc_msgs/package.ps1'
[1.432s] INFO:colcon.colcon_core.shell:Creating package descriptor '/home/pi/ros2_case_study/install/vesc_msgs/share/vesc_msgs/package.dsv'
[1.435s] INFO:colcon.colcon_core.shell:Creating package script '/home/pi/ros2_case_study/install/vesc_msgs/share/vesc_msgs/package.sh'
[1.436s] INFO:colcon.colcon_core.shell:Creating package script '/home/pi/ros2_case_study/install/vesc_msgs/share/vesc_msgs/package.bash'
[1.438s] INFO:colcon.colcon_core.shell:Creating package script '/home/pi/ros2_case_study/install/vesc_msgs/share/vesc_msgs/package.zsh'
[1.439s] Level 1:colcon.colcon_core.environment:create_file_with_runtime_dependencies(/home/pi/ros2_case_study/install/vesc_msgs/share/colcon-core/packages/vesc_msgs)
[1.442s] INFO:colcon.colcon_ros.task.ament_cmake.build:Building ROS package in '/home/pi/ros2_case_study/src/vesc/vesc_driver' with build type 'ament_cmake'
[1.442s] INFO:colcon.colcon_cmake.task.cmake.build:Building CMake package in '/home/pi/ros2_case_study/src/vesc/vesc_driver'
[1.443s] INFO:colcon.colcon_core.shell:Skip shell extension 'powershell' for command environment: Not usable outside of PowerShell
[1.443s] DEBUG:colcon.colcon_core.shell:Skip shell extension 'dsv' for command environment
[1.471s] DEBUG:colcon.colcon_core.event_handler.log_command:Invoking command in '/home/pi/ros2_case_study/build/vesc_driver': CMAKE_PREFIX_PATH=/home/pi/ros2_case_study/install/vesc_msgs:/home/pi/ros2_case_study/install/vesc:/home/pi/ros2_case_study/install/vesc_driver:/home/pi/ros2_ws/install/vesc:/home/pi/ros2_ws/install/vesc_driver:/home/pi/ros2_ws/install/vesc_msgs:/opt/ros/kilted/opt/sdformat_vendor:/opt/ros/kilted/opt/gz_math_vendor:/opt/ros/kilted/opt/gz_utils_vendor:/opt/ros/kilted/opt/gz_tools_vendor:/opt/ros/kilted/opt/gz_cmake_vendor:/home/pi/ros2_case_study/install/drive:/home/pi/ros2_ws/install/drive:/opt/ros/kilted DEBUGINFOD_URLS=https://debuginfod.ubuntu.com LD_LIBRARY_PATH=/home/pi/ros2_case_study/install/vesc_msgs/lib:/home/pi/ros2_case_study/install/vesc_driver/lib:/home/pi/ros2_ws/install/vesc_driver/lib:/home/pi/ros2_ws/install/vesc_msgs/lib:/opt/ros/kilted/opt/zenoh_cpp_vendor/lib:/opt/ros/kilted/opt/sdformat_vendor/lib:/opt/ros/kilted/opt/gz_math_vendor/lib:/opt/ros/kilted/opt/gz_utils_vendor/lib:/opt/ros/kilted/opt/rviz_ogre_vendor/lib:/opt/ros/kilted/lib/aarch64-linux-gnu:/opt/ros/kilted/opt/gz_tools_vendor/lib:/opt/ros/kilted/opt/gz_cmake_vendor/lib:/opt/ros/kilted/lib /usr/bin/cmake --build /home/pi/ros2_case_study/build/vesc_driver -- -j4 -l4
[1.675s] DEBUG:colcon.colcon_core.event_handler.log_command:Invoked command in '/home/pi/ros2_case_study/build/vesc_driver' returned '0': CMAKE_PREFIX_PATH=/home/pi/ros2_case_study/install/vesc_msgs:/home/pi/ros2_case_study/install/vesc:/home/pi/ros2_case_study/install/vesc_driver:/home/pi/ros2_ws/install/vesc:/home/pi/ros2_ws/install/vesc_driver:/home/pi/ros2_ws/install/vesc_msgs:/opt/ros/kilted/opt/sdformat_vendor:/opt/ros/kilted/opt/gz_math_vendor:/opt/ros/kilted/opt/gz_utils_vendor:/opt/ros/kilted/opt/gz_tools_vendor:/opt/ros/kilted/opt/gz_cmake_vendor:/home/pi/ros2_case_study/install/drive:/home/pi/ros2_ws/install/drive:/opt/ros/kilted DEBUGINFOD_URLS=https://debuginfod.ubuntu.com LD_LIBRARY_PATH=/home/pi/ros2_case_study/install/vesc_msgs/lib:/home/pi/ros2_case_study/install/vesc_driver/lib:/home/pi/ros2_ws/install/vesc_driver/lib:/home/pi/ros2_ws/install/vesc_msgs/lib:/opt/ros/kilted/opt/zenoh_cpp_vendor/lib:/opt/ros/kilted/opt/sdformat_vendor/lib:/opt/ros/kilted/opt/gz_math_vendor/lib:/opt/ros/kilted/opt/gz_utils_vendor/lib:/opt/ros/kilted/opt/rviz_ogre_vendor/lib:/opt/ros/kilted/lib/aarch64-linux-gnu:/opt/ros/kilted/opt/gz_tools_vendor/lib:/opt/ros/kilted/opt/gz_cmake_vendor/lib:/opt/ros/kilted/lib /usr/bin/cmake --build /home/pi/ros2_case_study/build/vesc_driver -- -j4 -l4
[1.679s] DEBUG:colcon.colcon_core.event_handler.log_command:Invoking command in '/home/pi/ros2_case_study/build/vesc_driver': CMAKE_PREFIX_PATH=/home/pi/ros2_case_study/install/vesc_msgs:/home/pi/ros2_case_study/install/vesc:/home/pi/ros2_case_study/install/vesc_driver:/home/pi/ros2_ws/install/vesc:/home/pi/ros2_ws/install/vesc_driver:/home/pi/ros2_ws/install/vesc_msgs:/opt/ros/kilted/opt/sdformat_vendor:/opt/ros/kilted/opt/gz_math_vendor:/opt/ros/kilted/opt/gz_utils_vendor:/opt/ros/kilted/opt/gz_tools_vendor:/opt/ros/kilted/opt/gz_cmake_vendor:/home/pi/ros2_case_study/install/drive:/home/pi/ros2_ws/install/drive:/opt/ros/kilted DEBUGINFOD_URLS=https://debuginfod.ubuntu.com LD_LIBRARY_PATH=/home/pi/ros2_case_study/install/vesc_msgs/lib:/home/pi/ros2_case_study/install/vesc_driver/lib:/home/pi/ros2_ws/install/vesc_driver/lib:/home/pi/ros2_ws/install/vesc_msgs/lib:/opt/ros/kilted/opt/zenoh_cpp_vendor/lib:/opt/ros/kilted/opt/sdformat_vendor/lib:/opt/ros/kilted/opt/gz_math_vendor/lib:/opt/ros/kilted/opt/gz_utils_vendor/lib:/opt/ros/kilted/opt/rviz_ogre_vendor/lib:/opt/ros/kilted/lib/aarch64-linux-gnu:/opt/ros/kilted/opt/gz_tools_vendor/lib:/opt/ros/kilted/opt/gz_cmake_vendor/lib:/opt/ros/kilted/lib /usr/bin/cmake --install /home/pi/ros2_case_study/build/vesc_driver
[1.702s] Level 1:colcon.colcon_core.environment:create_environment_scripts_only(vesc_driver)
[1.702s] Level 1:colcon.colcon_core.environment:checking '/home/pi/ros2_case_study/install/vesc_driver' for CMake module files
[1.703s] DEBUG:colcon.colcon_core.event_handler.log_command:Invoked command in '/home/pi/ros2_case_study/build/vesc_driver' returned '0': CMAKE_PREFIX_PATH=/home/pi/ros2_case_study/install/vesc_msgs:/home/pi/ros2_case_study/install/vesc:/home/pi/ros2_case_study/install/vesc_driver:/home/pi/ros2_ws/install/vesc:/home/pi/ros2_ws/install/vesc_driver:/home/pi/ros2_ws/install/vesc_msgs:/opt/ros/kilted/opt/sdformat_vendor:/opt/ros/kilted/opt/gz_math_vendor:/opt/ros/kilted/opt/gz_utils_vendor:/opt/ros/kilted/opt/gz_tools_vendor:/opt/ros/kilted/opt/gz_cmake_vendor:/home/pi/ros2_case_study/install/drive:/home/pi/ros2_ws/install/drive:/opt/ros/kilted DEBUGINFOD_URLS=https://debuginfod.ubuntu.com LD_LIBRARY_PATH=/home/pi/ros2_case_study/install/vesc_msgs/lib:/home/pi/ros2_case_study/install/vesc_driver/lib:/home/pi/ros2_ws/install/vesc_driver/lib:/home/pi/ros2_ws/install/vesc_msgs/lib:/opt/ros/kilted/opt/zenoh_cpp_vendor/lib:/opt/ros/kilted/opt/sdformat_vendor/lib:/opt/ros/kilted/opt/gz_math_vendor/lib:/opt/ros/kilted/opt/gz_utils_vendor/lib:/opt/ros/kilted/opt/rviz_ogre_vendor/lib:/opt/ros/kilted/lib/aarch64-linux-gnu:/opt/ros/kilted/opt/gz_tools_vendor/lib:/opt/ros/kilted/opt/gz_cmake_vendor/lib:/opt/ros/kilted/lib /usr/bin/cmake --install /home/pi/ros2_case_study/build/vesc_driver
[1.703s] Level 1:colcon.colcon_core.environment:checking '/home/pi/ros2_case_study/install/vesc_driver' for CMake config files
[1.704s] Level 1:colcon.colcon_core.shell:create_environment_hook('vesc_driver', 'cmake_prefix_path')
[1.704s] INFO:colcon.colcon_core.shell:Creating environment hook '/home/pi/ros2_case_study/install/vesc_driver/share/vesc_driver/hook/cmake_prefix_path.ps1'
[1.705s] INFO:colcon.colcon_core.shell:Creating environment descriptor '/home/pi/ros2_case_study/install/vesc_driver/share/vesc_driver/hook/cmake_prefix_path.dsv'
[1.706s] INFO:colcon.colcon_core.shell:Creating environment hook '/home/pi/ros2_case_study/install/vesc_driver/share/vesc_driver/hook/cmake_prefix_path.sh'
[1.707s] Level 1:colcon.colcon_core.environment:checking '/home/pi/ros2_case_study/install/vesc_driver/lib'
[1.707s] Level 1:colcon.colcon_core.shell:create_environment_hook('vesc_driver', 'ld_library_path_lib')
[1.707s] INFO:colcon.colcon_core.shell:Creating environment hook '/home/pi/ros2_case_study/install/vesc_driver/share/vesc_driver/hook/ld_library_path_lib.ps1'
[1.708s] INFO:colcon.colcon_core.shell:Creating environment descriptor '/home/pi/ros2_case_study/install/vesc_driver/share/vesc_driver/hook/ld_library_path_lib.dsv'
[1.708s] INFO:colcon.colcon_core.shell:Creating environment hook '/home/pi/ros2_case_study/install/vesc_driver/share/vesc_driver/hook/ld_library_path_lib.sh'
[1.710s] Level 1:colcon.colcon_core.environment:checking '/home/pi/ros2_case_study/install/vesc_driver/bin'
[1.710s] Level 1:colcon.colcon_core.environment:checking '/home/pi/ros2_case_study/install/vesc_driver/lib/pkgconfig/vesc_driver.pc'
[1.710s] Level 1:colcon.colcon_core.environment:checking '/home/pi/ros2_case_study/install/vesc_driver/lib/python3.12/site-packages'
[1.711s] Level 1:colcon.colcon_core.environment:checking '/home/pi/ros2_case_study/install/vesc_driver/bin'
[1.711s] INFO:colcon.colcon_core.shell:Creating package script '/home/pi/ros2_case_study/install/vesc_driver/share/vesc_driver/package.ps1'
[1.712s] INFO:colcon.colcon_core.shell:Creating package descriptor '/home/pi/ros2_case_study/install/vesc_driver/share/vesc_driver/package.dsv'
[1.713s] INFO:colcon.colcon_core.shell:Creating package script '/home/pi/ros2_case_study/install/vesc_driver/share/vesc_driver/package.sh'
[1.714s] INFO:colcon.colcon_core.shell:Creating package script '/home/pi/ros2_case_study/install/vesc_driver/share/vesc_driver/package.bash'
[1.716s] INFO:colcon.colcon_core.shell:Creating package script '/home/pi/ros2_case_study/install/vesc_driver/share/vesc_driver/package.zsh'
[1.717s] Level 1:colcon.colcon_core.environment:create_file_with_runtime_dependencies(/home/pi/ros2_case_study/install/vesc_driver/share/colcon-core/packages/vesc_driver)
[1.719s] Level 1:colcon.colcon_core.environment:create_environment_scripts_only(vesc_driver)
[1.720s] Level 1:colcon.colcon_core.environment:checking '/home/pi/ros2_case_study/install/vesc_driver' for CMake module files
[1.721s] Level 1:colcon.colcon_core.environment:checking '/home/pi/ros2_case_study/install/vesc_driver' for CMake config files
[1.721s] Level 1:colcon.colcon_core.shell:create_environment_hook('vesc_driver', 'cmake_prefix_path')
[1.721s] INFO:colcon.colcon_core.shell:Creating environment hook '/home/pi/ros2_case_study/install/vesc_driver/share/vesc_driver/hook/cmake_prefix_path.ps1'
[1.722s] INFO:colcon.colcon_core.shell:Creating environment descriptor '/home/pi/ros2_case_study/install/vesc_driver/share/vesc_driver/hook/cmake_prefix_path.dsv'
[1.723s] INFO:colcon.colcon_core.shell:Creating environment hook '/home/pi/ros2_case_study/install/vesc_driver/share/vesc_driver/hook/cmake_prefix_path.sh'
[1.725s] Level 1:colcon.colcon_core.environment:checking '/home/pi/ros2_case_study/install/vesc_driver/lib'
[1.725s] Level 1:colcon.colcon_core.shell:create_environment_hook('vesc_driver', 'ld_library_path_lib')
[1.725s] INFO:colcon.colcon_core.shell:Creating environment hook '/home/pi/ros2_case_study/install/vesc_driver/share/vesc_driver/hook/ld_library_path_lib.ps1'
[1.726s] INFO:colcon.colcon_core.shell:Creating environment descriptor '/home/pi/ros2_case_study/install/vesc_driver/share/vesc_driver/hook/ld_library_path_lib.dsv'
[1.727s] INFO:colcon.colcon_core.shell:Creating environment hook '/home/pi/ros2_case_study/install/vesc_driver/share/vesc_driver/hook/ld_library_path_lib.sh'
[1.729s] Level 1:colcon.colcon_core.environment:checking '/home/pi/ros2_case_study/install/vesc_driver/bin'
[1.729s] Level 1:colcon.colcon_core.environment:checking '/home/pi/ros2_case_study/install/vesc_driver/lib/pkgconfig/vesc_driver.pc'
[1.729s] Level 1:colcon.colcon_core.environment:checking '/home/pi/ros2_case_study/install/vesc_driver/lib/python3.12/site-packages'
[1.729s] Level 1:colcon.colcon_core.environment:checking '/home/pi/ros2_case_study/install/vesc_driver/bin'
[1.730s] INFO:colcon.colcon_core.shell:Creating package script '/home/pi/ros2_case_study/install/vesc_driver/share/vesc_driver/package.ps1'
[1.731s] INFO:colcon.colcon_core.shell:Creating package descriptor '/home/pi/ros2_case_study/install/vesc_driver/share/vesc_driver/package.dsv'
[1.732s] INFO:colcon.colcon_core.shell:Creating package script '/home/pi/ros2_case_study/install/vesc_driver/share/vesc_driver/package.sh'
[1.733s] INFO:colcon.colcon_core.shell:Creating package script '/home/pi/ros2_case_study/install/vesc_driver/share/vesc_driver/package.bash'
[1.735s] INFO:colcon.colcon_core.shell:Creating package script '/home/pi/ros2_case_study/install/vesc_driver/share/vesc_driver/package.zsh'
[1.736s] Level 1:colcon.colcon_core.environment:create_file_with_runtime_dependencies(/home/pi/ros2_case_study/install/vesc_driver/share/colcon-core/packages/vesc_driver)
[1.737s] INFO:colcon.colcon_ros.task.ament_cmake.build:Building ROS package in '/home/pi/ros2_case_study/src/vesc/vesc' with build type 'ament_cmake'
[1.738s] INFO:colcon.colcon_cmake.task.cmake.build:Building CMake package in '/home/pi/ros2_case_study/src/vesc/vesc'
[1.738s] INFO:colcon.colcon_core.shell:Skip shell extension 'powershell' for command environment: Not usable outside of PowerShell
[1.738s] DEBUG:colcon.colcon_core.shell:Skip shell extension 'dsv' for command environment
[1.770s] DEBUG:colcon.colcon_core.event_handler.log_command:Invoking command in '/home/pi/ros2_case_study/build/vesc': CMAKE_PREFIX_PATH=/home/pi/ros2_case_study/install/vesc_driver:/home/pi/ros2_case_study/install/vesc_msgs:/home/pi/ros2_case_study/install/vesc:/home/pi/ros2_ws/install/vesc:/home/pi/ros2_ws/install/vesc_driver:/home/pi/ros2_ws/install/vesc_msgs:/opt/ros/kilted/opt/sdformat_vendor:/opt/ros/kilted/opt/gz_math_vendor:/opt/ros/kilted/opt/gz_utils_vendor:/opt/ros/kilted/opt/gz_tools_vendor:/opt/ros/kilted/opt/gz_cmake_vendor:/home/pi/ros2_case_study/install/drive:/home/pi/ros2_ws/install/drive:/opt/ros/kilted DEBUGINFOD_URLS=https://debuginfod.ubuntu.com /usr/bin/cmake --build /home/pi/ros2_case_study/build/vesc -- -j4 -l4
[1.856s] DEBUG:colcon.colcon_core.event_handler.log_command:Invoked command in '/home/pi/ros2_case_study/build/vesc' returned '0': CMAKE_PREFIX_PATH=/home/pi/ros2_case_study/install/vesc_driver:/home/pi/ros2_case_study/install/vesc_msgs:/home/pi/ros2_case_study/install/vesc:/home/pi/ros2_ws/install/vesc:/home/pi/ros2_ws/install/vesc_driver:/home/pi/ros2_ws/install/vesc_msgs:/opt/ros/kilted/opt/sdformat_vendor:/opt/ros/kilted/opt/gz_math_vendor:/opt/ros/kilted/opt/gz_utils_vendor:/opt/ros/kilted/opt/gz_tools_vendor:/opt/ros/kilted/opt/gz_cmake_vendor:/home/pi/ros2_case_study/install/drive:/home/pi/ros2_ws/install/drive:/opt/ros/kilted DEBUGINFOD_URLS=https://debuginfod.ubuntu.com /usr/bin/cmake --build /home/pi/ros2_case_study/build/vesc -- -j4 -l4
[1.858s] DEBUG:colcon.colcon_core.event_handler.log_command:Invoking command in '/home/pi/ros2_case_study/build/vesc': CMAKE_PREFIX_PATH=/home/pi/ros2_case_study/install/vesc_driver:/home/pi/ros2_case_study/install/vesc_msgs:/home/pi/ros2_case_study/install/vesc:/home/pi/ros2_ws/install/vesc:/home/pi/ros2_ws/install/vesc_driver:/home/pi/ros2_ws/install/vesc_msgs:/opt/ros/kilted/opt/sdformat_vendor:/opt/ros/kilted/opt/gz_math_vendor:/opt/ros/kilted/opt/gz_utils_vendor:/opt/ros/kilted/opt/gz_tools_vendor:/opt/ros/kilted/opt/gz_cmake_vendor:/home/pi/ros2_case_study/install/drive:/home/pi/ros2_ws/install/drive:/opt/ros/kilted DEBUGINFOD_URLS=https://debuginfod.ubuntu.com /usr/bin/cmake --install /home/pi/ros2_case_study/build/vesc
[1.885s] Level 1:colcon.colcon_core.environment:create_environment_scripts_only(vesc)
[1.885s] Level 1:colcon.colcon_core.environment:checking '/home/pi/ros2_case_study/install/vesc' for CMake module files
[1.886s] DEBUG:colcon.colcon_core.event_handler.log_command:Invoked command in '/home/pi/ros2_case_study/build/vesc' returned '0': CMAKE_PREFIX_PATH=/home/pi/ros2_case_study/install/vesc_driver:/home/pi/ros2_case_study/install/vesc_msgs:/home/pi/ros2_case_study/install/vesc:/home/pi/ros2_ws/install/vesc:/home/pi/ros2_ws/install/vesc_driver:/home/pi/ros2_ws/install/vesc_msgs:/opt/ros/kilted/opt/sdformat_vendor:/opt/ros/kilted/opt/gz_math_vendor:/opt/ros/kilted/opt/gz_utils_vendor:/opt/ros/kilted/opt/gz_tools_vendor:/opt/ros/kilted/opt/gz_cmake_vendor:/home/pi/ros2_case_study/install/drive:/home/pi/ros2_ws/install/drive:/opt/ros/kilted DEBUGINFOD_URLS=https://debuginfod.ubuntu.com /usr/bin/cmake --install /home/pi/ros2_case_study/build/vesc
[1.886s] Level 1:colcon.colcon_core.environment:checking '/home/pi/ros2_case_study/install/vesc' for CMake config files
[1.887s] Level 1:colcon.colcon_core.shell:create_environment_hook('vesc', 'cmake_prefix_path')
[1.887s] INFO:colcon.colcon_core.shell:Creating environment hook '/home/pi/ros2_case_study/install/vesc/share/vesc/hook/cmake_prefix_path.ps1'
[1.888s] INFO:colcon.colcon_core.shell:Creating environment descriptor '/home/pi/ros2_case_study/install/vesc/share/vesc/hook/cmake_prefix_path.dsv'
[1.890s] INFO:colcon.colcon_core.shell:Creating environment hook '/home/pi/ros2_case_study/install/vesc/share/vesc/hook/cmake_prefix_path.sh'
[1.891s] Level 1:colcon.colcon_core.environment:checking '/home/pi/ros2_case_study/install/vesc/bin'
[1.891s] Level 1:colcon.colcon_core.environment:checking '/home/pi/ros2_case_study/install/vesc/lib/pkgconfig/vesc.pc'
[1.892s] Level 1:colcon.colcon_core.environment:checking '/home/pi/ros2_case_study/install/vesc/lib/python3.12/site-packages'
[1.892s] Level 1:colcon.colcon_core.environment:checking '/home/pi/ros2_case_study/install/vesc/bin'
[1.893s] INFO:colcon.colcon_core.shell:Creating package script '/home/pi/ros2_case_study/install/vesc/share/vesc/package.ps1'
[1.894s] INFO:colcon.colcon_core.shell:Creating package descriptor '/home/pi/ros2_case_study/install/vesc/share/vesc/package.dsv'
[1.895s] INFO:colcon.colcon_core.shell:Creating package script '/home/pi/ros2_case_study/install/vesc/share/vesc/package.sh'
[1.898s] INFO:colcon.colcon_core.shell:Creating package script '/home/pi/ros2_case_study/install/vesc/share/vesc/package.bash'
[1.899s] INFO:colcon.colcon_core.shell:Creating package script '/home/pi/ros2_case_study/install/vesc/share/vesc/package.zsh'
[1.901s] Level 1:colcon.colcon_core.environment:create_file_with_runtime_dependencies(/home/pi/ros2_case_study/install/vesc/share/colcon-core/packages/vesc)
[1.903s] Level 1:colcon.colcon_core.environment:create_environment_scripts_only(vesc)
[1.903s] Level 1:colcon.colcon_core.environment:checking '/home/pi/ros2_case_study/install/vesc' for CMake module files
[1.904s] Level 1:colcon.colcon_core.environment:checking '/home/pi/ros2_case_study/install/vesc' for CMake config files
[1.904s] Level 1:colcon.colcon_core.shell:create_environment_hook('vesc', 'cmake_prefix_path')
[1.904s] INFO:colcon.colcon_core.shell:Creating environment hook '/home/pi/ros2_case_study/install/vesc/share/vesc/hook/cmake_prefix_path.ps1'
[1.905s] INFO:colcon.colcon_core.shell:Creating environment descriptor '/home/pi/ros2_case_study/install/vesc/share/vesc/hook/cmake_prefix_path.dsv'
[1.906s] INFO:colcon.colcon_core.shell:Creating environment hook '/home/pi/ros2_case_study/install/vesc/share/vesc/hook/cmake_prefix_path.sh'
[1.908s] Level 1:colcon.colcon_core.environment:checking '/home/pi/ros2_case_study/install/vesc/bin'
[1.908s] Level 1:colcon.colcon_core.environment:checking '/home/pi/ros2_case_study/install/vesc/lib/pkgconfig/vesc.pc'
[1.908s] Level 1:colcon.colcon_core.environment:checking '/home/pi/ros2_case_study/install/vesc/lib/python3.12/site-packages'
[1.909s] Level 1:colcon.colcon_core.environment:checking '/home/pi/ros2_case_study/install/vesc/bin'
[1.909s] INFO:colcon.colcon_core.shell:Creating package script '/home/pi/ros2_case_study/install/vesc/share/vesc/package.ps1'
[1.910s] INFO:colcon.colcon_core.shell:Creating package descriptor '/home/pi/ros2_case_study/install/vesc/share/vesc/package.dsv'
[1.913s] INFO:colcon.colcon_core.shell:Creating package script '/home/pi/ros2_case_study/install/vesc/share/vesc/package.sh'
[1.914s] INFO:colcon.colcon_core.shell:Creating package script '/home/pi/ros2_case_study/install/vesc/share/vesc/package.bash'
[1.915s] INFO:colcon.colcon_core.shell:Creating package script '/home/pi/ros2_case_study/install/vesc/share/vesc/package.zsh'
[1.917s] Level 1:colcon.colcon_core.environment:create_file_with_runtime_dependencies(/home/pi/ros2_case_study/install/vesc/share/colcon-core/packages/vesc)
[1.936s] DEBUG:colcon.colcon_core.event_handler.log_command:Invoking command in '/home/pi/ros2_case_study/src/drive': DEBUGINFOD_URLS=https://debuginfod.ubuntu.com PYTHONPATH=/home/pi/ros2_case_study/build/drive/prefix_override:/usr/lib/python3/dist-packages/colcon_core/task/python/colcon_distutils_commands:/home/pi/ros2_case_study/install/drive/lib/python3.12/site-packages:${PYTHONPATH} /usr/bin/python3 -W ignore:setup.py install is deprecated -W ignore:easy_install command is deprecated setup.py egg_info --egg-base ../../build/drive build --build-base /home/pi/ros2_case_study/build/drive/build install --record /home/pi/ros2_case_study/build/drive/install.log --single-version-externally-managed install_data
[2.756s] Level 1:colcon.colcon_core.environment:checking '/home/pi/ros2_case_study/install/drive' for CMake module files
[2.757s] DEBUG:colcon.colcon_core.event_handler.log_command:Invoked command in '/home/pi/ros2_case_study/src/drive' returned '0': DEBUGINFOD_URLS=https://debuginfod.ubuntu.com PYTHONPATH=/home/pi/ros2_case_study/build/drive/prefix_override:/usr/lib/python3/dist-packages/colcon_core/task/python/colcon_distutils_commands:/home/pi/ros2_case_study/install/drive/lib/python3.12/site-packages:${PYTHONPATH} /usr/bin/python3 -W ignore:setup.py install is deprecated -W ignore:easy_install command is deprecated setup.py egg_info --egg-base ../../build/drive build --build-base /home/pi/ros2_case_study/build/drive/build install --record /home/pi/ros2_case_study/build/drive/install.log --single-version-externally-managed install_data
[2.757s] Level 1:colcon.colcon_core.environment:checking '/home/pi/ros2_case_study/install/drive' for CMake config files
[2.758s] Level 1:colcon.colcon_core.environment:checking '/home/pi/ros2_case_study/install/drive/lib'
[2.758s] Level 1:colcon.colcon_core.environment:checking '/home/pi/ros2_case_study/install/drive/bin'
[2.758s] Level 1:colcon.colcon_core.environment:checking '/home/pi/ros2_case_study/install/drive/lib/pkgconfig/drive.pc'
[2.758s] Level 1:colcon.colcon_core.environment:checking '/home/pi/ros2_case_study/install/drive/lib/python3.12/site-packages'
[2.758s] Level 1:colcon.colcon_core.shell:create_environment_hook('drive', 'pythonpath')
[2.758s] INFO:colcon.colcon_core.shell:Creating environment hook '/home/pi/ros2_case_study/install/drive/share/drive/hook/pythonpath.ps1'
[2.759s] INFO:colcon.colcon_core.shell:Creating environment descriptor '/home/pi/ros2_case_study/install/drive/share/drive/hook/pythonpath.dsv'
[2.761s] INFO:colcon.colcon_core.shell:Creating environment hook '/home/pi/ros2_case_study/install/drive/share/drive/hook/pythonpath.sh'
[2.763s] Level 1:colcon.colcon_core.environment:checking '/home/pi/ros2_case_study/install/drive/bin'
[2.763s] Level 1:colcon.colcon_core.environment:create_environment_scripts_only(drive)
[2.763s] INFO:colcon.colcon_core.shell:Creating package script '/home/pi/ros2_case_study/install/drive/share/drive/package.ps1'
[2.764s] INFO:colcon.colcon_core.shell:Creating package descriptor '/home/pi/ros2_case_study/install/drive/share/drive/package.dsv'
[2.765s] INFO:colcon.colcon_core.shell:Creating package script '/home/pi/ros2_case_study/install/drive/share/drive/package.sh'
[2.766s] INFO:colcon.colcon_core.shell:Creating package script '/home/pi/ros2_case_study/install/drive/share/drive/package.bash'
[2.768s] INFO:colcon.colcon_core.shell:Creating package script '/home/pi/ros2_case_study/install/drive/share/drive/package.zsh'
[2.769s] Level 1:colcon.colcon_core.environment:create_file_with_runtime_dependencies(/home/pi/ros2_case_study/install/drive/share/colcon-core/packages/drive)
[2.771s] DEBUG:colcon.colcon_parallel_executor.executor.parallel:closing loop
[2.771s] DEBUG:colcon.colcon_parallel_executor.executor.parallel:loop closed
[2.771s] DEBUG:colcon.colcon_parallel_executor.executor.parallel:run_until_complete finished with '0'
[2.771s] DEBUG:colcon.colcon_core.event_reactor:joining thread
[2.788s] INFO:colcon.colcon_core.plugin_system:Skipping extension 'colcon_notification.desktop_notification.terminal_notifier': Not used on non-Darwin systems
[2.788s] INFO:colcon.colcon_core.plugin_system:Skipping extension 'colcon_notification.desktop_notification.win32': Not used on non-Windows systems
[2.788s] INFO:colcon.colcon_notification.desktop_notification:Sending desktop notification using 'notify2'
[2.812s] DEBUG:colcon.colcon_core.event_reactor:joined thread
[2.813s] INFO:colcon.colcon_core.shell:Creating prefix script '/home/pi/ros2_case_study/install/local_setup.ps1'
[2.814s] INFO:colcon.colcon_core.shell:Creating prefix util module '/home/pi/ros2_case_study/install/_local_setup_util_ps1.py'
[2.816s] INFO:colcon.colcon_core.shell:Creating prefix chain script '/home/pi/ros2_case_study/install/setup.ps1'
[2.817s] INFO:colcon.colcon_core.shell:Creating prefix script '/home/pi/ros2_case_study/install/local_setup.sh'
[2.819s] INFO:colcon.colcon_core.shell:Creating prefix util module '/home/pi/ros2_case_study/install/_local_setup_util_sh.py'
[2.820s] INFO:colcon.colcon_core.shell:Creating prefix chain script '/home/pi/ros2_case_study/install/setup.sh'
[2.822s] INFO:colcon.colcon_core.shell:Creating prefix script '/home/pi/ros2_case_study/install/local_setup.bash'
[2.824s] INFO:colcon.colcon_core.shell:Creating prefix chain script '/home/pi/ros2_case_study/install/setup.bash'
[2.825s] INFO:colcon.colcon_core.shell:Creating prefix script '/home/pi/ros2_case_study/install/local_setup.zsh'
[2.827s] INFO:colcon.colcon_core.shell:Creating prefix chain script '/home/pi/ros2_case_study/install/setup.zsh'
