[0.023s] Invoking command in '/home/pi/ros2_case_study/build/vesc_driver': AMENT_PREFIX_PATH=/home/pi/ros2_case_study/install/vesc_msgs:${AMENT_PREFIX_PATH} CMAKE_PREFIX_PATH=/home/pi/ros2_case_study/install/vesc_msgs:/home/pi/ros2_ws/install/vesc:/home/pi/ros2_ws/install/vesc_driver:/home/pi/ros2_ws/install/vesc_msgs:/opt/ros/kilted/opt/sdformat_vendor:/opt/ros/kilted/opt/gz_math_vendor:/opt/ros/kilted/opt/gz_utils_vendor:/opt/ros/kilted/opt/gz_tools_vendor:/opt/ros/kilted/opt/gz_cmake_vendor:/home/pi/ros2_ws/install/drive:/opt/ros/kilted DEBUGINFOD_URLS=https://debuginfod.ubuntu.com LD_LIBRARY_PATH=/home/pi/ros2_case_study/install/vesc_msgs/lib:${LD_LIBRARY_PATH} PYTHONPATH=/home/pi/ros2_case_study/install/vesc_msgs/lib/python3.12/site-packages:${PYTHONPATH} /usr/bin/cmake /home/pi/ros2_case_study/src/vesc/vesc_driver -DCMAKE_INSTALL_PREFIX=/home/pi/ros2_case_study/install/vesc_driver
[0.139s] -- The C compiler identification is GNU 13.3.0
[0.249s] -- The CXX compiler identification is GNU 13.3.0
[0.278s] -- Detecting C compiler ABI info
[0.456s] -- Detecting C compiler ABI info - done
[0.472s] -- Check for working C compiler: /usr/bin/cc - skipped
[0.473s] -- Detecting C compile features
[0.473s] -- Detecting C compile features - done
[0.488s] -- Detecting CXX compiler ABI info
[0.682s] -- Detecting CXX compiler ABI info - done
[0.699s] -- Check for working CXX compiler: /usr/bin/c++ - skipped
[0.699s] -- Detecting CXX compile features
[0.700s] -- Detecting CXX compile features - done
[0.704s] -- Found ament_cmake_auto: 2.7.3 (/opt/ros/kilted/share/ament_cmake_auto/cmake)
[0.951s] -- Found Python3: /usr/bin/python3 (found version "3.12.3") found components: Interpreter 
[1.358s] -- Found rosidl_generator_c: 4.9.5 (/opt/ros/kilted/share/rosidl_generator_c/cmake)
[1.380s] -- Found rosidl_generator_cpp: 4.9.5 (/opt/ros/kilted/share/rosidl_generator_cpp/cmake)
[1.405s] -- Using all available rosidl_typesupport_c: rosidl_typesupport_fastrtps_c;rosidl_typesupport_introspection_c
[1.435s] -- Using all available rosidl_typesupport_cpp: rosidl_typesupport_fastrtps_cpp;rosidl_typesupport_introspection_cpp
[1.593s] -- Found rmw_implementation_cmake: 7.8.2 (/opt/ros/kilted/share/rmw_implementation_cmake/cmake)
[1.602s] -- Found rmw_fastrtps_cpp: 9.3.3 (/opt/ros/kilted/share/rmw_fastrtps_cpp/cmake)
[1.815s] -- Found OpenSSL: /usr/lib/aarch64-linux-gnu/libcrypto.so (found version "3.0.13")  
[1.841s] -- Using RMW implementation 'rmw_fastrtps_cpp' as default
[2.203s] -- Found asio_cmake_module: 1.2.0 (/opt/ros/kilted/share/asio_cmake_module/cmake)
[2.206s] -- Found ASIO: /usr/include  
[2.338s] -- Performing Test CMAKE_HAVE_LIBC_PTHREAD
[2.506s] -- Performing Test CMAKE_HAVE_LIBC_PTHREAD - Success
[2.507s] -- Found Threads: TRUE  
[2.525s] -- Found ament_lint_auto: 0.19.2 (/opt/ros/kilted/share/ament_lint_auto/cmake)
[2.567s] -- Added test 'copyright' to check source files copyright and LICENSE
[2.571s] -- Added test 'cppcheck' to perform static code analysis on C / C++ code
[2.572s] -- Configured cppcheck include dirs: /home/pi/ros2_case_study/src/vesc/vesc_driver/include
[2.572s] -- Configured cppcheck exclude dirs and/or files: 
[2.574s] -- Added test 'cpplint' to check C / C++ code against the Google style
[2.574s] -- Configured cpplint exclude dirs and/or files: 
[2.575s] -- Added test 'flake8' to check Python code syntax and style conventions
[2.575s] -- Configured 'flake8' exclude dirs and/or files: 
[2.577s] -- Added test 'lint_cmake' to check CMake code style
[2.578s] -- Added test 'pep257' to check Python code against some of the docstring style conventions in PEP 257
[2.580s] -- Added test 'uncrustify' to check C / C++ code style
[2.580s] -- Configured uncrustify additional arguments: 
[2.581s] -- Added test 'xmllint' to check XML markup files
[2.586s] -- Configuring done (2.5s)
[2.693s] -- Generating done (0.1s)
[2.705s] -- Build files have been written to: /home/pi/ros2_case_study/build/vesc_driver
[2.727s] Invoked command in '/home/pi/ros2_case_study/build/vesc_driver' returned '0': AMENT_PREFIX_PATH=/home/pi/ros2_case_study/install/vesc_msgs:${AMENT_PREFIX_PATH} CMAKE_PREFIX_PATH=/home/pi/ros2_case_study/install/vesc_msgs:/home/pi/ros2_ws/install/vesc:/home/pi/ros2_ws/install/vesc_driver:/home/pi/ros2_ws/install/vesc_msgs:/opt/ros/kilted/opt/sdformat_vendor:/opt/ros/kilted/opt/gz_math_vendor:/opt/ros/kilted/opt/gz_utils_vendor:/opt/ros/kilted/opt/gz_tools_vendor:/opt/ros/kilted/opt/gz_cmake_vendor:/home/pi/ros2_ws/install/drive:/opt/ros/kilted DEBUGINFOD_URLS=https://debuginfod.ubuntu.com LD_LIBRARY_PATH=/home/pi/ros2_case_study/install/vesc_msgs/lib:${LD_LIBRARY_PATH} PYTHONPATH=/home/pi/ros2_case_study/install/vesc_msgs/lib/python3.12/site-packages:${PYTHONPATH} /usr/bin/cmake /home/pi/ros2_case_study/src/vesc/vesc_driver -DCMAKE_INSTALL_PREFIX=/home/pi/ros2_case_study/install/vesc_driver
[2.729s] Invoking command in '/home/pi/ros2_case_study/build/vesc_driver': AMENT_PREFIX_PATH=/home/pi/ros2_case_study/install/vesc_msgs:${AMENT_PREFIX_PATH} CMAKE_PREFIX_PATH=/home/pi/ros2_case_study/install/vesc_msgs:/home/pi/ros2_ws/install/vesc:/home/pi/ros2_ws/install/vesc_driver:/home/pi/ros2_ws/install/vesc_msgs:/opt/ros/kilted/opt/sdformat_vendor:/opt/ros/kilted/opt/gz_math_vendor:/opt/ros/kilted/opt/gz_utils_vendor:/opt/ros/kilted/opt/gz_tools_vendor:/opt/ros/kilted/opt/gz_cmake_vendor:/home/pi/ros2_ws/install/drive:/opt/ros/kilted DEBUGINFOD_URLS=https://debuginfod.ubuntu.com LD_LIBRARY_PATH=/home/pi/ros2_case_study/install/vesc_msgs/lib:${LD_LIBRARY_PATH} PYTHONPATH=/home/pi/ros2_case_study/install/vesc_msgs/lib/python3.12/site-packages:${PYTHONPATH} /usr/bin/cmake --build /home/pi/ros2_case_study/build/vesc_driver -- -j4 -l4
[2.835s] [ 30%] [32mBuilding CXX object CMakeFiles/vesc_driver.dir/src/vesc_driver.cpp.o[0m
[2.835s] [ 30%] [32mBuilding CXX object CMakeFiles/vesc_driver.dir/src/vesc_interface.cpp.o[0m
[2.837s] [ 30%] [32mBuilding CXX object CMakeFiles/vesc_driver_node.dir/rclcpp_components/node_main_vesc_driver_node.cpp.o[0m
[2.837s] [ 40%] [32mBuilding CXX object CMakeFiles/vesc_driver.dir/src/vesc_packet.cpp.o[0m
[4.563s] [ 50%] [32mBuilding CXX object CMakeFiles/vesc_driver.dir/src/vesc_packet_factory.cpp.o[0m
[10.098s] [ 60%] [32m[1mLinking CXX executable vesc_driver_node[0m
[10.401s] [ 60%] Built target vesc_driver_node
[21.849s] [ 70%] [32m[1mLinking CXX shared library libvesc_driver.so[0m
[23.510s] [ 70%] Built target vesc_driver
[23.556s] [ 90%] [32mBuilding CXX object CMakeFiles/vesc_device_namer.dir/src/vesc_device_namer.cpp.o[0m
[23.557s] [ 90%] [32mBuilding CXX object CMakeFiles/vesc_device_namer.dir/src/vesc_device_uuid_lookup.cpp.o[0m
[24.811s] [100%] [32m[1mLinking CXX executable vesc_device_namer[0m
[25.845s] [100%] Built target vesc_device_namer
[25.871s] Invoked command in '/home/pi/ros2_case_study/build/vesc_driver' returned '0': AMENT_PREFIX_PATH=/home/pi/ros2_case_study/install/vesc_msgs:${AMENT_PREFIX_PATH} CMAKE_PREFIX_PATH=/home/pi/ros2_case_study/install/vesc_msgs:/home/pi/ros2_ws/install/vesc:/home/pi/ros2_ws/install/vesc_driver:/home/pi/ros2_ws/install/vesc_msgs:/opt/ros/kilted/opt/sdformat_vendor:/opt/ros/kilted/opt/gz_math_vendor:/opt/ros/kilted/opt/gz_utils_vendor:/opt/ros/kilted/opt/gz_tools_vendor:/opt/ros/kilted/opt/gz_cmake_vendor:/home/pi/ros2_ws/install/drive:/opt/ros/kilted DEBUGINFOD_URLS=https://debuginfod.ubuntu.com LD_LIBRARY_PATH=/home/pi/ros2_case_study/install/vesc_msgs/lib:${LD_LIBRARY_PATH} PYTHONPATH=/home/pi/ros2_case_study/install/vesc_msgs/lib/python3.12/site-packages:${PYTHONPATH} /usr/bin/cmake --build /home/pi/ros2_case_study/build/vesc_driver -- -j4 -l4
[25.873s] Invoking command in '/home/pi/ros2_case_study/build/vesc_driver': AMENT_PREFIX_PATH=/home/pi/ros2_case_study/install/vesc_msgs:${AMENT_PREFIX_PATH} CMAKE_PREFIX_PATH=/home/pi/ros2_case_study/install/vesc_msgs:/home/pi/ros2_ws/install/vesc:/home/pi/ros2_ws/install/vesc_driver:/home/pi/ros2_ws/install/vesc_msgs:/opt/ros/kilted/opt/sdformat_vendor:/opt/ros/kilted/opt/gz_math_vendor:/opt/ros/kilted/opt/gz_utils_vendor:/opt/ros/kilted/opt/gz_tools_vendor:/opt/ros/kilted/opt/gz_cmake_vendor:/home/pi/ros2_ws/install/drive:/opt/ros/kilted DEBUGINFOD_URLS=https://debuginfod.ubuntu.com LD_LIBRARY_PATH=/home/pi/ros2_case_study/install/vesc_msgs/lib:${LD_LIBRARY_PATH} PYTHONPATH=/home/pi/ros2_case_study/install/vesc_msgs/lib/python3.12/site-packages:${PYTHONPATH} /usr/bin/cmake --install /home/pi/ros2_case_study/build/vesc_driver
[25.889s] -- Install configuration: ""
[25.889s] -- Installing: /home/pi/ros2_case_study/install/vesc_driver/lib/vesc_driver/vesc_driver_node
[25.890s] -- Set non-toolchain portion of runtime path of "/home/pi/ros2_case_study/install/vesc_driver/lib/vesc_driver/vesc_driver_node" to ""
[25.890s] -- Installing: /home/pi/ros2_case_study/install/vesc_driver/include/vesc_driver
[25.890s] -- Installing: /home/pi/ros2_case_study/install/vesc_driver/include/vesc_driver/vesc_driver
[25.891s] -- Installing: /home/pi/ros2_case_study/install/vesc_driver/include/vesc_driver/vesc_driver/vesc_device_uuid_lookup.hpp
[25.891s] -- Installing: /home/pi/ros2_case_study/install/vesc_driver/include/vesc_driver/vesc_driver/crc.hpp
[25.891s] -- Installing: /home/pi/ros2_case_study/install/vesc_driver/include/vesc_driver/vesc_driver/vesc_packet_factory.hpp
[25.891s] -- Installing: /home/pi/ros2_case_study/install/vesc_driver/include/vesc_driver/vesc_driver/vesc_interface.hpp
[25.891s] -- Installing: /home/pi/ros2_case_study/install/vesc_driver/include/vesc_driver/vesc_driver/datatypes.hpp
[25.892s] -- Installing: /home/pi/ros2_case_study/install/vesc_driver/include/vesc_driver/vesc_driver/vesc_packet.hpp
[25.892s] -- Installing: /home/pi/ros2_case_study/install/vesc_driver/include/vesc_driver/vesc_driver/vesc_driver.hpp
[25.892s] -- Installing: /home/pi/ros2_case_study/install/vesc_driver/share/vesc_driver/environment/library_path.sh
[25.892s] -- Installing: /home/pi/ros2_case_study/install/vesc_driver/share/vesc_driver/environment/library_path.dsv
[25.892s] -- Installing: /home/pi/ros2_case_study/install/vesc_driver/lib/libvesc_driver.so
[25.906s] -- Set non-toolchain portion of runtime path of "/home/pi/ros2_case_study/install/vesc_driver/lib/libvesc_driver.so" to ""
[25.906s] -- Installing: /home/pi/ros2_case_study/install/vesc_driver/lib/vesc_driver/vesc_device_namer
[25.907s] -- Set non-toolchain portion of runtime path of "/home/pi/ros2_case_study/install/vesc_driver/lib/vesc_driver/vesc_device_namer" to ""
[25.907s] -- Installing: /home/pi/ros2_case_study/install/vesc_driver/share/vesc_driver/launch
[25.907s] -- Installing: /home/pi/ros2_case_study/install/vesc_driver/share/vesc_driver/launch/vesc_driver_node.launch.py
[25.908s] -- Installing: /home/pi/ros2_case_study/install/vesc_driver/share/vesc_driver/params
[25.908s] -- Installing: /home/pi/ros2_case_study/install/vesc_driver/share/vesc_driver/params/vesc_config.yaml
[25.909s] -- Installing: /home/pi/ros2_case_study/install/vesc_driver/share/ament_index/resource_index/package_run_dependencies/vesc_driver
[25.909s] -- Installing: /home/pi/ros2_case_study/install/vesc_driver/share/ament_index/resource_index/parent_prefix_path/vesc_driver
[25.909s] -- Installing: /home/pi/ros2_case_study/install/vesc_driver/share/vesc_driver/environment/ament_prefix_path.sh
[25.909s] -- Installing: /home/pi/ros2_case_study/install/vesc_driver/share/vesc_driver/environment/ament_prefix_path.dsv
[25.909s] -- Installing: /home/pi/ros2_case_study/install/vesc_driver/share/vesc_driver/environment/path.sh
[25.909s] -- Installing: /home/pi/ros2_case_study/install/vesc_driver/share/vesc_driver/environment/path.dsv
[25.910s] -- Installing: /home/pi/ros2_case_study/install/vesc_driver/share/vesc_driver/local_setup.bash
[25.910s] -- Installing: /home/pi/ros2_case_study/install/vesc_driver/share/vesc_driver/local_setup.sh
[25.910s] -- Installing: /home/pi/ros2_case_study/install/vesc_driver/share/vesc_driver/local_setup.zsh
[25.910s] -- Installing: /home/pi/ros2_case_study/install/vesc_driver/share/vesc_driver/local_setup.dsv
[25.910s] -- Installing: /home/pi/ros2_case_study/install/vesc_driver/share/vesc_driver/package.dsv
[25.910s] -- Installing: /home/pi/ros2_case_study/install/vesc_driver/share/ament_index/resource_index/packages/vesc_driver
[25.911s] -- Installing: /home/pi/ros2_case_study/install/vesc_driver/share/ament_index/resource_index/rclcpp_components/vesc_driver
[25.911s] -- Installing: /home/pi/ros2_case_study/install/vesc_driver/share/vesc_driver/cmake/ament_cmake_export_dependencies-extras.cmake
[25.911s] -- Installing: /home/pi/ros2_case_study/install/vesc_driver/share/vesc_driver/cmake/ament_cmake_export_include_directories-extras.cmake
[25.911s] -- Installing: /home/pi/ros2_case_study/install/vesc_driver/share/vesc_driver/cmake/ament_cmake_export_libraries-extras.cmake
[25.911s] -- Installing: /home/pi/ros2_case_study/install/vesc_driver/share/vesc_driver/cmake/vesc_driverConfig.cmake
[25.912s] -- Installing: /home/pi/ros2_case_study/install/vesc_driver/share/vesc_driver/cmake/vesc_driverConfig-version.cmake
[25.912s] -- Installing: /home/pi/ros2_case_study/install/vesc_driver/share/vesc_driver/package.xml
[25.916s] Invoked command in '/home/pi/ros2_case_study/build/vesc_driver' returned '0': AMENT_PREFIX_PATH=/home/pi/ros2_case_study/install/vesc_msgs:${AMENT_PREFIX_PATH} CMAKE_PREFIX_PATH=/home/pi/ros2_case_study/install/vesc_msgs:/home/pi/ros2_ws/install/vesc:/home/pi/ros2_ws/install/vesc_driver:/home/pi/ros2_ws/install/vesc_msgs:/opt/ros/kilted/opt/sdformat_vendor:/opt/ros/kilted/opt/gz_math_vendor:/opt/ros/kilted/opt/gz_utils_vendor:/opt/ros/kilted/opt/gz_tools_vendor:/opt/ros/kilted/opt/gz_cmake_vendor:/home/pi/ros2_ws/install/drive:/opt/ros/kilted DEBUGINFOD_URLS=https://debuginfod.ubuntu.com LD_LIBRARY_PATH=/home/pi/ros2_case_study/install/vesc_msgs/lib:${LD_LIBRARY_PATH} PYTHONPATH=/home/pi/ros2_case_study/install/vesc_msgs/lib/python3.12/site-packages:${PYTHONPATH} /usr/bin/cmake --install /home/pi/ros2_case_study/build/vesc_driver
