[1.490s] Invoking command in '/home/pi/ros2_ws/src/drive': DEBUGINFOD_URLS=https://debuginfod.ubuntu.com PYTHONPATH=/home/pi/ros2_ws/src/build/drive/prefix_override:/usr/lib/python3/dist-packages/colcon_core/task/python/colcon_distutils_commands:/home/pi/ros2_ws/src/install/drive/lib/python3.12/site-packages:${PYTHONPATH} /usr/bin/python3 -W ignore:setup.py install is deprecated -W ignore:easy_install command is deprecated setup.py egg_info --egg-base ../build/drive build --build-base /home/pi/ros2_ws/src/build/drive/build install --record /home/pi/ros2_ws/src/build/drive/install.log --single-version-externally-managed install_data
[1.879s] running egg_info
[1.879s] creating ../build/drive/drive.egg-info
[1.908s] writing ../build/drive/drive.egg-info/PKG-INFO
[1.909s] writing dependency_links to ../build/drive/drive.egg-info/dependency_links.txt
[1.910s] writing entry points to ../build/drive/drive.egg-info/entry_points.txt
[1.910s] writing requirements to ../build/drive/drive.egg-info/requires.txt
[1.911s] writing top-level names to ../build/drive/drive.egg-info/top_level.txt
[1.911s] writing manifest file '../build/drive/drive.egg-info/SOURCES.txt'
[1.967s] reading manifest file '../build/drive/drive.egg-info/SOURCES.txt'
[1.968s] adding license file 'LICENSE'
[1.968s] writing manifest file '../build/drive/drive.egg-info/SOURCES.txt'
[1.968s] running build
[1.968s] running build_py
[1.969s] creating /home/pi/ros2_ws/src/build/drive/build
[1.969s] creating /home/pi/ros2_ws/src/build/drive/build/lib
[1.969s] creating /home/pi/ros2_ws/src/build/drive/build/lib/drive
[1.969s] copying drive/drive.py -> /home/pi/ros2_ws/src/build/drive/build/lib/drive
[1.969s] copying drive/__init__.py -> /home/pi/ros2_ws/src/build/drive/build/lib/drive
[1.970s] running install
[1.979s] running install_lib
[2.008s] creating /home/pi/ros2_ws/src/install/drive/lib/python3.12/site-packages/drive
[2.008s] copying /home/pi/ros2_ws/src/build/drive/build/lib/drive/drive.py -> /home/pi/ros2_ws/src/install/drive/lib/python3.12/site-packages/drive
[2.009s] copying /home/pi/ros2_ws/src/build/drive/build/lib/drive/__init__.py -> /home/pi/ros2_ws/src/install/drive/lib/python3.12/site-packages/drive
[2.011s] byte-compiling /home/pi/ros2_ws/src/install/drive/lib/python3.12/site-packages/drive/drive.py to drive.cpython-312.pyc
[2.012s] byte-compiling /home/pi/ros2_ws/src/install/drive/lib/python3.12/site-packages/drive/__init__.py to __init__.cpython-312.pyc
[2.012s] running install_data
[2.013s] creating /home/pi/ros2_ws/src/install/drive/share/ament_index
[2.013s] creating /home/pi/ros2_ws/src/install/drive/share/ament_index/resource_index
[2.013s] creating /home/pi/ros2_ws/src/install/drive/share/ament_index/resource_index/packages
[2.013s] copying resource/drive -> /home/pi/ros2_ws/src/install/drive/share/ament_index/resource_index/packages
[2.013s] copying package.xml -> /home/pi/ros2_ws/src/install/drive/share/drive
[2.013s] running install_egg_info
[2.042s] Copying ../build/drive/drive.egg-info to /home/pi/ros2_ws/src/install/drive/lib/python3.12/site-packages/drive-0.0.0-py3.12.egg-info
[2.044s] running install_scripts
[2.240s] Installing talker script to /home/pi/ros2_ws/src/install/drive/lib/drive
[2.241s] writing list of installed files to '/home/pi/ros2_ws/src/build/drive/install.log'
[2.321s] Invoked command in '/home/pi/ros2_ws/src/drive' returned '0': DEBUGINFOD_URLS=https://debuginfod.ubuntu.com PYTHONPATH=/home/pi/ros2_ws/src/build/drive/prefix_override:/usr/lib/python3/dist-packages/colcon_core/task/python/colcon_distutils_commands:/home/pi/ros2_ws/src/install/drive/lib/python3.12/site-packages:${PYTHONPATH} /usr/bin/python3 -W ignore:setup.py install is deprecated -W ignore:easy_install command is deprecated setup.py egg_info --egg-base ../build/drive build --build-base /home/pi/ros2_ws/src/build/drive/build install --record /home/pi/ros2_ws/src/build/drive/install.log --single-version-externally-managed install_data
