[0.038s] Invoking command in '/home/pi/ros2_case_study/build/vesc_msgs': CMAKE_PREFIX_PATH=${CMAKE_PREFIX_PATH}:/home/pi/ros2_case_study/install/drive:/home/pi/ros2_ws/install/drive:/opt/ros/kilted DEBUGINFOD_URLS=https://debuginfod.ubuntu.com /usr/bin/cmake --build /home/pi/ros2_case_study/build/vesc_msgs -- -j4 -l4
[0.154s] [  1%] Built target vesc_msgs__rosidl_generator_type_description
[0.178s] [  1%] Built target ament_cmake_python_copy_vesc_msgs
[0.207s] [  3%] Built target vesc_msgs__cpp
[0.229s] [ 25%] Built target vesc_msgs__rosidl_generator_c
[0.292s] [ 34%] Built target vesc_msgs__rosidl_typesupport_introspection_c
[0.348s] [ 43%] Built target vesc_msgs__rosidl_typesupport_cpp
[0.350s] [ 53%] Built target vesc_msgs__rosidl_typesupport_fastrtps_c
[0.358s] [ 62%] Built target vesc_msgs__rosidl_typesupport_c
[0.418s] [ 71%] Built target vesc_msgs__rosidl_typesupport_introspection_cpp
[0.425s] [ 81%] Built target vesc_msgs__rosidl_typesupport_fastrtps_cpp
[0.473s] [ 81%] Built target vesc_msgs
[0.533s] [ 82%] Built target vesc_msgs__py
[0.587s] [ 90%] Built target vesc_msgs__rosidl_generator_py
[0.668s] [ 93%] Built target vesc_msgs_s__rosidl_typesupport_fastrtps_c
[0.668s] [ 96%] Built target vesc_msgs_s__rosidl_typesupport_introspection_c
[0.668s] running egg_info
[0.676s] [100%] Built target vesc_msgs_s__rosidl_typesupport_c
[0.698s] writing vesc_msgs.egg-info/PKG-INFO
[0.699s] writing dependency_links to vesc_msgs.egg-info/dependency_links.txt
[0.700s] writing top-level names to vesc_msgs.egg-info/top_level.txt
[0.787s] reading manifest file 'vesc_msgs.egg-info/SOURCES.txt'
[0.787s] writing manifest file 'vesc_msgs.egg-info/SOURCES.txt'
[0.868s] [100%] Built target ament_cmake_python_build_vesc_msgs_egg
[0.892s] Invoked command in '/home/pi/ros2_case_study/build/vesc_msgs' returned '0': CMAKE_PREFIX_PATH=${CMAKE_PREFIX_PATH}:/home/pi/ros2_case_study/install/drive:/home/pi/ros2_ws/install/drive:/opt/ros/kilted DEBUGINFOD_URLS=https://debuginfod.ubuntu.com /usr/bin/cmake --build /home/pi/ros2_case_study/build/vesc_msgs -- -j4 -l4
[0.917s] Invoking command in '/home/pi/ros2_case_study/build/vesc_msgs': CMAKE_PREFIX_PATH=${CMAKE_PREFIX_PATH}:/home/pi/ros2_case_study/install/drive:/home/pi/ros2_ws/install/drive:/opt/ros/kilted DEBUGINFOD_URLS=https://debuginfod.ubuntu.com /usr/bin/cmake --install /home/pi/ros2_case_study/build/vesc_msgs
[0.933s] -- Install configuration: ""
[0.933s] -- Up-to-date: /home/pi/ros2_case_study/install/vesc_msgs/share/ament_index/resource_index/rosidl_interfaces/vesc_msgs
[0.933s] -- Up-to-date: /home/pi/ros2_case_study/install/vesc_msgs/share/vesc_msgs/msg/VescState.json
[0.933s] -- Up-to-date: /home/pi/ros2_case_study/install/vesc_msgs/share/vesc_msgs/msg/VescStateStamped.json
[0.934s] -- Up-to-date: /home/pi/ros2_case_study/install/vesc_msgs/share/vesc_msgs/msg/VescImu.json
[0.934s] -- Up-to-date: /home/pi/ros2_case_study/install/vesc_msgs/share/vesc_msgs/msg/VescImuStamped.json
[0.934s] -- Up-to-date: /home/pi/ros2_case_study/install/vesc_msgs/include/vesc_msgs/vesc_msgs
[0.934s] -- Up-to-date: /home/pi/ros2_case_study/install/vesc_msgs/include/vesc_msgs/vesc_msgs/msg
[0.934s] -- Up-to-date: /home/pi/ros2_case_study/install/vesc_msgs/include/vesc_msgs/vesc_msgs/msg/vesc_state.h
[0.934s] -- Up-to-date: /home/pi/ros2_case_study/install/vesc_msgs/include/vesc_msgs/vesc_msgs/msg/vesc_state_stamped.h
[0.934s] -- Up-to-date: /home/pi/ros2_case_study/install/vesc_msgs/include/vesc_msgs/vesc_msgs/msg/vesc_imu_stamped.h
[0.934s] -- Up-to-date: /home/pi/ros2_case_study/install/vesc_msgs/include/vesc_msgs/vesc_msgs/msg/rosidl_generator_c__visibility_control.h
[0.934s] -- Up-to-date: /home/pi/ros2_case_study/install/vesc_msgs/include/vesc_msgs/vesc_msgs/msg/detail
[0.934s] -- Up-to-date: /home/pi/ros2_case_study/install/vesc_msgs/include/vesc_msgs/vesc_msgs/msg/detail/vesc_state__functions.h
[0.934s] -- Up-to-date: /home/pi/ros2_case_study/install/vesc_msgs/include/vesc_msgs/vesc_msgs/msg/detail/vesc_imu__type_support.h
[0.934s] -- Up-to-date: /home/pi/ros2_case_study/install/vesc_msgs/include/vesc_msgs/vesc_msgs/msg/detail/vesc_imu__functions.c
[0.935s] -- Up-to-date: /home/pi/ros2_case_study/install/vesc_msgs/include/vesc_msgs/vesc_msgs/msg/detail/vesc_imu_stamped__functions.c
[0.935s] -- Up-to-date: /home/pi/ros2_case_study/install/vesc_msgs/include/vesc_msgs/vesc_msgs/msg/detail/vesc_state_stamped__type_support.h
[0.935s] -- Up-to-date: /home/pi/ros2_case_study/install/vesc_msgs/include/vesc_msgs/vesc_msgs/msg/detail/vesc_state_stamped__functions.h
[0.935s] -- Installing: /home/pi/ros2_case_study/install/vesc_msgs/include/vesc_msgs/vesc_msgs/msg/detail/vesc_imu_stamped__type_support.c
[0.935s] -- Up-to-date: /home/pi/ros2_case_study/install/vesc_msgs/include/vesc_msgs/vesc_msgs/msg/detail/vesc_imu_stamped__struct.h
[0.935s] -- Up-to-date: /home/pi/ros2_case_study/install/vesc_msgs/include/vesc_msgs/vesc_msgs/msg/detail/vesc_imu__struct.h
[0.935s] -- Up-to-date: /home/pi/ros2_case_study/install/vesc_msgs/include/vesc_msgs/vesc_msgs/msg/detail/vesc_state_stamped__description.c
[0.935s] -- Installing: /home/pi/ros2_case_study/install/vesc_msgs/include/vesc_msgs/vesc_msgs/msg/detail/vesc_state__type_support.c
[0.935s] -- Up-to-date: /home/pi/ros2_case_study/install/vesc_msgs/include/vesc_msgs/vesc_msgs/msg/detail/vesc_imu__description.c
[0.935s] -- Up-to-date: /home/pi/ros2_case_study/install/vesc_msgs/include/vesc_msgs/vesc_msgs/msg/detail/vesc_state__type_support.h
[0.935s] -- Installing: /home/pi/ros2_case_study/install/vesc_msgs/include/vesc_msgs/vesc_msgs/msg/detail/vesc_imu__type_support.c
[0.936s] -- Up-to-date: /home/pi/ros2_case_study/install/vesc_msgs/include/vesc_msgs/vesc_msgs/msg/detail/vesc_state_stamped__struct.h
[0.936s] -- Up-to-date: /home/pi/ros2_case_study/install/vesc_msgs/include/vesc_msgs/vesc_msgs/msg/detail/vesc_state__description.c
[0.936s] -- Up-to-date: /home/pi/ros2_case_study/install/vesc_msgs/include/vesc_msgs/vesc_msgs/msg/detail/vesc_imu_stamped__type_support.h
[0.936s] -- Up-to-date: /home/pi/ros2_case_study/install/vesc_msgs/include/vesc_msgs/vesc_msgs/msg/detail/vesc_state__struct.h
[0.936s] -- Up-to-date: /home/pi/ros2_case_study/install/vesc_msgs/include/vesc_msgs/vesc_msgs/msg/detail/vesc_state__functions.c
[0.936s] -- Installing: /home/pi/ros2_case_study/install/vesc_msgs/include/vesc_msgs/vesc_msgs/msg/detail/vesc_state_stamped__type_support.c
[0.936s] -- Up-to-date: /home/pi/ros2_case_study/install/vesc_msgs/include/vesc_msgs/vesc_msgs/msg/detail/vesc_imu_stamped__description.c
[0.936s] -- Up-to-date: /home/pi/ros2_case_study/install/vesc_msgs/include/vesc_msgs/vesc_msgs/msg/detail/vesc_imu_stamped__functions.h
[0.936s] -- Up-to-date: /home/pi/ros2_case_study/install/vesc_msgs/include/vesc_msgs/vesc_msgs/msg/detail/vesc_state_stamped__functions.c
[0.936s] -- Up-to-date: /home/pi/ros2_case_study/install/vesc_msgs/include/vesc_msgs/vesc_msgs/msg/detail/vesc_imu__functions.h
[0.936s] -- Up-to-date: /home/pi/ros2_case_study/install/vesc_msgs/include/vesc_msgs/vesc_msgs/msg/vesc_imu.h
[0.937s] -- Up-to-date: /home/pi/ros2_case_study/install/vesc_msgs/share/vesc_msgs/environment/library_path.sh
[0.937s] -- Up-to-date: /home/pi/ros2_case_study/install/vesc_msgs/share/vesc_msgs/environment/library_path.dsv
[0.937s] -- Up-to-date: /home/pi/ros2_case_study/install/vesc_msgs/lib/libvesc_msgs__rosidl_generator_c.so
[0.937s] -- Up-to-date: /home/pi/ros2_case_study/install/vesc_msgs/include/vesc_msgs/vesc_msgs
[0.937s] -- Up-to-date: /home/pi/ros2_case_study/install/vesc_msgs/include/vesc_msgs/vesc_msgs/msg
[0.937s] -- Up-to-date: /home/pi/ros2_case_study/install/vesc_msgs/include/vesc_msgs/vesc_msgs/msg/rosidl_typesupport_fastrtps_c__visibility_control.h
[0.937s] -- Up-to-date: /home/pi/ros2_case_study/install/vesc_msgs/include/vesc_msgs/vesc_msgs/msg/detail
[0.937s] -- Up-to-date: /home/pi/ros2_case_study/install/vesc_msgs/include/vesc_msgs/vesc_msgs/msg/detail/vesc_state__rosidl_typesupport_fastrtps_c.h
[0.937s] -- Up-to-date: /home/pi/ros2_case_study/install/vesc_msgs/include/vesc_msgs/vesc_msgs/msg/detail/vesc_imu__rosidl_typesupport_fastrtps_c.h
[0.937s] -- Up-to-date: /home/pi/ros2_case_study/install/vesc_msgs/include/vesc_msgs/vesc_msgs/msg/detail/vesc_state_stamped__rosidl_typesupport_fastrtps_c.h
[0.937s] -- Up-to-date: /home/pi/ros2_case_study/install/vesc_msgs/include/vesc_msgs/vesc_msgs/msg/detail/vesc_imu_stamped__rosidl_typesupport_fastrtps_c.h
[0.937s] -- Up-to-date: /home/pi/ros2_case_study/install/vesc_msgs/lib/libvesc_msgs__rosidl_typesupport_fastrtps_c.so
[0.937s] -- Up-to-date: /home/pi/ros2_case_study/install/vesc_msgs/include/vesc_msgs/vesc_msgs
[0.938s] -- Up-to-date: /home/pi/ros2_case_study/install/vesc_msgs/include/vesc_msgs/vesc_msgs/msg
[0.938s] -- Up-to-date: /home/pi/ros2_case_study/install/vesc_msgs/include/vesc_msgs/vesc_msgs/msg/rosidl_typesupport_introspection_c__visibility_control.h
[0.938s] -- Up-to-date: /home/pi/ros2_case_study/install/vesc_msgs/include/vesc_msgs/vesc_msgs/msg/detail
[0.938s] -- Up-to-date: /home/pi/ros2_case_study/install/vesc_msgs/include/vesc_msgs/vesc_msgs/msg/detail/vesc_state_stamped__rosidl_typesupport_introspection_c.h
[0.938s] -- Installing: /home/pi/ros2_case_study/install/vesc_msgs/include/vesc_msgs/vesc_msgs/msg/detail/vesc_imu_stamped__type_support.c
[0.938s] -- Up-to-date: /home/pi/ros2_case_study/install/vesc_msgs/include/vesc_msgs/vesc_msgs/msg/detail/vesc_imu__rosidl_typesupport_introspection_c.h
[0.938s] -- Up-to-date: /home/pi/ros2_case_study/install/vesc_msgs/include/vesc_msgs/vesc_msgs/msg/detail/vesc_imu_stamped__rosidl_typesupport_introspection_c.h
[0.938s] -- Installing: /home/pi/ros2_case_study/install/vesc_msgs/include/vesc_msgs/vesc_msgs/msg/detail/vesc_state__type_support.c
[0.938s] -- Installing: /home/pi/ros2_case_study/install/vesc_msgs/include/vesc_msgs/vesc_msgs/msg/detail/vesc_imu__type_support.c
[0.939s] -- Up-to-date: /home/pi/ros2_case_study/install/vesc_msgs/include/vesc_msgs/vesc_msgs/msg/detail/vesc_state__rosidl_typesupport_introspection_c.h
[0.939s] -- Installing: /home/pi/ros2_case_study/install/vesc_msgs/include/vesc_msgs/vesc_msgs/msg/detail/vesc_state_stamped__type_support.c
[0.939s] -- Up-to-date: /home/pi/ros2_case_study/install/vesc_msgs/lib/libvesc_msgs__rosidl_typesupport_introspection_c.so
[0.939s] -- Up-to-date: /home/pi/ros2_case_study/install/vesc_msgs/lib/libvesc_msgs__rosidl_typesupport_c.so
[0.939s] -- Up-to-date: /home/pi/ros2_case_study/install/vesc_msgs/include/vesc_msgs/vesc_msgs
[0.939s] -- Up-to-date: /home/pi/ros2_case_study/install/vesc_msgs/include/vesc_msgs/vesc_msgs/msg
[0.939s] -- Up-to-date: /home/pi/ros2_case_study/install/vesc_msgs/include/vesc_msgs/vesc_msgs/msg/rosidl_generator_cpp__visibility_control.hpp
[0.939s] -- Up-to-date: /home/pi/ros2_case_study/install/vesc_msgs/include/vesc_msgs/vesc_msgs/msg/vesc_state.hpp
[0.939s] -- Up-to-date: /home/pi/ros2_case_study/install/vesc_msgs/include/vesc_msgs/vesc_msgs/msg/vesc_imu_stamped.hpp
[0.939s] -- Up-to-date: /home/pi/ros2_case_study/install/vesc_msgs/include/vesc_msgs/vesc_msgs/msg/vesc_imu.hpp
[0.939s] -- Up-to-date: /home/pi/ros2_case_study/install/vesc_msgs/include/vesc_msgs/vesc_msgs/msg/vesc_state_stamped.hpp
[0.939s] -- Up-to-date: /home/pi/ros2_case_study/install/vesc_msgs/include/vesc_msgs/vesc_msgs/msg/detail
[0.940s] -- Up-to-date: /home/pi/ros2_case_study/install/vesc_msgs/include/vesc_msgs/vesc_msgs/msg/detail/vesc_state__traits.hpp
[0.940s] -- Up-to-date: /home/pi/ros2_case_study/install/vesc_msgs/include/vesc_msgs/vesc_msgs/msg/detail/vesc_state_stamped__struct.hpp
[0.940s] -- Up-to-date: /home/pi/ros2_case_study/install/vesc_msgs/include/vesc_msgs/vesc_msgs/msg/detail/vesc_imu_stamped__traits.hpp
[0.940s] -- Up-to-date: /home/pi/ros2_case_study/install/vesc_msgs/include/vesc_msgs/vesc_msgs/msg/detail/vesc_state_stamped__type_support.hpp
[0.940s] -- Up-to-date: /home/pi/ros2_case_study/install/vesc_msgs/include/vesc_msgs/vesc_msgs/msg/detail/vesc_imu_stamped__struct.hpp
[0.940s] -- Up-to-date: /home/pi/ros2_case_study/install/vesc_msgs/include/vesc_msgs/vesc_msgs/msg/detail/vesc_imu__builder.hpp
[0.940s] -- Up-to-date: /home/pi/ros2_case_study/install/vesc_msgs/include/vesc_msgs/vesc_msgs/msg/detail/vesc_imu_stamped__builder.hpp
[0.940s] -- Up-to-date: /home/pi/ros2_case_study/install/vesc_msgs/include/vesc_msgs/vesc_msgs/msg/detail/vesc_state_stamped__traits.hpp
[0.940s] -- Up-to-date: /home/pi/ros2_case_study/install/vesc_msgs/include/vesc_msgs/vesc_msgs/msg/detail/vesc_state__struct.hpp
[0.940s] -- Up-to-date: /home/pi/ros2_case_study/install/vesc_msgs/include/vesc_msgs/vesc_msgs/msg/detail/vesc_state__builder.hpp
[0.940s] -- Up-to-date: /home/pi/ros2_case_study/install/vesc_msgs/include/vesc_msgs/vesc_msgs/msg/detail/vesc_state_stamped__builder.hpp
[0.941s] -- Up-to-date: /home/pi/ros2_case_study/install/vesc_msgs/include/vesc_msgs/vesc_msgs/msg/detail/vesc_imu__type_support.hpp
[0.941s] -- Up-to-date: /home/pi/ros2_case_study/install/vesc_msgs/include/vesc_msgs/vesc_msgs/msg/detail/vesc_imu__traits.hpp
[0.941s] -- Up-to-date: /home/pi/ros2_case_study/install/vesc_msgs/include/vesc_msgs/vesc_msgs/msg/detail/vesc_imu__struct.hpp
[0.941s] -- Up-to-date: /home/pi/ros2_case_study/install/vesc_msgs/include/vesc_msgs/vesc_msgs/msg/detail/vesc_state__type_support.hpp
[0.941s] -- Up-to-date: /home/pi/ros2_case_study/install/vesc_msgs/include/vesc_msgs/vesc_msgs/msg/detail/vesc_imu_stamped__type_support.hpp
[0.941s] -- Up-to-date: /home/pi/ros2_case_study/install/vesc_msgs/include/vesc_msgs/vesc_msgs
[0.941s] -- Up-to-date: /home/pi/ros2_case_study/install/vesc_msgs/include/vesc_msgs/vesc_msgs/msg
[0.941s] -- Up-to-date: /home/pi/ros2_case_study/install/vesc_msgs/include/vesc_msgs/vesc_msgs/msg/rosidl_typesupport_fastrtps_cpp__visibility_control.h
[0.941s] -- Up-to-date: /home/pi/ros2_case_study/install/vesc_msgs/include/vesc_msgs/vesc_msgs/msg/detail
[0.941s] -- Up-to-date: /home/pi/ros2_case_study/install/vesc_msgs/include/vesc_msgs/vesc_msgs/msg/detail/vesc_state_stamped__rosidl_typesupport_fastrtps_cpp.hpp
[0.941s] -- Up-to-date: /home/pi/ros2_case_study/install/vesc_msgs/include/vesc_msgs/vesc_msgs/msg/detail/vesc_state__rosidl_typesupport_fastrtps_cpp.hpp
[0.941s] -- Up-to-date: /home/pi/ros2_case_study/install/vesc_msgs/include/vesc_msgs/vesc_msgs/msg/detail/vesc_imu__rosidl_typesupport_fastrtps_cpp.hpp
[0.941s] -- Up-to-date: /home/pi/ros2_case_study/install/vesc_msgs/include/vesc_msgs/vesc_msgs/msg/detail/dds_fastrtps
[0.942s] -- Up-to-date: /home/pi/ros2_case_study/install/vesc_msgs/include/vesc_msgs/vesc_msgs/msg/detail/vesc_imu_stamped__rosidl_typesupport_fastrtps_cpp.hpp
[0.942s] -- Up-to-date: /home/pi/ros2_case_study/install/vesc_msgs/lib/libvesc_msgs__rosidl_typesupport_fastrtps_cpp.so
[0.942s] -- Up-to-date: /home/pi/ros2_case_study/install/vesc_msgs/include/vesc_msgs/vesc_msgs
[0.942s] -- Up-to-date: /home/pi/ros2_case_study/install/vesc_msgs/include/vesc_msgs/vesc_msgs/msg
[0.942s] -- Up-to-date: /home/pi/ros2_case_study/install/vesc_msgs/include/vesc_msgs/vesc_msgs/msg/detail
[0.942s] -- Up-to-date: /home/pi/ros2_case_study/install/vesc_msgs/include/vesc_msgs/vesc_msgs/msg/detail/vesc_imu__type_support.cpp
[0.942s] -- Up-to-date: /home/pi/ros2_case_study/install/vesc_msgs/include/vesc_msgs/vesc_msgs/msg/detail/vesc_imu_stamped__type_support.cpp
[0.942s] -- Up-to-date: /home/pi/ros2_case_study/install/vesc_msgs/include/vesc_msgs/vesc_msgs/msg/detail/vesc_state__type_support.cpp
[0.942s] -- Up-to-date: /home/pi/ros2_case_study/install/vesc_msgs/include/vesc_msgs/vesc_msgs/msg/detail/vesc_imu_stamped__rosidl_typesupport_introspection_cpp.hpp
[0.942s] -- Up-to-date: /home/pi/ros2_case_study/install/vesc_msgs/include/vesc_msgs/vesc_msgs/msg/detail/vesc_state_stamped__rosidl_typesupport_introspection_cpp.hpp
[0.943s] -- Up-to-date: /home/pi/ros2_case_study/install/vesc_msgs/include/vesc_msgs/vesc_msgs/msg/detail/vesc_imu__rosidl_typesupport_introspection_cpp.hpp
[0.943s] -- Up-to-date: /home/pi/ros2_case_study/install/vesc_msgs/include/vesc_msgs/vesc_msgs/msg/detail/vesc_state_stamped__type_support.cpp
[0.943s] -- Up-to-date: /home/pi/ros2_case_study/install/vesc_msgs/include/vesc_msgs/vesc_msgs/msg/detail/vesc_state__rosidl_typesupport_introspection_cpp.hpp
[0.943s] -- Up-to-date: /home/pi/ros2_case_study/install/vesc_msgs/lib/libvesc_msgs__rosidl_typesupport_introspection_cpp.so
[0.943s] -- Up-to-date: /home/pi/ros2_case_study/install/vesc_msgs/lib/libvesc_msgs__rosidl_typesupport_cpp.so
[0.943s] -- Up-to-date: /home/pi/ros2_case_study/install/vesc_msgs/share/vesc_msgs/environment/pythonpath.sh
[0.943s] -- Up-to-date: /home/pi/ros2_case_study/install/vesc_msgs/share/vesc_msgs/environment/pythonpath.dsv
[0.943s] -- Up-to-date: /home/pi/ros2_case_study/install/vesc_msgs/lib/python3.12/site-packages/vesc_msgs-1.1.0-py3.12.egg-info
[0.943s] -- Installing: /home/pi/ros2_case_study/install/vesc_msgs/lib/python3.12/site-packages/vesc_msgs-1.1.0-py3.12.egg-info/dependency_links.txt
[0.943s] -- Installing: /home/pi/ros2_case_study/install/vesc_msgs/lib/python3.12/site-packages/vesc_msgs-1.1.0-py3.12.egg-info/top_level.txt
[0.944s] -- Installing: /home/pi/ros2_case_study/install/vesc_msgs/lib/python3.12/site-packages/vesc_msgs-1.1.0-py3.12.egg-info/SOURCES.txt
[0.944s] -- Installing: /home/pi/ros2_case_study/install/vesc_msgs/lib/python3.12/site-packages/vesc_msgs-1.1.0-py3.12.egg-info/PKG-INFO
[0.944s] -- Up-to-date: /home/pi/ros2_case_study/install/vesc_msgs/lib/python3.12/site-packages/vesc_msgs
[0.944s] -- Up-to-date: /home/pi/ros2_case_study/install/vesc_msgs/lib/python3.12/site-packages/vesc_msgs/_vesc_msgs_s.ep.rosidl_typesupport_fastrtps_c.c
[0.944s] -- Up-to-date: /home/pi/ros2_case_study/install/vesc_msgs/lib/python3.12/site-packages/vesc_msgs/_vesc_msgs_s.ep.rosidl_typesupport_introspection_c.c
[0.944s] -- Up-to-date: /home/pi/ros2_case_study/install/vesc_msgs/lib/python3.12/site-packages/vesc_msgs/msg
[0.944s] -- Up-to-date: /home/pi/ros2_case_study/install/vesc_msgs/lib/python3.12/site-packages/vesc_msgs/msg/_vesc_imu_s.c
[0.944s] -- Up-to-date: /home/pi/ros2_case_study/install/vesc_msgs/lib/python3.12/site-packages/vesc_msgs/msg/_vesc_imu_stamped.py
[0.944s] -- Up-to-date: /home/pi/ros2_case_study/install/vesc_msgs/lib/python3.12/site-packages/vesc_msgs/msg/_vesc_state_s.c
[0.944s] -- Up-to-date: /home/pi/ros2_case_study/install/vesc_msgs/lib/python3.12/site-packages/vesc_msgs/msg/_vesc_state.py
[0.944s] -- Up-to-date: /home/pi/ros2_case_study/install/vesc_msgs/lib/python3.12/site-packages/vesc_msgs/msg/__init__.py
[0.945s] -- Up-to-date: /home/pi/ros2_case_study/install/vesc_msgs/lib/python3.12/site-packages/vesc_msgs/msg/_vesc_imu_stamped_s.c
[0.945s] -- Up-to-date: /home/pi/ros2_case_study/install/vesc_msgs/lib/python3.12/site-packages/vesc_msgs/msg/_vesc_state_stamped.py
[0.945s] -- Up-to-date: /home/pi/ros2_case_study/install/vesc_msgs/lib/python3.12/site-packages/vesc_msgs/msg/_vesc_state_stamped_s.c
[0.945s] -- Up-to-date: /home/pi/ros2_case_study/install/vesc_msgs/lib/python3.12/site-packages/vesc_msgs/msg/_vesc_imu.py
[0.945s] -- Up-to-date: /home/pi/ros2_case_study/install/vesc_msgs/lib/python3.12/site-packages/vesc_msgs/_vesc_msgs_s.ep.rosidl_typesupport_c.c
[0.945s] -- Up-to-date: /home/pi/ros2_case_study/install/vesc_msgs/lib/python3.12/site-packages/vesc_msgs/__init__.py
[0.945s] -- Up-to-date: /home/pi/ros2_case_study/install/vesc_msgs/lib/python3.12/site-packages/vesc_msgs/vesc_msgs_s__rosidl_typesupport_introspection_c.so
[0.945s] -- Up-to-date: /home/pi/ros2_case_study/install/vesc_msgs/lib/python3.12/site-packages/vesc_msgs/vesc_msgs_s__rosidl_typesupport_fastrtps_c.so
[0.945s] -- Up-to-date: /home/pi/ros2_case_study/install/vesc_msgs/lib/python3.12/site-packages/vesc_msgs/vesc_msgs_s__rosidl_typesupport_c.so
[0.997s] Listing '/home/pi/ros2_case_study/install/vesc_msgs/lib/python3.12/site-packages/vesc_msgs'...
[0.997s] Listing '/home/pi/ros2_case_study/install/vesc_msgs/lib/python3.12/site-packages/vesc_msgs/msg'...
[1.018s] -- Up-to-date: /home/pi/ros2_case_study/install/vesc_msgs/lib/python3.12/site-packages/vesc_msgs/vesc_msgs_s__rosidl_typesupport_fastrtps_c.so
[1.019s] -- Up-to-date: /home/pi/ros2_case_study/install/vesc_msgs/lib/python3.12/site-packages/vesc_msgs/vesc_msgs_s__rosidl_typesupport_introspection_c.so
[1.019s] -- Up-to-date: /home/pi/ros2_case_study/install/vesc_msgs/lib/python3.12/site-packages/vesc_msgs/vesc_msgs_s__rosidl_typesupport_c.so
[1.019s] -- Up-to-date: /home/pi/ros2_case_study/install/vesc_msgs/lib/libvesc_msgs__rosidl_generator_py.so
[1.020s] -- Up-to-date: /home/pi/ros2_case_study/install/vesc_msgs/share/vesc_msgs/msg/VescState.idl
[1.020s] -- Up-to-date: /home/pi/ros2_case_study/install/vesc_msgs/share/vesc_msgs/msg/VescStateStamped.idl
[1.020s] -- Up-to-date: /home/pi/ros2_case_study/install/vesc_msgs/share/vesc_msgs/msg/VescImu.idl
[1.020s] -- Up-to-date: /home/pi/ros2_case_study/install/vesc_msgs/share/vesc_msgs/msg/VescImuStamped.idl
[1.020s] -- Up-to-date: /home/pi/ros2_case_study/install/vesc_msgs/share/vesc_msgs/msg/VescState.msg
[1.020s] -- Up-to-date: /home/pi/ros2_case_study/install/vesc_msgs/share/vesc_msgs/msg/VescStateStamped.msg
[1.020s] -- Up-to-date: /home/pi/ros2_case_study/install/vesc_msgs/share/vesc_msgs/msg/VescImu.msg
[1.020s] -- Up-to-date: /home/pi/ros2_case_study/install/vesc_msgs/share/vesc_msgs/msg/VescImuStamped.msg
[1.020s] -- Up-to-date: /home/pi/ros2_case_study/install/vesc_msgs/share/ament_index/resource_index/package_run_dependencies/vesc_msgs
[1.021s] -- Up-to-date: /home/pi/ros2_case_study/install/vesc_msgs/share/ament_index/resource_index/parent_prefix_path/vesc_msgs
[1.021s] -- Up-to-date: /home/pi/ros2_case_study/install/vesc_msgs/share/vesc_msgs/environment/ament_prefix_path.sh
[1.021s] -- Up-to-date: /home/pi/ros2_case_study/install/vesc_msgs/share/vesc_msgs/environment/ament_prefix_path.dsv
[1.021s] -- Up-to-date: /home/pi/ros2_case_study/install/vesc_msgs/share/vesc_msgs/environment/path.sh
[1.021s] -- Up-to-date: /home/pi/ros2_case_study/install/vesc_msgs/share/vesc_msgs/environment/path.dsv
[1.021s] -- Up-to-date: /home/pi/ros2_case_study/install/vesc_msgs/share/vesc_msgs/local_setup.bash
[1.021s] -- Up-to-date: /home/pi/ros2_case_study/install/vesc_msgs/share/vesc_msgs/local_setup.sh
[1.021s] -- Up-to-date: /home/pi/ros2_case_study/install/vesc_msgs/share/vesc_msgs/local_setup.zsh
[1.021s] -- Up-to-date: /home/pi/ros2_case_study/install/vesc_msgs/share/vesc_msgs/local_setup.dsv
[1.021s] -- Installing: /home/pi/ros2_case_study/install/vesc_msgs/share/vesc_msgs/package.dsv
[1.021s] -- Up-to-date: /home/pi/ros2_case_study/install/vesc_msgs/share/ament_index/resource_index/packages/vesc_msgs
[1.022s] -- Up-to-date: /home/pi/ros2_case_study/install/vesc_msgs/share/vesc_msgs/cmake/export_vesc_msgs__rosidl_generator_cExport.cmake
[1.022s] -- Up-to-date: /home/pi/ros2_case_study/install/vesc_msgs/share/vesc_msgs/cmake/export_vesc_msgs__rosidl_generator_cExport-noconfig.cmake
[1.022s] -- Up-to-date: /home/pi/ros2_case_study/install/vesc_msgs/share/vesc_msgs/cmake/export_vesc_msgs__rosidl_typesupport_fastrtps_cExport.cmake
[1.022s] -- Up-to-date: /home/pi/ros2_case_study/install/vesc_msgs/share/vesc_msgs/cmake/export_vesc_msgs__rosidl_typesupport_fastrtps_cExport-noconfig.cmake
[1.022s] -- Up-to-date: /home/pi/ros2_case_study/install/vesc_msgs/share/vesc_msgs/cmake/vesc_msgs__rosidl_typesupport_introspection_cExport.cmake
[1.022s] -- Up-to-date: /home/pi/ros2_case_study/install/vesc_msgs/share/vesc_msgs/cmake/vesc_msgs__rosidl_typesupport_introspection_cExport-noconfig.cmake
[1.022s] -- Up-to-date: /home/pi/ros2_case_study/install/vesc_msgs/share/vesc_msgs/cmake/vesc_msgs__rosidl_typesupport_cExport.cmake
[1.022s] -- Up-to-date: /home/pi/ros2_case_study/install/vesc_msgs/share/vesc_msgs/cmake/vesc_msgs__rosidl_typesupport_cExport-noconfig.cmake
[1.022s] -- Up-to-date: /home/pi/ros2_case_study/install/vesc_msgs/share/vesc_msgs/cmake/export_vesc_msgs__rosidl_generator_cppExport.cmake
[1.023s] -- Up-to-date: /home/pi/ros2_case_study/install/vesc_msgs/share/vesc_msgs/cmake/export_vesc_msgs__rosidl_typesupport_fastrtps_cppExport.cmake
[1.023s] -- Up-to-date: /home/pi/ros2_case_study/install/vesc_msgs/share/vesc_msgs/cmake/export_vesc_msgs__rosidl_typesupport_fastrtps_cppExport-noconfig.cmake
[1.023s] -- Up-to-date: /home/pi/ros2_case_study/install/vesc_msgs/share/vesc_msgs/cmake/vesc_msgs__rosidl_typesupport_introspection_cppExport.cmake
[1.023s] -- Up-to-date: /home/pi/ros2_case_study/install/vesc_msgs/share/vesc_msgs/cmake/vesc_msgs__rosidl_typesupport_introspection_cppExport-noconfig.cmake
[1.023s] -- Up-to-date: /home/pi/ros2_case_study/install/vesc_msgs/share/vesc_msgs/cmake/vesc_msgs__rosidl_typesupport_cppExport.cmake
[1.023s] -- Up-to-date: /home/pi/ros2_case_study/install/vesc_msgs/share/vesc_msgs/cmake/vesc_msgs__rosidl_typesupport_cppExport-noconfig.cmake
[1.023s] -- Up-to-date: /home/pi/ros2_case_study/install/vesc_msgs/share/vesc_msgs/cmake/export_vesc_msgs__rosidl_generator_pyExport.cmake
[1.023s] -- Up-to-date: /home/pi/ros2_case_study/install/vesc_msgs/share/vesc_msgs/cmake/export_vesc_msgs__rosidl_generator_pyExport-noconfig.cmake
[1.023s] -- Up-to-date: /home/pi/ros2_case_study/install/vesc_msgs/share/vesc_msgs/cmake/rosidl_cmake-extras.cmake
[1.023s] -- Up-to-date: /home/pi/ros2_case_study/install/vesc_msgs/share/vesc_msgs/cmake/ament_cmake_export_dependencies-extras.cmake
[1.023s] -- Up-to-date: /home/pi/ros2_case_study/install/vesc_msgs/share/vesc_msgs/cmake/ament_cmake_export_include_directories-extras.cmake
[1.024s] -- Up-to-date: /home/pi/ros2_case_study/install/vesc_msgs/share/vesc_msgs/cmake/ament_cmake_export_libraries-extras.cmake
[1.024s] -- Up-to-date: /home/pi/ros2_case_study/install/vesc_msgs/share/vesc_msgs/cmake/ament_cmake_export_targets-extras.cmake
[1.024s] -- Up-to-date: /home/pi/ros2_case_study/install/vesc_msgs/share/vesc_msgs/cmake/rosidl_cmake_export_typesupport_targets-extras.cmake
[1.024s] -- Up-to-date: /home/pi/ros2_case_study/install/vesc_msgs/share/vesc_msgs/cmake/rosidl_cmake_export_typesupport_libraries-extras.cmake
[1.024s] -- Up-to-date: /home/pi/ros2_case_study/install/vesc_msgs/share/vesc_msgs/cmake/vesc_msgsConfig.cmake
[1.024s] -- Up-to-date: /home/pi/ros2_case_study/install/vesc_msgs/share/vesc_msgs/cmake/vesc_msgsConfig-version.cmake
[1.024s] -- Up-to-date: /home/pi/ros2_case_study/install/vesc_msgs/share/vesc_msgs/package.xml
[1.027s] Invoked command in '/home/pi/ros2_case_study/build/vesc_msgs' returned '0': CMAKE_PREFIX_PATH=${CMAKE_PREFIX_PATH}:/home/pi/ros2_case_study/install/drive:/home/pi/ros2_ws/install/drive:/opt/ros/kilted DEBUGINFOD_URLS=https://debuginfod.ubuntu.com /usr/bin/cmake --install /home/pi/ros2_case_study/build/vesc_msgs
