running egg_info
writing ../build/drive/drive.egg-info/PKG-INFO
writing dependency_links to ../build/drive/drive.egg-info/dependency_links.txt
writing entry points to ../build/drive/drive.egg-info/entry_points.txt
writing requirements to ../build/drive/drive.egg-info/requires.txt
writing top-level names to ../build/drive/drive.egg-info/top_level.txt
reading manifest file '../build/drive/drive.egg-info/SOURCES.txt'
adding license file 'LICENSE'
writing manifest file '../build/drive/drive.egg-info/SOURCES.txt'
running build
running build_py
copying drive/drive.py -> /home/pi/ros2_ws/src/build/drive/build/lib/drive
running install
running install_lib
copying /home/pi/ros2_ws/src/build/drive/build/lib/drive/drive.py -> /home/pi/ros2_ws/src/install/drive/lib/python3.12/site-packages/drive
byte-compiling /home/pi/ros2_ws/src/install/drive/lib/python3.12/site-packages/drive/drive.py to drive.cpython-312.pyc
running install_data
running install_egg_info
removing '/home/pi/ros2_ws/src/install/drive/lib/python3.12/site-packages/drive-0.0.0-py3.12.egg-info' (and everything under it)
Copying ../build/drive/drive.egg-info to /home/pi/ros2_ws/src/install/drive/lib/python3.12/site-packages/drive-0.0.0-py3.12.egg-info
running install_scripts
Installing talker script to /home/pi/ros2_ws/src/install/drive/lib/drive
writing list of installed files to '/home/pi/ros2_ws/src/build/drive/install.log'
