[0.026s] Invoking command in '/home/pi/ros2_case_study/build/vesc': AMENT_PREFIX_PATH=/home/pi/ros2_case_study/install/vesc_driver:/home/pi/ros2_case_study/install/vesc_msgs:${AMENT_PREFIX_PATH} CMAKE_PREFIX_PATH=/home/pi/ros2_case_study/install/vesc_driver:/home/pi/ros2_case_study/install/vesc_msgs:/home/pi/ros2_ws/install/vesc:/home/pi/ros2_ws/install/vesc_driver:/home/pi/ros2_ws/install/vesc_msgs:/opt/ros/kilted/opt/sdformat_vendor:/opt/ros/kilted/opt/gz_math_vendor:/opt/ros/kilted/opt/gz_utils_vendor:/opt/ros/kilted/opt/gz_tools_vendor:/opt/ros/kilted/opt/gz_cmake_vendor:/home/pi/ros2_ws/install/drive:/opt/ros/kilted DEBUGINFOD_URLS=https://debuginfod.ubuntu.com LD_LIBRARY_PATH=/home/pi/ros2_case_study/install/vesc_driver/lib:/home/pi/ros2_case_study/install/vesc_msgs/lib:${LD_LIBRARY_PATH} PYTHONPATH=/home/pi/ros2_case_study/install/vesc_msgs/lib/python3.12/site-packages:${PYTHONPATH} /usr/bin/cmake /home/pi/ros2_case_study/src/vesc/vesc -DCMAKE_INSTALL_PREFIX=/home/pi/ros2_case_study/install/vesc
[0.139s] -- The C compiler identification is GNU 13.3.0
[0.246s] -- The CXX compiler identification is GNU 13.3.0
[0.274s] -- Detecting C compiler ABI info
[0.452s] -- Detecting C compiler ABI info - done
[0.466s] -- Check for working C compiler: /usr/bin/cc - skipped
[0.467s] -- Detecting C compile features
[0.467s] -- Detecting C compile features - done
[0.483s] -- Detecting CXX compiler ABI info
[0.676s] -- Detecting CXX compiler ABI info - done
[0.694s] -- Check for working CXX compiler: /usr/bin/c++ - skipped
[0.694s] -- Detecting CXX compile features
[0.695s] -- Detecting CXX compile features - done
[0.699s] -- Found ament_cmake_auto: 2.7.3 (/opt/ros/kilted/share/ament_cmake_auto/cmake)
[0.945s] -- Found Python3: /usr/bin/python3 (found version "3.12.3") found components: Interpreter 
[1.284s] -- Configuring done (1.2s)
[1.288s] -- Generating done (0.0s)
[1.292s] -- Build files have been written to: /home/pi/ros2_case_study/build/vesc
[1.301s] Invoked command in '/home/pi/ros2_case_study/build/vesc' returned '0': AMENT_PREFIX_PATH=/home/pi/ros2_case_study/install/vesc_driver:/home/pi/ros2_case_study/install/vesc_msgs:${AMENT_PREFIX_PATH} CMAKE_PREFIX_PATH=/home/pi/ros2_case_study/install/vesc_driver:/home/pi/ros2_case_study/install/vesc_msgs:/home/pi/ros2_ws/install/vesc:/home/pi/ros2_ws/install/vesc_driver:/home/pi/ros2_ws/install/vesc_msgs:/opt/ros/kilted/opt/sdformat_vendor:/opt/ros/kilted/opt/gz_math_vendor:/opt/ros/kilted/opt/gz_utils_vendor:/opt/ros/kilted/opt/gz_tools_vendor:/opt/ros/kilted/opt/gz_cmake_vendor:/home/pi/ros2_ws/install/drive:/opt/ros/kilted DEBUGINFOD_URLS=https://debuginfod.ubuntu.com LD_LIBRARY_PATH=/home/pi/ros2_case_study/install/vesc_driver/lib:/home/pi/ros2_case_study/install/vesc_msgs/lib:${LD_LIBRARY_PATH} PYTHONPATH=/home/pi/ros2_case_study/install/vesc_msgs/lib/python3.12/site-packages:${PYTHONPATH} /usr/bin/cmake /home/pi/ros2_case_study/src/vesc/vesc -DCMAKE_INSTALL_PREFIX=/home/pi/ros2_case_study/install/vesc
[1.303s] Invoking command in '/home/pi/ros2_case_study/build/vesc': AMENT_PREFIX_PATH=/home/pi/ros2_case_study/install/vesc_driver:/home/pi/ros2_case_study/install/vesc_msgs:${AMENT_PREFIX_PATH} CMAKE_PREFIX_PATH=/home/pi/ros2_case_study/install/vesc_driver:/home/pi/ros2_case_study/install/vesc_msgs:/home/pi/ros2_ws/install/vesc:/home/pi/ros2_ws/install/vesc_driver:/home/pi/ros2_ws/install/vesc_msgs:/opt/ros/kilted/opt/sdformat_vendor:/opt/ros/kilted/opt/gz_math_vendor:/opt/ros/kilted/opt/gz_utils_vendor:/opt/ros/kilted/opt/gz_tools_vendor:/opt/ros/kilted/opt/gz_cmake_vendor:/home/pi/ros2_ws/install/drive:/opt/ros/kilted DEBUGINFOD_URLS=https://debuginfod.ubuntu.com LD_LIBRARY_PATH=/home/pi/ros2_case_study/install/vesc_driver/lib:/home/pi/ros2_case_study/install/vesc_msgs/lib:${LD_LIBRARY_PATH} PYTHONPATH=/home/pi/ros2_case_study/install/vesc_msgs/lib/python3.12/site-packages:${PYTHONPATH} /usr/bin/cmake --build /home/pi/ros2_case_study/build/vesc -- -j4 -l4
[1.383s] Invoked command in '/home/pi/ros2_case_study/build/vesc' returned '0': AMENT_PREFIX_PATH=/home/pi/ros2_case_study/install/vesc_driver:/home/pi/ros2_case_study/install/vesc_msgs:${AMENT_PREFIX_PATH} CMAKE_PREFIX_PATH=/home/pi/ros2_case_study/install/vesc_driver:/home/pi/ros2_case_study/install/vesc_msgs:/home/pi/ros2_ws/install/vesc:/home/pi/ros2_ws/install/vesc_driver:/home/pi/ros2_ws/install/vesc_msgs:/opt/ros/kilted/opt/sdformat_vendor:/opt/ros/kilted/opt/gz_math_vendor:/opt/ros/kilted/opt/gz_utils_vendor:/opt/ros/kilted/opt/gz_tools_vendor:/opt/ros/kilted/opt/gz_cmake_vendor:/home/pi/ros2_ws/install/drive:/opt/ros/kilted DEBUGINFOD_URLS=https://debuginfod.ubuntu.com LD_LIBRARY_PATH=/home/pi/ros2_case_study/install/vesc_driver/lib:/home/pi/ros2_case_study/install/vesc_msgs/lib:${LD_LIBRARY_PATH} PYTHONPATH=/home/pi/ros2_case_study/install/vesc_msgs/lib/python3.12/site-packages:${PYTHONPATH} /usr/bin/cmake --build /home/pi/ros2_case_study/build/vesc -- -j4 -l4
[1.386s] Invoking command in '/home/pi/ros2_case_study/build/vesc': AMENT_PREFIX_PATH=/home/pi/ros2_case_study/install/vesc_driver:/home/pi/ros2_case_study/install/vesc_msgs:${AMENT_PREFIX_PATH} CMAKE_PREFIX_PATH=/home/pi/ros2_case_study/install/vesc_driver:/home/pi/ros2_case_study/install/vesc_msgs:/home/pi/ros2_ws/install/vesc:/home/pi/ros2_ws/install/vesc_driver:/home/pi/ros2_ws/install/vesc_msgs:/opt/ros/kilted/opt/sdformat_vendor:/opt/ros/kilted/opt/gz_math_vendor:/opt/ros/kilted/opt/gz_utils_vendor:/opt/ros/kilted/opt/gz_tools_vendor:/opt/ros/kilted/opt/gz_cmake_vendor:/home/pi/ros2_ws/install/drive:/opt/ros/kilted DEBUGINFOD_URLS=https://debuginfod.ubuntu.com LD_LIBRARY_PATH=/home/pi/ros2_case_study/install/vesc_driver/lib:/home/pi/ros2_case_study/install/vesc_msgs/lib:${LD_LIBRARY_PATH} PYTHONPATH=/home/pi/ros2_case_study/install/vesc_msgs/lib/python3.12/site-packages:${PYTHONPATH} /usr/bin/cmake --install /home/pi/ros2_case_study/build/vesc
[1.401s] -- Install configuration: ""
[1.402s] -- Installing: /home/pi/ros2_case_study/install/vesc/share/ament_index/resource_index/package_run_dependencies/vesc
[1.402s] -- Installing: /home/pi/ros2_case_study/install/vesc/share/ament_index/resource_index/parent_prefix_path/vesc
[1.402s] -- Installing: /home/pi/ros2_case_study/install/vesc/share/vesc/environment/ament_prefix_path.sh
[1.402s] -- Installing: /home/pi/ros2_case_study/install/vesc/share/vesc/environment/ament_prefix_path.dsv
[1.403s] -- Installing: /home/pi/ros2_case_study/install/vesc/share/vesc/environment/path.sh
[1.403s] -- Installing: /home/pi/ros2_case_study/install/vesc/share/vesc/environment/path.dsv
[1.403s] -- Installing: /home/pi/ros2_case_study/install/vesc/share/vesc/local_setup.bash
[1.403s] -- Installing: /home/pi/ros2_case_study/install/vesc/share/vesc/local_setup.sh
[1.403s] -- Installing: /home/pi/ros2_case_study/install/vesc/share/vesc/local_setup.zsh
[1.404s] -- Installing: /home/pi/ros2_case_study/install/vesc/share/vesc/local_setup.dsv
[1.404s] -- Installing: /home/pi/ros2_case_study/install/vesc/share/vesc/package.dsv
[1.404s] -- Installing: /home/pi/ros2_case_study/install/vesc/share/ament_index/resource_index/packages/vesc
[1.404s] -- Installing: /home/pi/ros2_case_study/install/vesc/share/vesc/cmake/vescConfig.cmake
[1.404s] -- Installing: /home/pi/ros2_case_study/install/vesc/share/vesc/cmake/vescConfig-version.cmake
[1.404s] -- Installing: /home/pi/ros2_case_study/install/vesc/share/vesc/package.xml
[1.408s] Invoked command in '/home/pi/ros2_case_study/build/vesc' returned '0': AMENT_PREFIX_PATH=/home/pi/ros2_case_study/install/vesc_driver:/home/pi/ros2_case_study/install/vesc_msgs:${AMENT_PREFIX_PATH} CMAKE_PREFIX_PATH=/home/pi/ros2_case_study/install/vesc_driver:/home/pi/ros2_case_study/install/vesc_msgs:/home/pi/ros2_ws/install/vesc:/home/pi/ros2_ws/install/vesc_driver:/home/pi/ros2_ws/install/vesc_msgs:/opt/ros/kilted/opt/sdformat_vendor:/opt/ros/kilted/opt/gz_math_vendor:/opt/ros/kilted/opt/gz_utils_vendor:/opt/ros/kilted/opt/gz_tools_vendor:/opt/ros/kilted/opt/gz_cmake_vendor:/home/pi/ros2_ws/install/drive:/opt/ros/kilted DEBUGINFOD_URLS=https://debuginfod.ubuntu.com LD_LIBRARY_PATH=/home/pi/ros2_case_study/install/vesc_driver/lib:/home/pi/ros2_case_study/install/vesc_msgs/lib:${LD_LIBRARY_PATH} PYTHONPATH=/home/pi/ros2_case_study/install/vesc_msgs/lib/python3.12/site-packages:${PYTHONPATH} /usr/bin/cmake --install /home/pi/ros2_case_study/build/vesc
