[0.043s] Invoking command in '/home/pi/ros2_case_study/build/vesc_msgs': CMAKE_PREFIX_PATH=${CMAKE_PREFIX_PATH}:/home/pi/ros2_ws/install/drive:/opt/ros/kilted DEBUGINFOD_URLS=https://debuginfod.ubuntu.com /usr/bin/cmake /home/pi/ros2_case_study/src/vesc/vesc_msgs -DCMAKE_INSTALL_PREFIX=/home/pi/ros2_case_study/install/vesc_msgs
[0.618s] -- The C compiler identification is GNU 13.3.0
[1.017s] -- The CXX compiler identification is GNU 13.3.0
[1.061s] -- Detecting C compiler ABI info
[1.275s] -- Detecting C compiler ABI info - done
[1.291s] -- Check for working C compiler: /usr/bin/cc - skipped
[1.292s] -- Detecting C compile features
[1.293s] -- Detecting C compile features - done
[1.315s] -- Detecting CXX compiler ABI info
[1.516s] -- Detecting CXX compiler ABI info - done
[1.531s] -- Check for working CXX compiler: /usr/bin/c++ - skipped
[1.532s] -- Detecting CXX compile features
[1.532s] -- Detecting CXX compile features - done
[1.541s] -- Found ament_cmake_auto: 2.7.3 (/opt/ros/kilted/share/ament_cmake_auto/cmake)
[1.809s] -- Found Python3: /usr/bin/python3 (found version "3.12.3") found components: Interpreter 
[2.265s] -- Using all available rosidl_typesupport_c: rosidl_typesupport_fastrtps_c;rosidl_typesupport_introspection_c
[2.376s] -- Using all available rosidl_typesupport_cpp: rosidl_typesupport_fastrtps_cpp;rosidl_typesupport_introspection_cpp
[2.474s] -- Found rosidl_adapter: 4.9.5 (/opt/ros/kilted/share/rosidl_adapter/cmake)
[3.549s] -- Found ament_cmake_ros_core: 0.14.3 (/opt/ros/kilted/share/ament_cmake_ros_core/cmake)
[4.373s] -- Using all available rosidl_typesupport_c: rosidl_typesupport_fastrtps_c;rosidl_typesupport_introspection_c
[5.508s] -- Using all available rosidl_typesupport_cpp: rosidl_typesupport_fastrtps_cpp;rosidl_typesupport_introspection_cpp
[6.259s] -- Found Python3: /usr/bin/python3 (found version "3.12.3") found components: Interpreter Development NumPy Development.Module Development.Embed 
[6.359s] -- Found ament_lint_auto: 0.19.2 (/opt/ros/kilted/share/ament_lint_auto/cmake)
[6.427s] -- Added test 'copyright' to check source files copyright and LICENSE
[6.431s] -- Added test 'lint_cmake' to check CMake code style
[6.434s] -- Added test 'xmllint' to check XML markup files
[6.440s] -- Configuring done (6.3s)
[6.510s] -- Generating done (0.1s)
[6.532s] -- Build files have been written to: /home/pi/ros2_case_study/build/vesc_msgs
[6.555s] Invoked command in '/home/pi/ros2_case_study/build/vesc_msgs' returned '0': CMAKE_PREFIX_PATH=${CMAKE_PREFIX_PATH}:/home/pi/ros2_ws/install/drive:/opt/ros/kilted DEBUGINFOD_URLS=https://debuginfod.ubuntu.com /usr/bin/cmake /home/pi/ros2_case_study/src/vesc/vesc_msgs -DCMAKE_INSTALL_PREFIX=/home/pi/ros2_case_study/install/vesc_msgs
[6.557s] Invoking command in '/home/pi/ros2_case_study/build/vesc_msgs': CMAKE_PREFIX_PATH=${CMAKE_PREFIX_PATH}:/home/pi/ros2_ws/install/drive:/opt/ros/kilted DEBUGINFOD_URLS=https://debuginfod.ubuntu.com /usr/bin/cmake --build /home/pi/ros2_case_study/build/vesc_msgs -- -j4 -l4
[6.658s] [  1%] [34m[1mGenerating type hashes for ROS interfaces[0m
[6.676s] [  1%] Built target ament_cmake_python_copy_vesc_msgs
[7.007s] running egg_info
[7.008s] creating vesc_msgs.egg-info
[7.039s] writing vesc_msgs.egg-info/PKG-INFO
[7.039s] writing dependency_links to vesc_msgs.egg-info/dependency_links.txt
[7.039s] writing top-level names to vesc_msgs.egg-info/top_level.txt
[7.039s] writing manifest file 'vesc_msgs.egg-info/SOURCES.txt'
[7.120s] reading manifest file 'vesc_msgs.egg-info/SOURCES.txt'
[7.121s] writing manifest file 'vesc_msgs.egg-info/SOURCES.txt'
[7.198s] [  1%] Built target ament_cmake_python_build_vesc_msgs_egg
[7.295s] [  1%] Built target vesc_msgs__rosidl_generator_type_description
[7.315s] [  3%] [34m[1mGenerating C code for ROS interfaces[0m
[7.347s] [  4%] [34m[1mGenerating C++ code for ROS interfaces[0m
[8.282s] [  4%] Built target vesc_msgs__cpp
[8.449s] [  7%] [32mBuilding C object CMakeFiles/vesc_msgs__rosidl_generator_c.dir/rosidl_generator_c/vesc_msgs/msg/detail/vesc_state__type_support.c.o[0m
[8.450s] [  7%] [32mBuilding C object CMakeFiles/vesc_msgs__rosidl_generator_c.dir/rosidl_generator_c/vesc_msgs/msg/detail/vesc_state__description.c.o[0m
[8.450s] [  9%] [32mBuilding C object CMakeFiles/vesc_msgs__rosidl_generator_c.dir/rosidl_generator_c/vesc_msgs/msg/detail/vesc_state__functions.c.o[0m
[8.452s] [ 10%] [32mBuilding C object CMakeFiles/vesc_msgs__rosidl_generator_c.dir/rosidl_generator_c/vesc_msgs/msg/detail/vesc_state_stamped__description.c.o[0m
[8.563s] [ 12%] [32mBuilding C object CMakeFiles/vesc_msgs__rosidl_generator_c.dir/rosidl_generator_c/vesc_msgs/msg/detail/vesc_state_stamped__functions.c.o[0m
[8.592s] [ 14%] [32mBuilding C object CMakeFiles/vesc_msgs__rosidl_generator_c.dir/rosidl_generator_c/vesc_msgs/msg/detail/vesc_state_stamped__type_support.c.o[0m
[8.598s] [ 15%] [32mBuilding C object CMakeFiles/vesc_msgs__rosidl_generator_c.dir/rosidl_generator_c/vesc_msgs/msg/detail/vesc_imu__description.c.o[0m
[8.638s] [ 17%] [32mBuilding C object CMakeFiles/vesc_msgs__rosidl_generator_c.dir/rosidl_generator_c/vesc_msgs/msg/detail/vesc_imu__functions.c.o[0m
[8.684s] [ 18%] [32mBuilding C object CMakeFiles/vesc_msgs__rosidl_generator_c.dir/rosidl_generator_c/vesc_msgs/msg/detail/vesc_imu__type_support.c.o[0m
[8.688s] [ 20%] [32mBuilding C object CMakeFiles/vesc_msgs__rosidl_generator_c.dir/rosidl_generator_c/vesc_msgs/msg/detail/vesc_imu_stamped__description.c.o[0m
[8.711s] [ 21%] [32mBuilding C object CMakeFiles/vesc_msgs__rosidl_generator_c.dir/rosidl_generator_c/vesc_msgs/msg/detail/vesc_imu_stamped__functions.c.o[0m
[8.766s] [ 23%] [32mBuilding C object CMakeFiles/vesc_msgs__rosidl_generator_c.dir/rosidl_generator_c/vesc_msgs/msg/detail/vesc_imu_stamped__type_support.c.o[0m
[8.829s] [ 25%] [32m[1mLinking C shared library libvesc_msgs__rosidl_generator_c.so[0m
[8.929s] [ 25%] Built target vesc_msgs__rosidl_generator_c
[8.958s] [ 31%] [34m[1mGenerating C++ type support dispatch for ROS interfaces[0m
[8.959s] [ 31%] [34m[1mGenerating C type support dispatch for ROS interfaces[0m
[8.959s] [ 31%] [34m[1mGenerating C type support for eProsima Fast-RTPS[0m
[8.959s] [ 31%] [34m[1mGenerating C introspection for ROS interfaces[0m
[9.908s] [ 32%] [32mBuilding CXX object CMakeFiles/vesc_msgs__rosidl_typesupport_c.dir/rosidl_typesupport_c/vesc_msgs/msg/vesc_state__type_support.cpp.o[0m
[9.949s] [ 34%] [32mBuilding CXX object CMakeFiles/vesc_msgs__rosidl_typesupport_cpp.dir/rosidl_typesupport_cpp/vesc_msgs/msg/vesc_state__type_support.cpp.o[0m
[10.060s] [ 35%] [32mBuilding CXX object CMakeFiles/vesc_msgs__rosidl_typesupport_c.dir/rosidl_typesupport_c/vesc_msgs/msg/vesc_state_stamped__type_support.cpp.o[0m
[10.119s] [ 37%] [32mBuilding C object CMakeFiles/vesc_msgs__rosidl_typesupport_introspection_c.dir/rosidl_typesupport_introspection_c/vesc_msgs/msg/detail/vesc_state__type_support.c.o[0m
[10.159s] [ 39%] [32mBuilding CXX object CMakeFiles/vesc_msgs__rosidl_typesupport_c.dir/rosidl_typesupport_c/vesc_msgs/msg/vesc_imu__type_support.cpp.o[0m
[10.213s] [ 40%] [32mBuilding C object CMakeFiles/vesc_msgs__rosidl_typesupport_introspection_c.dir/rosidl_typesupport_introspection_c/vesc_msgs/msg/detail/vesc_state_stamped__type_support.c.o[0m
[10.256s] [ 42%] [32mBuilding CXX object CMakeFiles/vesc_msgs__rosidl_typesupport_c.dir/rosidl_typesupport_c/vesc_msgs/msg/vesc_imu_stamped__type_support.cpp.o[0m
[10.257s] [ 43%] [32mBuilding CXX object CMakeFiles/vesc_msgs__rosidl_typesupport_fastrtps_c.dir/rosidl_typesupport_fastrtps_c/vesc_msgs/msg/detail/vesc_state__type_support_c.cpp.o[0m
[10.332s] [ 45%] [32mBuilding C object CMakeFiles/vesc_msgs__rosidl_typesupport_introspection_c.dir/rosidl_typesupport_introspection_c/vesc_msgs/msg/detail/vesc_imu__type_support.c.o[0m
[10.375s] [ 46%] [32m[1mLinking CXX shared library libvesc_msgs__rosidl_typesupport_c.so[0m
[10.443s] [ 48%] [32mBuilding C object CMakeFiles/vesc_msgs__rosidl_typesupport_introspection_c.dir/rosidl_typesupport_introspection_c/vesc_msgs/msg/detail/vesc_imu_stamped__type_support.c.o[0m
[10.493s] [ 48%] Built target vesc_msgs__rosidl_typesupport_c
[10.519s] [ 50%] [34m[1mGenerating C++ type support for eProsima Fast-RTPS[0m
[10.546s] [ 51%] [32m[1mLinking C shared library libvesc_msgs__rosidl_typesupport_introspection_c.so[0m
[10.656s] [ 51%] Built target vesc_msgs__rosidl_typesupport_introspection_c
[10.694s] [ 53%] [34m[1mGenerating C++ introspection for ROS interfaces[0m
[10.859s] [ 54%] [32mBuilding CXX object CMakeFiles/vesc_msgs__rosidl_typesupport_cpp.dir/rosidl_typesupport_cpp/vesc_msgs/msg/vesc_state_stamped__type_support.cpp.o[0m
[11.370s] [ 56%] [32mBuilding CXX object CMakeFiles/vesc_msgs__rosidl_typesupport_fastrtps_c.dir/rosidl_typesupport_fastrtps_c/vesc_msgs/msg/detail/vesc_state_stamped__type_support_c.cpp.o[0m
[11.483s] [ 57%] [32mBuilding CXX object CMakeFiles/vesc_msgs__rosidl_typesupport_cpp.dir/rosidl_typesupport_cpp/vesc_msgs/msg/vesc_imu__type_support.cpp.o[0m
[11.801s] [ 59%] [32mBuilding CXX object CMakeFiles/vesc_msgs__rosidl_typesupport_fastrtps_cpp.dir/rosidl_typesupport_fastrtps_cpp/vesc_msgs/msg/detail/dds_fastrtps/vesc_state__type_support.cpp.o[0m
[11.862s] [ 60%] [32mBuilding CXX object CMakeFiles/vesc_msgs__rosidl_typesupport_introspection_cpp.dir/rosidl_typesupport_introspection_cpp/vesc_msgs/msg/detail/vesc_state__type_support.cpp.o[0m
[12.215s] [ 62%] [32mBuilding CXX object CMakeFiles/vesc_msgs__rosidl_typesupport_cpp.dir/rosidl_typesupport_cpp/vesc_msgs/msg/vesc_imu_stamped__type_support.cpp.o[0m
[12.432s] [ 64%] [32mBuilding CXX object CMakeFiles/vesc_msgs__rosidl_typesupport_fastrtps_c.dir/rosidl_typesupport_fastrtps_c/vesc_msgs/msg/detail/vesc_imu__type_support_c.cpp.o[0m
[12.570s] [ 65%] [32mBuilding CXX object CMakeFiles/vesc_msgs__rosidl_typesupport_introspection_cpp.dir/rosidl_typesupport_introspection_cpp/vesc_msgs/msg/detail/vesc_state_stamped__type_support.cpp.o[0m
[12.930s] [ 67%] [32m[1mLinking CXX shared library libvesc_msgs__rosidl_typesupport_cpp.so[0m
[12.946s] [ 68%] [32mBuilding CXX object CMakeFiles/vesc_msgs__rosidl_typesupport_fastrtps_cpp.dir/rosidl_typesupport_fastrtps_cpp/vesc_msgs/msg/detail/dds_fastrtps/vesc_state_stamped__type_support.cpp.o[0m
[13.056s] [ 68%] Built target vesc_msgs__rosidl_typesupport_cpp
[13.081s] [ 70%] [32mBuilding CXX object CMakeFiles/vesc_msgs__rosidl_typesupport_fastrtps_c.dir/rosidl_typesupport_fastrtps_c/vesc_msgs/msg/detail/vesc_imu_stamped__type_support_c.cpp.o[0m
[13.313s] [ 71%] [32mBuilding CXX object CMakeFiles/vesc_msgs__rosidl_typesupport_introspection_cpp.dir/rosidl_typesupport_introspection_cpp/vesc_msgs/msg/detail/vesc_imu__type_support.cpp.o[0m
[13.472s] [ 73%] [32mBuilding CXX object CMakeFiles/vesc_msgs__rosidl_typesupport_fastrtps_cpp.dir/rosidl_typesupport_fastrtps_cpp/vesc_msgs/msg/detail/dds_fastrtps/vesc_imu__type_support.cpp.o[0m
[14.031s] [ 75%] [32mBuilding CXX object CMakeFiles/vesc_msgs__rosidl_typesupport_introspection_cpp.dir/rosidl_typesupport_introspection_cpp/vesc_msgs/msg/detail/vesc_imu_stamped__type_support.cpp.o[0m
[14.057s] [ 76%] [32mBuilding CXX object CMakeFiles/vesc_msgs__rosidl_typesupport_fastrtps_cpp.dir/rosidl_typesupport_fastrtps_cpp/vesc_msgs/msg/detail/dds_fastrtps/vesc_imu_stamped__type_support.cpp.o[0m
[14.112s] [ 78%] [32m[1mLinking CXX shared library libvesc_msgs__rosidl_typesupport_fastrtps_c.so[0m
[14.287s] [ 78%] Built target vesc_msgs__rosidl_typesupport_fastrtps_c
[14.648s] [ 79%] [32m[1mLinking CXX shared library libvesc_msgs__rosidl_typesupport_introspection_cpp.so[0m
[14.822s] [ 79%] Built target vesc_msgs__rosidl_typesupport_introspection_cpp
[14.919s] [ 81%] [32m[1mLinking CXX shared library libvesc_msgs__rosidl_typesupport_fastrtps_cpp.so[0m
[15.026s] [ 81%] Built target vesc_msgs__rosidl_typesupport_fastrtps_cpp
[15.068s] [ 81%] Built target vesc_msgs
[15.111s] [ 82%] [34m[1mGenerating Python code for ROS interfaces[0m
[16.359s] [ 82%] Built target vesc_msgs__py
[16.405s] [ 87%] [32mBuilding C object CMakeFiles/vesc_msgs__rosidl_generator_py.dir/rosidl_generator_py/vesc_msgs/msg/_vesc_imu_s.c.o[0m
[16.407s] [ 87%] [32mBuilding C object CMakeFiles/vesc_msgs__rosidl_generator_py.dir/rosidl_generator_py/vesc_msgs/msg/_vesc_state_s.c.o[0m
[16.407s] [ 87%] [32mBuilding C object CMakeFiles/vesc_msgs__rosidl_generator_py.dir/rosidl_generator_py/vesc_msgs/msg/_vesc_state_stamped_s.c.o[0m
[16.411s] [ 89%] [32mBuilding C object CMakeFiles/vesc_msgs__rosidl_generator_py.dir/rosidl_generator_py/vesc_msgs/msg/_vesc_imu_stamped_s.c.o[0m
[16.799s] [ 90%] [32m[1mLinking C shared library libvesc_msgs__rosidl_generator_py.so[0m
[16.904s] [ 90%] Built target vesc_msgs__rosidl_generator_py
[16.947s] [ 95%] [32mBuilding C object CMakeFiles/vesc_msgs_s__rosidl_typesupport_fastrtps_c.dir/rosidl_generator_py/vesc_msgs/_vesc_msgs_s.ep.rosidl_typesupport_fastrtps_c.c.o[0m
[16.947s] [ 95%] [32mBuilding C object CMakeFiles/vesc_msgs_s__rosidl_typesupport_introspection_c.dir/rosidl_generator_py/vesc_msgs/_vesc_msgs_s.ep.rosidl_typesupport_introspection_c.c.o[0m
[16.947s] [ 95%] [32mBuilding C object CMakeFiles/vesc_msgs_s__rosidl_typesupport_c.dir/rosidl_generator_py/vesc_msgs/_vesc_msgs_s.ep.rosidl_typesupport_c.c.o[0m
[17.159s] [ 96%] [32m[1mLinking C shared module rosidl_generator_py/vesc_msgs/vesc_msgs_s__rosidl_typesupport_c.so[0m
[17.162s] [ 98%] [32m[1mLinking C shared module rosidl_generator_py/vesc_msgs/vesc_msgs_s__rosidl_typesupport_introspection_c.so[0m
[17.170s] [100%] [32m[1mLinking C shared module rosidl_generator_py/vesc_msgs/vesc_msgs_s__rosidl_typesupport_fastrtps_c.so[0m
[17.231s] [100%] Built target vesc_msgs_s__rosidl_typesupport_c
[17.233s] [100%] Built target vesc_msgs_s__rosidl_typesupport_introspection_c
[17.246s] [100%] Built target vesc_msgs_s__rosidl_typesupport_fastrtps_c
[17.270s] Invoked command in '/home/pi/ros2_case_study/build/vesc_msgs' returned '0': CMAKE_PREFIX_PATH=${CMAKE_PREFIX_PATH}:/home/pi/ros2_ws/install/drive:/opt/ros/kilted DEBUGINFOD_URLS=https://debuginfod.ubuntu.com /usr/bin/cmake --build /home/pi/ros2_case_study/build/vesc_msgs -- -j4 -l4
[17.291s] Invoking command in '/home/pi/ros2_case_study/build/vesc_msgs': CMAKE_PREFIX_PATH=${CMAKE_PREFIX_PATH}:/home/pi/ros2_ws/install/drive:/opt/ros/kilted DEBUGINFOD_URLS=https://debuginfod.ubuntu.com /usr/bin/cmake --install /home/pi/ros2_case_study/build/vesc_msgs
[17.309s] -- Install configuration: ""
[17.310s] -- Installing: /home/pi/ros2_case_study/install/vesc_msgs/share/ament_index/resource_index/rosidl_interfaces/vesc_msgs
[17.310s] -- Installing: /home/pi/ros2_case_study/install/vesc_msgs/share/vesc_msgs/msg/VescState.json
[17.310s] -- Installing: /home/pi/ros2_case_study/install/vesc_msgs/share/vesc_msgs/msg/VescStateStamped.json
[17.310s] -- Installing: /home/pi/ros2_case_study/install/vesc_msgs/share/vesc_msgs/msg/VescImu.json
[17.310s] -- Installing: /home/pi/ros2_case_study/install/vesc_msgs/share/vesc_msgs/msg/VescImuStamped.json
[17.311s] -- Installing: /home/pi/ros2_case_study/install/vesc_msgs/include/vesc_msgs/vesc_msgs
[17.311s] -- Installing: /home/pi/ros2_case_study/install/vesc_msgs/include/vesc_msgs/vesc_msgs/msg
[17.311s] -- Installing: /home/pi/ros2_case_study/install/vesc_msgs/include/vesc_msgs/vesc_msgs/msg/vesc_state.h
[17.311s] -- Installing: /home/pi/ros2_case_study/install/vesc_msgs/include/vesc_msgs/vesc_msgs/msg/vesc_state_stamped.h
[17.311s] -- Installing: /home/pi/ros2_case_study/install/vesc_msgs/include/vesc_msgs/vesc_msgs/msg/vesc_imu_stamped.h
[17.311s] -- Installing: /home/pi/ros2_case_study/install/vesc_msgs/include/vesc_msgs/vesc_msgs/msg/rosidl_generator_c__visibility_control.h
[17.311s] -- Installing: /home/pi/ros2_case_study/install/vesc_msgs/include/vesc_msgs/vesc_msgs/msg/detail
[17.311s] -- Installing: /home/pi/ros2_case_study/install/vesc_msgs/include/vesc_msgs/vesc_msgs/msg/detail/vesc_state__functions.h
[17.312s] -- Installing: /home/pi/ros2_case_study/install/vesc_msgs/include/vesc_msgs/vesc_msgs/msg/detail/vesc_imu__type_support.h
[17.312s] -- Installing: /home/pi/ros2_case_study/install/vesc_msgs/include/vesc_msgs/vesc_msgs/msg/detail/vesc_imu__functions.c
[17.312s] -- Installing: /home/pi/ros2_case_study/install/vesc_msgs/include/vesc_msgs/vesc_msgs/msg/detail/vesc_imu_stamped__functions.c
[17.312s] -- Installing: /home/pi/ros2_case_study/install/vesc_msgs/include/vesc_msgs/vesc_msgs/msg/detail/vesc_state_stamped__type_support.h
[17.312s] -- Installing: /home/pi/ros2_case_study/install/vesc_msgs/include/vesc_msgs/vesc_msgs/msg/detail/vesc_state_stamped__functions.h
[17.312s] -- Installing: /home/pi/ros2_case_study/install/vesc_msgs/include/vesc_msgs/vesc_msgs/msg/detail/vesc_imu_stamped__type_support.c
[17.313s] -- Installing: /home/pi/ros2_case_study/install/vesc_msgs/include/vesc_msgs/vesc_msgs/msg/detail/vesc_imu_stamped__struct.h
[17.313s] -- Installing: /home/pi/ros2_case_study/install/vesc_msgs/include/vesc_msgs/vesc_msgs/msg/detail/vesc_imu__struct.h
[17.313s] -- Installing: /home/pi/ros2_case_study/install/vesc_msgs/include/vesc_msgs/vesc_msgs/msg/detail/vesc_state_stamped__description.c
[17.313s] -- Installing: /home/pi/ros2_case_study/install/vesc_msgs/include/vesc_msgs/vesc_msgs/msg/detail/vesc_state__type_support.c
[17.313s] -- Installing: /home/pi/ros2_case_study/install/vesc_msgs/include/vesc_msgs/vesc_msgs/msg/detail/vesc_imu__description.c
[17.313s] -- Installing: /home/pi/ros2_case_study/install/vesc_msgs/include/vesc_msgs/vesc_msgs/msg/detail/vesc_state__type_support.h
[17.313s] -- Installing: /home/pi/ros2_case_study/install/vesc_msgs/include/vesc_msgs/vesc_msgs/msg/detail/vesc_imu__type_support.c
[17.314s] -- Installing: /home/pi/ros2_case_study/install/vesc_msgs/include/vesc_msgs/vesc_msgs/msg/detail/vesc_state_stamped__struct.h
[17.314s] -- Installing: /home/pi/ros2_case_study/install/vesc_msgs/include/vesc_msgs/vesc_msgs/msg/detail/vesc_state__description.c
[17.314s] -- Installing: /home/pi/ros2_case_study/install/vesc_msgs/include/vesc_msgs/vesc_msgs/msg/detail/vesc_imu_stamped__type_support.h
[17.314s] -- Installing: /home/pi/ros2_case_study/install/vesc_msgs/include/vesc_msgs/vesc_msgs/msg/detail/vesc_state__struct.h
[17.314s] -- Installing: /home/pi/ros2_case_study/install/vesc_msgs/include/vesc_msgs/vesc_msgs/msg/detail/vesc_state__functions.c
[17.314s] -- Installing: /home/pi/ros2_case_study/install/vesc_msgs/include/vesc_msgs/vesc_msgs/msg/detail/vesc_state_stamped__type_support.c
[17.314s] -- Installing: /home/pi/ros2_case_study/install/vesc_msgs/include/vesc_msgs/vesc_msgs/msg/detail/vesc_imu_stamped__description.c
[17.314s] -- Installing: /home/pi/ros2_case_study/install/vesc_msgs/include/vesc_msgs/vesc_msgs/msg/detail/vesc_imu_stamped__functions.h
[17.315s] -- Installing: /home/pi/ros2_case_study/install/vesc_msgs/include/vesc_msgs/vesc_msgs/msg/detail/vesc_state_stamped__functions.c
[17.315s] -- Installing: /home/pi/ros2_case_study/install/vesc_msgs/include/vesc_msgs/vesc_msgs/msg/detail/vesc_imu__functions.h
[17.315s] -- Installing: /home/pi/ros2_case_study/install/vesc_msgs/include/vesc_msgs/vesc_msgs/msg/vesc_imu.h
[17.315s] -- Installing: /home/pi/ros2_case_study/install/vesc_msgs/share/vesc_msgs/environment/library_path.sh
[17.315s] -- Installing: /home/pi/ros2_case_study/install/vesc_msgs/share/vesc_msgs/environment/library_path.dsv
[17.316s] -- Installing: /home/pi/ros2_case_study/install/vesc_msgs/lib/libvesc_msgs__rosidl_generator_c.so
[17.316s] -- Set non-toolchain portion of runtime path of "/home/pi/ros2_case_study/install/vesc_msgs/lib/libvesc_msgs__rosidl_generator_c.so" to ""
[17.316s] -- Up-to-date: /home/pi/ros2_case_study/install/vesc_msgs/include/vesc_msgs/vesc_msgs
[17.316s] -- Up-to-date: /home/pi/ros2_case_study/install/vesc_msgs/include/vesc_msgs/vesc_msgs/msg
[17.317s] -- Installing: /home/pi/ros2_case_study/install/vesc_msgs/include/vesc_msgs/vesc_msgs/msg/rosidl_typesupport_fastrtps_c__visibility_control.h
[17.317s] -- Up-to-date: /home/pi/ros2_case_study/install/vesc_msgs/include/vesc_msgs/vesc_msgs/msg/detail
[17.317s] -- Installing: /home/pi/ros2_case_study/install/vesc_msgs/include/vesc_msgs/vesc_msgs/msg/detail/vesc_state__rosidl_typesupport_fastrtps_c.h
[17.317s] -- Installing: /home/pi/ros2_case_study/install/vesc_msgs/include/vesc_msgs/vesc_msgs/msg/detail/vesc_imu__rosidl_typesupport_fastrtps_c.h
[17.317s] -- Installing: /home/pi/ros2_case_study/install/vesc_msgs/include/vesc_msgs/vesc_msgs/msg/detail/vesc_state_stamped__rosidl_typesupport_fastrtps_c.h
[17.317s] -- Installing: /home/pi/ros2_case_study/install/vesc_msgs/include/vesc_msgs/vesc_msgs/msg/detail/vesc_imu_stamped__rosidl_typesupport_fastrtps_c.h
[17.317s] -- Installing: /home/pi/ros2_case_study/install/vesc_msgs/lib/libvesc_msgs__rosidl_typesupport_fastrtps_c.so
[17.318s] -- Set non-toolchain portion of runtime path of "/home/pi/ros2_case_study/install/vesc_msgs/lib/libvesc_msgs__rosidl_typesupport_fastrtps_c.so" to ""
[17.318s] -- Up-to-date: /home/pi/ros2_case_study/install/vesc_msgs/include/vesc_msgs/vesc_msgs
[17.318s] -- Up-to-date: /home/pi/ros2_case_study/install/vesc_msgs/include/vesc_msgs/vesc_msgs/msg
[17.318s] -- Installing: /home/pi/ros2_case_study/install/vesc_msgs/include/vesc_msgs/vesc_msgs/msg/rosidl_typesupport_introspection_c__visibility_control.h
[17.318s] -- Up-to-date: /home/pi/ros2_case_study/install/vesc_msgs/include/vesc_msgs/vesc_msgs/msg/detail
[17.318s] -- Installing: /home/pi/ros2_case_study/install/vesc_msgs/include/vesc_msgs/vesc_msgs/msg/detail/vesc_state_stamped__rosidl_typesupport_introspection_c.h
[17.319s] -- Installing: /home/pi/ros2_case_study/install/vesc_msgs/include/vesc_msgs/vesc_msgs/msg/detail/vesc_imu_stamped__type_support.c
[17.319s] -- Installing: /home/pi/ros2_case_study/install/vesc_msgs/include/vesc_msgs/vesc_msgs/msg/detail/vesc_imu__rosidl_typesupport_introspection_c.h
[17.319s] -- Installing: /home/pi/ros2_case_study/install/vesc_msgs/include/vesc_msgs/vesc_msgs/msg/detail/vesc_imu_stamped__rosidl_typesupport_introspection_c.h
[17.319s] -- Installing: /home/pi/ros2_case_study/install/vesc_msgs/include/vesc_msgs/vesc_msgs/msg/detail/vesc_state__type_support.c
[17.319s] -- Installing: /home/pi/ros2_case_study/install/vesc_msgs/include/vesc_msgs/vesc_msgs/msg/detail/vesc_imu__type_support.c
[17.319s] -- Installing: /home/pi/ros2_case_study/install/vesc_msgs/include/vesc_msgs/vesc_msgs/msg/detail/vesc_state__rosidl_typesupport_introspection_c.h
[17.319s] -- Installing: /home/pi/ros2_case_study/install/vesc_msgs/include/vesc_msgs/vesc_msgs/msg/detail/vesc_state_stamped__type_support.c
[17.319s] -- Installing: /home/pi/ros2_case_study/install/vesc_msgs/lib/libvesc_msgs__rosidl_typesupport_introspection_c.so
[17.320s] -- Set non-toolchain portion of runtime path of "/home/pi/ros2_case_study/install/vesc_msgs/lib/libvesc_msgs__rosidl_typesupport_introspection_c.so" to ""
[17.320s] -- Installing: /home/pi/ros2_case_study/install/vesc_msgs/lib/libvesc_msgs__rosidl_typesupport_c.so
[17.321s] -- Set non-toolchain portion of runtime path of "/home/pi/ros2_case_study/install/vesc_msgs/lib/libvesc_msgs__rosidl_typesupport_c.so" to ""
[17.321s] -- Up-to-date: /home/pi/ros2_case_study/install/vesc_msgs/include/vesc_msgs/vesc_msgs
[17.321s] -- Up-to-date: /home/pi/ros2_case_study/install/vesc_msgs/include/vesc_msgs/vesc_msgs/msg
[17.321s] -- Installing: /home/pi/ros2_case_study/install/vesc_msgs/include/vesc_msgs/vesc_msgs/msg/rosidl_generator_cpp__visibility_control.hpp
[17.321s] -- Installing: /home/pi/ros2_case_study/install/vesc_msgs/include/vesc_msgs/vesc_msgs/msg/vesc_state.hpp
[17.322s] -- Installing: /home/pi/ros2_case_study/install/vesc_msgs/include/vesc_msgs/vesc_msgs/msg/vesc_imu_stamped.hpp
[17.322s] -- Installing: /home/pi/ros2_case_study/install/vesc_msgs/include/vesc_msgs/vesc_msgs/msg/vesc_imu.hpp
[17.322s] -- Installing: /home/pi/ros2_case_study/install/vesc_msgs/include/vesc_msgs/vesc_msgs/msg/vesc_state_stamped.hpp
[17.322s] -- Up-to-date: /home/pi/ros2_case_study/install/vesc_msgs/include/vesc_msgs/vesc_msgs/msg/detail
[17.322s] -- Installing: /home/pi/ros2_case_study/install/vesc_msgs/include/vesc_msgs/vesc_msgs/msg/detail/vesc_state__traits.hpp
[17.322s] -- Installing: /home/pi/ros2_case_study/install/vesc_msgs/include/vesc_msgs/vesc_msgs/msg/detail/vesc_state_stamped__struct.hpp
[17.322s] -- Installing: /home/pi/ros2_case_study/install/vesc_msgs/include/vesc_msgs/vesc_msgs/msg/detail/vesc_imu_stamped__traits.hpp
[17.322s] -- Installing: /home/pi/ros2_case_study/install/vesc_msgs/include/vesc_msgs/vesc_msgs/msg/detail/vesc_state_stamped__type_support.hpp
[17.323s] -- Installing: /home/pi/ros2_case_study/install/vesc_msgs/include/vesc_msgs/vesc_msgs/msg/detail/vesc_imu_stamped__struct.hpp
[17.323s] -- Installing: /home/pi/ros2_case_study/install/vesc_msgs/include/vesc_msgs/vesc_msgs/msg/detail/vesc_imu__builder.hpp
[17.323s] -- Installing: /home/pi/ros2_case_study/install/vesc_msgs/include/vesc_msgs/vesc_msgs/msg/detail/vesc_imu_stamped__builder.hpp
[17.323s] -- Installing: /home/pi/ros2_case_study/install/vesc_msgs/include/vesc_msgs/vesc_msgs/msg/detail/vesc_state_stamped__traits.hpp
[17.323s] -- Installing: /home/pi/ros2_case_study/install/vesc_msgs/include/vesc_msgs/vesc_msgs/msg/detail/vesc_state__struct.hpp
[17.323s] -- Installing: /home/pi/ros2_case_study/install/vesc_msgs/include/vesc_msgs/vesc_msgs/msg/detail/vesc_state__builder.hpp
[17.323s] -- Installing: /home/pi/ros2_case_study/install/vesc_msgs/include/vesc_msgs/vesc_msgs/msg/detail/vesc_state_stamped__builder.hpp
[17.324s] -- Installing: /home/pi/ros2_case_study/install/vesc_msgs/include/vesc_msgs/vesc_msgs/msg/detail/vesc_imu__type_support.hpp
[17.324s] -- Installing: /home/pi/ros2_case_study/install/vesc_msgs/include/vesc_msgs/vesc_msgs/msg/detail/vesc_imu__traits.hpp
[17.324s] -- Installing: /home/pi/ros2_case_study/install/vesc_msgs/include/vesc_msgs/vesc_msgs/msg/detail/vesc_imu__struct.hpp
[17.324s] -- Installing: /home/pi/ros2_case_study/install/vesc_msgs/include/vesc_msgs/vesc_msgs/msg/detail/vesc_state__type_support.hpp
[17.324s] -- Installing: /home/pi/ros2_case_study/install/vesc_msgs/include/vesc_msgs/vesc_msgs/msg/detail/vesc_imu_stamped__type_support.hpp
[17.324s] -- Up-to-date: /home/pi/ros2_case_study/install/vesc_msgs/include/vesc_msgs/vesc_msgs
[17.324s] -- Up-to-date: /home/pi/ros2_case_study/install/vesc_msgs/include/vesc_msgs/vesc_msgs/msg
[17.325s] -- Installing: /home/pi/ros2_case_study/install/vesc_msgs/include/vesc_msgs/vesc_msgs/msg/rosidl_typesupport_fastrtps_cpp__visibility_control.h
[17.325s] -- Up-to-date: /home/pi/ros2_case_study/install/vesc_msgs/include/vesc_msgs/vesc_msgs/msg/detail
[17.325s] -- Installing: /home/pi/ros2_case_study/install/vesc_msgs/include/vesc_msgs/vesc_msgs/msg/detail/vesc_state_stamped__rosidl_typesupport_fastrtps_cpp.hpp
[17.325s] -- Installing: /home/pi/ros2_case_study/install/vesc_msgs/include/vesc_msgs/vesc_msgs/msg/detail/vesc_state__rosidl_typesupport_fastrtps_cpp.hpp
[17.325s] -- Installing: /home/pi/ros2_case_study/install/vesc_msgs/include/vesc_msgs/vesc_msgs/msg/detail/vesc_imu__rosidl_typesupport_fastrtps_cpp.hpp
[17.325s] -- Installing: /home/pi/ros2_case_study/install/vesc_msgs/include/vesc_msgs/vesc_msgs/msg/detail/dds_fastrtps
[17.325s] -- Installing: /home/pi/ros2_case_study/install/vesc_msgs/include/vesc_msgs/vesc_msgs/msg/detail/vesc_imu_stamped__rosidl_typesupport_fastrtps_cpp.hpp
[17.325s] -- Installing: /home/pi/ros2_case_study/install/vesc_msgs/lib/libvesc_msgs__rosidl_typesupport_fastrtps_cpp.so
[17.326s] -- Set non-toolchain portion of runtime path of "/home/pi/ros2_case_study/install/vesc_msgs/lib/libvesc_msgs__rosidl_typesupport_fastrtps_cpp.so" to ""
[17.326s] -- Up-to-date: /home/pi/ros2_case_study/install/vesc_msgs/include/vesc_msgs/vesc_msgs
[17.326s] -- Up-to-date: /home/pi/ros2_case_study/install/vesc_msgs/include/vesc_msgs/vesc_msgs/msg
[17.326s] -- Up-to-date: /home/pi/ros2_case_study/install/vesc_msgs/include/vesc_msgs/vesc_msgs/msg/detail
[17.326s] -- Installing: /home/pi/ros2_case_study/install/vesc_msgs/include/vesc_msgs/vesc_msgs/msg/detail/vesc_imu__type_support.cpp
[17.327s] -- Installing: /home/pi/ros2_case_study/install/vesc_msgs/include/vesc_msgs/vesc_msgs/msg/detail/vesc_imu_stamped__type_support.cpp
[17.327s] -- Installing: /home/pi/ros2_case_study/install/vesc_msgs/include/vesc_msgs/vesc_msgs/msg/detail/vesc_state__type_support.cpp
[17.327s] -- Installing: /home/pi/ros2_case_study/install/vesc_msgs/include/vesc_msgs/vesc_msgs/msg/detail/vesc_imu_stamped__rosidl_typesupport_introspection_cpp.hpp
[17.327s] -- Installing: /home/pi/ros2_case_study/install/vesc_msgs/include/vesc_msgs/vesc_msgs/msg/detail/vesc_state_stamped__rosidl_typesupport_introspection_cpp.hpp
[17.327s] -- Installing: /home/pi/ros2_case_study/install/vesc_msgs/include/vesc_msgs/vesc_msgs/msg/detail/vesc_imu__rosidl_typesupport_introspection_cpp.hpp
[17.327s] -- Installing: /home/pi/ros2_case_study/install/vesc_msgs/include/vesc_msgs/vesc_msgs/msg/detail/vesc_state_stamped__type_support.cpp
[17.327s] -- Installing: /home/pi/ros2_case_study/install/vesc_msgs/include/vesc_msgs/vesc_msgs/msg/detail/vesc_state__rosidl_typesupport_introspection_cpp.hpp
[17.327s] -- Installing: /home/pi/ros2_case_study/install/vesc_msgs/lib/libvesc_msgs__rosidl_typesupport_introspection_cpp.so
[17.328s] -- Set non-toolchain portion of runtime path of "/home/pi/ros2_case_study/install/vesc_msgs/lib/libvesc_msgs__rosidl_typesupport_introspection_cpp.so" to ""
[17.328s] -- Installing: /home/pi/ros2_case_study/install/vesc_msgs/lib/libvesc_msgs__rosidl_typesupport_cpp.so
[17.329s] -- Set non-toolchain portion of runtime path of "/home/pi/ros2_case_study/install/vesc_msgs/lib/libvesc_msgs__rosidl_typesupport_cpp.so" to ""
[17.329s] -- Installing: /home/pi/ros2_case_study/install/vesc_msgs/share/vesc_msgs/environment/pythonpath.sh
[17.329s] -- Installing: /home/pi/ros2_case_study/install/vesc_msgs/share/vesc_msgs/environment/pythonpath.dsv
[17.329s] -- Installing: /home/pi/ros2_case_study/install/vesc_msgs/lib/python3.12/site-packages/vesc_msgs-1.1.0-py3.12.egg-info
[17.329s] -- Installing: /home/pi/ros2_case_study/install/vesc_msgs/lib/python3.12/site-packages/vesc_msgs-1.1.0-py3.12.egg-info/dependency_links.txt
[17.329s] -- Installing: /home/pi/ros2_case_study/install/vesc_msgs/lib/python3.12/site-packages/vesc_msgs-1.1.0-py3.12.egg-info/top_level.txt
[17.330s] -- Installing: /home/pi/ros2_case_study/install/vesc_msgs/lib/python3.12/site-packages/vesc_msgs-1.1.0-py3.12.egg-info/SOURCES.txt
[17.330s] -- Installing: /home/pi/ros2_case_study/install/vesc_msgs/lib/python3.12/site-packages/vesc_msgs-1.1.0-py3.12.egg-info/PKG-INFO
[17.330s] -- Installing: /home/pi/ros2_case_study/install/vesc_msgs/lib/python3.12/site-packages/vesc_msgs
[17.330s] -- Installing: /home/pi/ros2_case_study/install/vesc_msgs/lib/python3.12/site-packages/vesc_msgs/_vesc_msgs_s.ep.rosidl_typesupport_fastrtps_c.c
[17.330s] -- Installing: /home/pi/ros2_case_study/install/vesc_msgs/lib/python3.12/site-packages/vesc_msgs/_vesc_msgs_s.ep.rosidl_typesupport_introspection_c.c
[17.330s] -- Installing: /home/pi/ros2_case_study/install/vesc_msgs/lib/python3.12/site-packages/vesc_msgs/msg
[17.330s] -- Installing: /home/pi/ros2_case_study/install/vesc_msgs/lib/python3.12/site-packages/vesc_msgs/msg/_vesc_imu_s.c
[17.330s] -- Installing: /home/pi/ros2_case_study/install/vesc_msgs/lib/python3.12/site-packages/vesc_msgs/msg/_vesc_imu_stamped.py
[17.331s] -- Installing: /home/pi/ros2_case_study/install/vesc_msgs/lib/python3.12/site-packages/vesc_msgs/msg/_vesc_state_s.c
[17.331s] -- Installing: /home/pi/ros2_case_study/install/vesc_msgs/lib/python3.12/site-packages/vesc_msgs/msg/_vesc_state.py
[17.331s] -- Installing: /home/pi/ros2_case_study/install/vesc_msgs/lib/python3.12/site-packages/vesc_msgs/msg/__init__.py
[17.331s] -- Installing: /home/pi/ros2_case_study/install/vesc_msgs/lib/python3.12/site-packages/vesc_msgs/msg/_vesc_imu_stamped_s.c
[17.331s] -- Installing: /home/pi/ros2_case_study/install/vesc_msgs/lib/python3.12/site-packages/vesc_msgs/msg/_vesc_state_stamped.py
[17.331s] -- Installing: /home/pi/ros2_case_study/install/vesc_msgs/lib/python3.12/site-packages/vesc_msgs/msg/_vesc_state_stamped_s.c
[17.331s] -- Installing: /home/pi/ros2_case_study/install/vesc_msgs/lib/python3.12/site-packages/vesc_msgs/msg/_vesc_imu.py
[17.332s] -- Installing: /home/pi/ros2_case_study/install/vesc_msgs/lib/python3.12/site-packages/vesc_msgs/_vesc_msgs_s.ep.rosidl_typesupport_c.c
[17.332s] -- Installing: /home/pi/ros2_case_study/install/vesc_msgs/lib/python3.12/site-packages/vesc_msgs/__init__.py
[17.332s] -- Installing: /home/pi/ros2_case_study/install/vesc_msgs/lib/python3.12/site-packages/vesc_msgs/vesc_msgs_s__rosidl_typesupport_introspection_c.so
[17.332s] -- Installing: /home/pi/ros2_case_study/install/vesc_msgs/lib/python3.12/site-packages/vesc_msgs/vesc_msgs_s__rosidl_typesupport_fastrtps_c.so
[17.332s] -- Installing: /home/pi/ros2_case_study/install/vesc_msgs/lib/python3.12/site-packages/vesc_msgs/vesc_msgs_s__rosidl_typesupport_c.so
[17.405s] Listing '/home/pi/ros2_case_study/install/vesc_msgs/lib/python3.12/site-packages/vesc_msgs'...
[17.405s] Compiling '/home/pi/ros2_case_study/install/vesc_msgs/lib/python3.12/site-packages/vesc_msgs/__init__.py'...
[17.405s] Listing '/home/pi/ros2_case_study/install/vesc_msgs/lib/python3.12/site-packages/vesc_msgs/msg'...
[17.405s] Compiling '/home/pi/ros2_case_study/install/vesc_msgs/lib/python3.12/site-packages/vesc_msgs/msg/__init__.py'...
[17.405s] Compiling '/home/pi/ros2_case_study/install/vesc_msgs/lib/python3.12/site-packages/vesc_msgs/msg/_vesc_imu.py'...
[17.405s] Compiling '/home/pi/ros2_case_study/install/vesc_msgs/lib/python3.12/site-packages/vesc_msgs/msg/_vesc_imu_stamped.py'...
[17.405s] Compiling '/home/pi/ros2_case_study/install/vesc_msgs/lib/python3.12/site-packages/vesc_msgs/msg/_vesc_state.py'...
[17.405s] Compiling '/home/pi/ros2_case_study/install/vesc_msgs/lib/python3.12/site-packages/vesc_msgs/msg/_vesc_state_stamped.py'...
[17.418s] -- Installing: /home/pi/ros2_case_study/install/vesc_msgs/lib/python3.12/site-packages/vesc_msgs/vesc_msgs_s__rosidl_typesupport_fastrtps_c.so
[17.418s] -- Set non-toolchain portion of runtime path of "/home/pi/ros2_case_study/install/vesc_msgs/lib/python3.12/site-packages/vesc_msgs/vesc_msgs_s__rosidl_typesupport_fastrtps_c.so" to ""
[17.419s] -- Installing: /home/pi/ros2_case_study/install/vesc_msgs/lib/python3.12/site-packages/vesc_msgs/vesc_msgs_s__rosidl_typesupport_introspection_c.so
[17.419s] -- Set non-toolchain portion of runtime path of "/home/pi/ros2_case_study/install/vesc_msgs/lib/python3.12/site-packages/vesc_msgs/vesc_msgs_s__rosidl_typesupport_introspection_c.so" to ""
[17.419s] -- Installing: /home/pi/ros2_case_study/install/vesc_msgs/lib/python3.12/site-packages/vesc_msgs/vesc_msgs_s__rosidl_typesupport_c.so
[17.420s] -- Set non-toolchain portion of runtime path of "/home/pi/ros2_case_study/install/vesc_msgs/lib/python3.12/site-packages/vesc_msgs/vesc_msgs_s__rosidl_typesupport_c.so" to ""
[17.420s] -- Installing: /home/pi/ros2_case_study/install/vesc_msgs/lib/libvesc_msgs__rosidl_generator_py.so
[17.421s] -- Set non-toolchain portion of runtime path of "/home/pi/ros2_case_study/install/vesc_msgs/lib/libvesc_msgs__rosidl_generator_py.so" to ""
[17.421s] -- Installing: /home/pi/ros2_case_study/install/vesc_msgs/share/vesc_msgs/msg/VescState.idl
[17.421s] -- Installing: /home/pi/ros2_case_study/install/vesc_msgs/share/vesc_msgs/msg/VescStateStamped.idl
[17.421s] -- Installing: /home/pi/ros2_case_study/install/vesc_msgs/share/vesc_msgs/msg/VescImu.idl
[17.421s] -- Installing: /home/pi/ros2_case_study/install/vesc_msgs/share/vesc_msgs/msg/VescImuStamped.idl
[17.421s] -- Installing: /home/pi/ros2_case_study/install/vesc_msgs/share/vesc_msgs/msg/VescState.msg
[17.422s] -- Installing: /home/pi/ros2_case_study/install/vesc_msgs/share/vesc_msgs/msg/VescStateStamped.msg
[17.422s] -- Installing: /home/pi/ros2_case_study/install/vesc_msgs/share/vesc_msgs/msg/VescImu.msg
[17.422s] -- Installing: /home/pi/ros2_case_study/install/vesc_msgs/share/vesc_msgs/msg/VescImuStamped.msg
[17.422s] -- Installing: /home/pi/ros2_case_study/install/vesc_msgs/share/ament_index/resource_index/package_run_dependencies/vesc_msgs
[17.422s] -- Installing: /home/pi/ros2_case_study/install/vesc_msgs/share/ament_index/resource_index/parent_prefix_path/vesc_msgs
[17.423s] -- Installing: /home/pi/ros2_case_study/install/vesc_msgs/share/vesc_msgs/environment/ament_prefix_path.sh
[17.423s] -- Installing: /home/pi/ros2_case_study/install/vesc_msgs/share/vesc_msgs/environment/ament_prefix_path.dsv
[17.423s] -- Installing: /home/pi/ros2_case_study/install/vesc_msgs/share/vesc_msgs/environment/path.sh
[17.423s] -- Installing: /home/pi/ros2_case_study/install/vesc_msgs/share/vesc_msgs/environment/path.dsv
[17.423s] -- Installing: /home/pi/ros2_case_study/install/vesc_msgs/share/vesc_msgs/local_setup.bash
[17.423s] -- Installing: /home/pi/ros2_case_study/install/vesc_msgs/share/vesc_msgs/local_setup.sh
[17.424s] -- Installing: /home/pi/ros2_case_study/install/vesc_msgs/share/vesc_msgs/local_setup.zsh
[17.424s] -- Installing: /home/pi/ros2_case_study/install/vesc_msgs/share/vesc_msgs/local_setup.dsv
[17.424s] -- Installing: /home/pi/ros2_case_study/install/vesc_msgs/share/vesc_msgs/package.dsv
[17.424s] -- Installing: /home/pi/ros2_case_study/install/vesc_msgs/share/ament_index/resource_index/packages/vesc_msgs
[17.424s] -- Installing: /home/pi/ros2_case_study/install/vesc_msgs/share/vesc_msgs/cmake/export_vesc_msgs__rosidl_generator_cExport.cmake
[17.425s] -- Installing: /home/pi/ros2_case_study/install/vesc_msgs/share/vesc_msgs/cmake/export_vesc_msgs__rosidl_generator_cExport-noconfig.cmake
[17.425s] -- Installing: /home/pi/ros2_case_study/install/vesc_msgs/share/vesc_msgs/cmake/export_vesc_msgs__rosidl_typesupport_fastrtps_cExport.cmake
[17.425s] -- Installing: /home/pi/ros2_case_study/install/vesc_msgs/share/vesc_msgs/cmake/export_vesc_msgs__rosidl_typesupport_fastrtps_cExport-noconfig.cmake
[17.425s] -- Installing: /home/pi/ros2_case_study/install/vesc_msgs/share/vesc_msgs/cmake/vesc_msgs__rosidl_typesupport_introspection_cExport.cmake
[17.425s] -- Installing: /home/pi/ros2_case_study/install/vesc_msgs/share/vesc_msgs/cmake/vesc_msgs__rosidl_typesupport_introspection_cExport-noconfig.cmake
[17.425s] -- Installing: /home/pi/ros2_case_study/install/vesc_msgs/share/vesc_msgs/cmake/vesc_msgs__rosidl_typesupport_cExport.cmake
[17.426s] -- Installing: /home/pi/ros2_case_study/install/vesc_msgs/share/vesc_msgs/cmake/vesc_msgs__rosidl_typesupport_cExport-noconfig.cmake
[17.426s] -- Installing: /home/pi/ros2_case_study/install/vesc_msgs/share/vesc_msgs/cmake/export_vesc_msgs__rosidl_generator_cppExport.cmake
[17.426s] -- Installing: /home/pi/ros2_case_study/install/vesc_msgs/share/vesc_msgs/cmake/export_vesc_msgs__rosidl_typesupport_fastrtps_cppExport.cmake
[17.426s] -- Installing: /home/pi/ros2_case_study/install/vesc_msgs/share/vesc_msgs/cmake/export_vesc_msgs__rosidl_typesupport_fastrtps_cppExport-noconfig.cmake
[17.426s] -- Installing: /home/pi/ros2_case_study/install/vesc_msgs/share/vesc_msgs/cmake/vesc_msgs__rosidl_typesupport_introspection_cppExport.cmake
[17.427s] -- Installing: /home/pi/ros2_case_study/install/vesc_msgs/share/vesc_msgs/cmake/vesc_msgs__rosidl_typesupport_introspection_cppExport-noconfig.cmake
[17.427s] -- Installing: /home/pi/ros2_case_study/install/vesc_msgs/share/vesc_msgs/cmake/vesc_msgs__rosidl_typesupport_cppExport.cmake
[17.427s] -- Installing: /home/pi/ros2_case_study/install/vesc_msgs/share/vesc_msgs/cmake/vesc_msgs__rosidl_typesupport_cppExport-noconfig.cmake
[17.427s] -- Installing: /home/pi/ros2_case_study/install/vesc_msgs/share/vesc_msgs/cmake/export_vesc_msgs__rosidl_generator_pyExport.cmake
[17.428s] -- Installing: /home/pi/ros2_case_study/install/vesc_msgs/share/vesc_msgs/cmake/export_vesc_msgs__rosidl_generator_pyExport-noconfig.cmake
[17.428s] -- Installing: /home/pi/ros2_case_study/install/vesc_msgs/share/vesc_msgs/cmake/rosidl_cmake-extras.cmake
[17.428s] -- Installing: /home/pi/ros2_case_study/install/vesc_msgs/share/vesc_msgs/cmake/ament_cmake_export_dependencies-extras.cmake
[17.428s] -- Installing: /home/pi/ros2_case_study/install/vesc_msgs/share/vesc_msgs/cmake/ament_cmake_export_include_directories-extras.cmake
[17.428s] -- Installing: /home/pi/ros2_case_study/install/vesc_msgs/share/vesc_msgs/cmake/ament_cmake_export_libraries-extras.cmake
[17.429s] -- Installing: /home/pi/ros2_case_study/install/vesc_msgs/share/vesc_msgs/cmake/ament_cmake_export_targets-extras.cmake
[17.429s] -- Installing: /home/pi/ros2_case_study/install/vesc_msgs/share/vesc_msgs/cmake/rosidl_cmake_export_typesupport_targets-extras.cmake
[17.429s] -- Installing: /home/pi/ros2_case_study/install/vesc_msgs/share/vesc_msgs/cmake/rosidl_cmake_export_typesupport_libraries-extras.cmake
[17.429s] -- Installing: /home/pi/ros2_case_study/install/vesc_msgs/share/vesc_msgs/cmake/vesc_msgsConfig.cmake
[17.429s] -- Installing: /home/pi/ros2_case_study/install/vesc_msgs/share/vesc_msgs/cmake/vesc_msgsConfig-version.cmake
[17.429s] -- Installing: /home/pi/ros2_case_study/install/vesc_msgs/share/vesc_msgs/package.xml
[17.434s] Invoked command in '/home/pi/ros2_case_study/build/vesc_msgs' returned '0': CMAKE_PREFIX_PATH=${CMAKE_PREFIX_PATH}:/home/pi/ros2_ws/install/drive:/opt/ros/kilted DEBUGINFOD_URLS=https://debuginfod.ubuntu.com /usr/bin/cmake --install /home/pi/ros2_case_study/build/vesc_msgs
