[0.023s] Invoking command in '/home/pi/ros2_ws/build/vesc_msgs': CMAKE_PREFIX_PATH=${CMAKE_PREFIX_PATH}:/opt/ros/kilted DEBUGINFOD_URLS=https://debuginfod.ubuntu.com /usr/bin/cmake /home/pi/ros2_ws/src/vesc/vesc_msgs -DCMAKE_INSTALL_PREFIX=/home/pi/ros2_ws/install/vesc_msgs
[0.131s] -- The C compiler identification is GNU 13.3.0
[0.241s] -- The CXX compiler identification is GNU 13.3.0
[0.269s] -- Detecting C compiler ABI info
[0.441s] -- Detecting C compiler ABI info - done
[0.456s] -- Check for working C compiler: /usr/bin/cc - skipped
[0.456s] -- Detecting C compile features
[0.457s] -- Detecting C compile features - done
[0.472s] -- Detecting CXX compiler ABI info
[0.655s] -- Detecting CXX compiler ABI info - done
[0.670s] -- Check for working CXX compiler: /usr/bin/c++ - skipped
[0.670s] -- Detecting CXX compile features
[0.671s] -- Detecting CXX compile features - done
[0.674s] -- Found ament_cmake_auto: 2.7.3 (/opt/ros/kilted/share/ament_cmake_auto/cmake)
[0.897s] -- Found Python3: /usr/bin/python3 (found version "3.12.3") found components: Interpreter 
[1.231s] -- Using all available rosidl_typesupport_c: rosidl_typesupport_fastrtps_c;rosidl_typesupport_introspection_c
[1.295s] -- Using all available rosidl_typesupport_cpp: rosidl_typesupport_fastrtps_cpp;rosidl_typesupport_introspection_cpp
[1.354s] -- Found rosidl_adapter: 4.9.5 (/opt/ros/kilted/share/rosidl_adapter/cmake)
[2.312s] -- Found ament_cmake_ros_core: 0.14.3 (/opt/ros/kilted/share/ament_cmake_ros_core/cmake)
[3.097s] -- Using all available rosidl_typesupport_c: rosidl_typesupport_fastrtps_c;rosidl_typesupport_introspection_c
[4.162s] -- Using all available rosidl_typesupport_cpp: rosidl_typesupport_fastrtps_cpp;rosidl_typesupport_introspection_cpp
[4.891s] -- Found Python3: /usr/bin/python3 (found version "3.12.3") found components: Interpreter Development NumPy Development.Module Development.Embed 
[4.984s] -- Found ament_lint_auto: 0.19.2 (/opt/ros/kilted/share/ament_lint_auto/cmake)
[5.015s] -- Added test 'copyright' to check source files copyright and LICENSE
[5.019s] -- Added test 'lint_cmake' to check CMake code style
[5.020s] -- Added test 'xmllint' to check XML markup files
[5.024s] -- Configuring done (5.0s)
[5.086s] -- Generating done (0.0s)
[5.104s] -- Build files have been written to: /home/pi/ros2_ws/build/vesc_msgs
[5.130s] Invoked command in '/home/pi/ros2_ws/build/vesc_msgs' returned '0': CMAKE_PREFIX_PATH=${CMAKE_PREFIX_PATH}:/opt/ros/kilted DEBUGINFOD_URLS=https://debuginfod.ubuntu.com /usr/bin/cmake /home/pi/ros2_ws/src/vesc/vesc_msgs -DCMAKE_INSTALL_PREFIX=/home/pi/ros2_ws/install/vesc_msgs
[5.133s] Invoking command in '/home/pi/ros2_ws/build/vesc_msgs': CMAKE_PREFIX_PATH=${CMAKE_PREFIX_PATH}:/opt/ros/kilted DEBUGINFOD_URLS=https://debuginfod.ubuntu.com /usr/bin/cmake --build /home/pi/ros2_ws/build/vesc_msgs -- -j4 -l4
[5.230s] [  1%] [34m[1mGenerating type hashes for ROS interfaces[0m
[5.247s] [  1%] Built target ament_cmake_python_copy_vesc_msgs
[5.582s] running egg_info
[5.583s] creating vesc_msgs.egg-info
[5.610s] writing vesc_msgs.egg-info/PKG-INFO
[5.610s] writing dependency_links to vesc_msgs.egg-info/dependency_links.txt
[5.610s] writing top-level names to vesc_msgs.egg-info/top_level.txt
[5.610s] writing manifest file 'vesc_msgs.egg-info/SOURCES.txt'
[5.693s] reading manifest file 'vesc_msgs.egg-info/SOURCES.txt'
[5.694s] writing manifest file 'vesc_msgs.egg-info/SOURCES.txt'
[5.772s] [  1%] Built target ament_cmake_python_build_vesc_msgs_egg
[5.849s] [  1%] Built target vesc_msgs__rosidl_generator_type_description
[5.868s] [  3%] [34m[1mGenerating C code for ROS interfaces[0m
[5.888s] [  4%] [34m[1mGenerating C++ code for ROS interfaces[0m
[6.779s] [  4%] Built target vesc_msgs__cpp
[6.913s] [  9%] [32mBuilding C object CMakeFiles/vesc_msgs__rosidl_generator_c.dir/rosidl_generator_c/vesc_msgs/msg/detail/vesc_state__description.c.o[0m
[6.913s] [  9%] [32mBuilding C object CMakeFiles/vesc_msgs__rosidl_generator_c.dir/rosidl_generator_c/vesc_msgs/msg/detail/vesc_state_stamped__description.c.o[0m
[6.913s] [ 10%] [32mBuilding C object CMakeFiles/vesc_msgs__rosidl_generator_c.dir/rosidl_generator_c/vesc_msgs/msg/detail/vesc_state__functions.c.o[0m
[6.913s] [  9%] [32mBuilding C object CMakeFiles/vesc_msgs__rosidl_generator_c.dir/rosidl_generator_c/vesc_msgs/msg/detail/vesc_state__type_support.c.o[0m
[6.992s] [ 12%] [32mBuilding C object CMakeFiles/vesc_msgs__rosidl_generator_c.dir/rosidl_generator_c/vesc_msgs/msg/detail/vesc_state_stamped__functions.c.o[0m
[7.007s] [ 14%] [32mBuilding C object CMakeFiles/vesc_msgs__rosidl_generator_c.dir/rosidl_generator_c/vesc_msgs/msg/detail/vesc_state_stamped__type_support.c.o[0m
[7.015s] [ 15%] [32mBuilding C object CMakeFiles/vesc_msgs__rosidl_generator_c.dir/rosidl_generator_c/vesc_msgs/msg/detail/vesc_imu__description.c.o[0m
[7.050s] [ 17%] [32mBuilding C object CMakeFiles/vesc_msgs__rosidl_generator_c.dir/rosidl_generator_c/vesc_msgs/msg/detail/vesc_imu__functions.c.o[0m
[7.091s] [ 18%] [32mBuilding C object CMakeFiles/vesc_msgs__rosidl_generator_c.dir/rosidl_generator_c/vesc_msgs/msg/detail/vesc_imu__type_support.c.o[0m
[7.111s] [ 21%] [32mBuilding C object CMakeFiles/vesc_msgs__rosidl_generator_c.dir/rosidl_generator_c/vesc_msgs/msg/detail/vesc_imu_stamped__functions.c.o[0m
[7.111s] [ 21%] [32mBuilding C object CMakeFiles/vesc_msgs__rosidl_generator_c.dir/rosidl_generator_c/vesc_msgs/msg/detail/vesc_imu_stamped__description.c.o[0m
[7.173s] [ 23%] [32mBuilding C object CMakeFiles/vesc_msgs__rosidl_generator_c.dir/rosidl_generator_c/vesc_msgs/msg/detail/vesc_imu_stamped__type_support.c.o[0m
[7.236s] [ 25%] [32m[1mLinking C shared library libvesc_msgs__rosidl_generator_c.so[0m
[7.323s] [ 25%] Built target vesc_msgs__rosidl_generator_c
[7.350s] [ 28%] [34m[1mGenerating C++ type support for eProsima Fast-RTPS[0m
[7.350s] [ 28%] [34m[1mGenerating C++ introspection for ROS interfaces[0m
[7.351s] [ 29%] [34m[1mGenerating C introspection for ROS interfaces[0m
[7.351s] [ 31%] [34m[1mGenerating C type support dispatch for ROS interfaces[0m
[8.213s] [ 32%] [32mBuilding CXX object CMakeFiles/vesc_msgs__rosidl_typesupport_c.dir/rosidl_typesupport_c/vesc_msgs/msg/vesc_state__type_support.cpp.o[0m
[8.325s] [ 34%] [32mBuilding CXX object CMakeFiles/vesc_msgs__rosidl_typesupport_c.dir/rosidl_typesupport_c/vesc_msgs/msg/vesc_state_stamped__type_support.cpp.o[0m
[8.357s] [ 35%] [32mBuilding C object CMakeFiles/vesc_msgs__rosidl_typesupport_introspection_c.dir/rosidl_typesupport_introspection_c/vesc_msgs/msg/detail/vesc_state__type_support.c.o[0m
[8.358s] [ 37%] [32mBuilding CXX object CMakeFiles/vesc_msgs__rosidl_typesupport_introspection_cpp.dir/rosidl_typesupport_introspection_cpp/vesc_msgs/msg/detail/vesc_state__type_support.cpp.o[0m
[8.425s] [ 39%] [32mBuilding CXX object CMakeFiles/vesc_msgs__rosidl_typesupport_c.dir/rosidl_typesupport_c/vesc_msgs/msg/vesc_imu__type_support.cpp.o[0m
[8.453s] [ 40%] [32mBuilding C object CMakeFiles/vesc_msgs__rosidl_typesupport_introspection_c.dir/rosidl_typesupport_introspection_c/vesc_msgs/msg/detail/vesc_state_stamped__type_support.c.o[0m
[8.515s] [ 42%] [32mBuilding CXX object CMakeFiles/vesc_msgs__rosidl_typesupport_fastrtps_cpp.dir/rosidl_typesupport_fastrtps_cpp/vesc_msgs/msg/detail/dds_fastrtps/vesc_state__type_support.cpp.o[0m
[8.525s] [ 43%] [32mBuilding CXX object CMakeFiles/vesc_msgs__rosidl_typesupport_c.dir/rosidl_typesupport_c/vesc_msgs/msg/vesc_imu_stamped__type_support.cpp.o[0m
[8.551s] [ 45%] [32mBuilding C object CMakeFiles/vesc_msgs__rosidl_typesupport_introspection_c.dir/rosidl_typesupport_introspection_c/vesc_msgs/msg/detail/vesc_imu__type_support.c.o[0m
[8.636s] [ 46%] [32m[1mLinking CXX shared library libvesc_msgs__rosidl_typesupport_c.so[0m
[8.654s] [ 48%] [32mBuilding C object CMakeFiles/vesc_msgs__rosidl_typesupport_introspection_c.dir/rosidl_typesupport_introspection_c/vesc_msgs/msg/detail/vesc_imu_stamped__type_support.c.o[0m
[8.760s] [ 48%] Built target vesc_msgs__rosidl_typesupport_c
[8.760s] [ 50%] [32m[1mLinking C shared library libvesc_msgs__rosidl_typesupport_introspection_c.so[0m
[8.783s] [ 51%] [34m[1mGenerating C++ type support dispatch for ROS interfaces[0m
[8.850s] [ 51%] Built target vesc_msgs__rosidl_typesupport_introspection_c
[8.876s] [ 53%] [32mBuilding CXX object CMakeFiles/vesc_msgs__rosidl_typesupport_introspection_cpp.dir/rosidl_typesupport_introspection_cpp/vesc_msgs/msg/detail/vesc_state_stamped__type_support.cpp.o[0m
[9.076s] [ 54%] [32mBuilding CXX object CMakeFiles/vesc_msgs__rosidl_typesupport_introspection_cpp.dir/rosidl_typesupport_introspection_cpp/vesc_msgs/msg/detail/vesc_imu__type_support.cpp.o[0m
[9.577s] [ 56%] [32mBuilding CXX object CMakeFiles/vesc_msgs__rosidl_typesupport_introspection_cpp.dir/rosidl_typesupport_introspection_cpp/vesc_msgs/msg/detail/vesc_imu_stamped__type_support.cpp.o[0m
[9.624s] [ 57%] [32mBuilding CXX object CMakeFiles/vesc_msgs__rosidl_typesupport_fastrtps_cpp.dir/rosidl_typesupport_fastrtps_cpp/vesc_msgs/msg/detail/dds_fastrtps/vesc_state_stamped__type_support.cpp.o[0m
[9.802s] [ 59%] [32mBuilding CXX object CMakeFiles/vesc_msgs__rosidl_typesupport_cpp.dir/rosidl_typesupport_cpp/vesc_msgs/msg/vesc_state__type_support.cpp.o[0m
[9.816s] [ 60%] [32mBuilding CXX object CMakeFiles/vesc_msgs__rosidl_typesupport_cpp.dir/rosidl_typesupport_cpp/vesc_msgs/msg/vesc_state_stamped__type_support.cpp.o[0m
[10.322s] [ 62%] [32m[1mLinking CXX shared library libvesc_msgs__rosidl_typesupport_introspection_cpp.so[0m
[10.515s] [ 64%] [32mBuilding CXX object CMakeFiles/vesc_msgs__rosidl_typesupport_fastrtps_cpp.dir/rosidl_typesupport_fastrtps_cpp/vesc_msgs/msg/detail/dds_fastrtps/vesc_imu__type_support.cpp.o[0m
[10.518s] [ 65%] [32mBuilding CXX object CMakeFiles/vesc_msgs__rosidl_typesupport_cpp.dir/rosidl_typesupport_cpp/vesc_msgs/msg/vesc_imu__type_support.cpp.o[0m
[10.537s] [ 65%] Built target vesc_msgs__rosidl_typesupport_introspection_cpp
[10.564s] [ 67%] [34m[1mGenerating C type support for eProsima Fast-RTPS[0m
[10.741s] [ 68%] [32mBuilding CXX object CMakeFiles/vesc_msgs__rosidl_typesupport_fastrtps_cpp.dir/rosidl_typesupport_fastrtps_cpp/vesc_msgs/msg/detail/dds_fastrtps/vesc_imu_stamped__type_support.cpp.o[0m
[11.191s] [ 70%] [32mBuilding CXX object CMakeFiles/vesc_msgs__rosidl_typesupport_cpp.dir/rosidl_typesupport_cpp/vesc_msgs/msg/vesc_imu_stamped__type_support.cpp.o[0m
[11.724s] [ 71%] [32m[1mLinking CXX shared library libvesc_msgs__rosidl_typesupport_fastrtps_cpp.so[0m
[11.769s] [ 75%] [32mBuilding CXX object CMakeFiles/vesc_msgs__rosidl_typesupport_fastrtps_c.dir/rosidl_typesupport_fastrtps_c/vesc_msgs/msg/detail/vesc_state__type_support_c.cpp.o[0m
[11.770s] [ 75%] [32mBuilding CXX object CMakeFiles/vesc_msgs__rosidl_typesupport_fastrtps_c.dir/rosidl_typesupport_fastrtps_c/vesc_msgs/msg/detail/vesc_state_stamped__type_support_c.cpp.o[0m
[11.857s] [ 75%] Built target vesc_msgs__rosidl_typesupport_fastrtps_cpp
[11.881s] [ 76%] [32mBuilding CXX object CMakeFiles/vesc_msgs__rosidl_typesupport_fastrtps_c.dir/rosidl_typesupport_fastrtps_c/vesc_msgs/msg/detail/vesc_imu__type_support_c.cpp.o[0m
[11.895s] [ 78%] [32m[1mLinking CXX shared library libvesc_msgs__rosidl_typesupport_cpp.so[0m
[11.997s] [ 78%] Built target vesc_msgs__rosidl_typesupport_cpp
[12.018s] [ 79%] [32mBuilding CXX object CMakeFiles/vesc_msgs__rosidl_typesupport_fastrtps_c.dir/rosidl_typesupport_fastrtps_c/vesc_msgs/msg/detail/vesc_imu_stamped__type_support_c.cpp.o[0m
[12.950s] [ 81%] [32m[1mLinking CXX shared library libvesc_msgs__rosidl_typesupport_fastrtps_c.so[0m
[13.053s] [ 81%] Built target vesc_msgs__rosidl_typesupport_fastrtps_c
[13.095s] [ 81%] Built target vesc_msgs
[13.134s] [ 82%] [34m[1mGenerating Python code for ROS interfaces[0m
[14.370s] [ 82%] Built target vesc_msgs__py
[14.414s] [ 89%] [32mBuilding C object CMakeFiles/vesc_msgs__rosidl_generator_py.dir/rosidl_generator_py/vesc_msgs/msg/_vesc_imu_s.c.o[0m
[14.414s] [ 89%] [32mBuilding C object CMakeFiles/vesc_msgs__rosidl_generator_py.dir/rosidl_generator_py/vesc_msgs/msg/_vesc_state_s.c.o[0m
[14.414s] [ 89%] [32mBuilding C object CMakeFiles/vesc_msgs__rosidl_generator_py.dir/rosidl_generator_py/vesc_msgs/msg/_vesc_imu_stamped_s.c.o[0m
[14.414s] [ 89%] [32mBuilding C object CMakeFiles/vesc_msgs__rosidl_generator_py.dir/rosidl_generator_py/vesc_msgs/msg/_vesc_state_stamped_s.c.o[0m
[14.705s] [ 90%] [32m[1mLinking C shared library libvesc_msgs__rosidl_generator_py.so[0m
[14.799s] [ 90%] Built target vesc_msgs__rosidl_generator_py
[14.839s] [ 95%] [32mBuilding C object CMakeFiles/vesc_msgs_s__rosidl_typesupport_introspection_c.dir/rosidl_generator_py/vesc_msgs/_vesc_msgs_s.ep.rosidl_typesupport_introspection_c.c.o[0m
[14.840s] [ 95%] [32mBuilding C object CMakeFiles/vesc_msgs_s__rosidl_typesupport_fastrtps_c.dir/rosidl_generator_py/vesc_msgs/_vesc_msgs_s.ep.rosidl_typesupport_fastrtps_c.c.o[0m
[14.840s] [ 95%] [32mBuilding C object CMakeFiles/vesc_msgs_s__rosidl_typesupport_c.dir/rosidl_generator_py/vesc_msgs/_vesc_msgs_s.ep.rosidl_typesupport_c.c.o[0m
[15.047s] [ 98%] [32m[1mLinking C shared module rosidl_generator_py/vesc_msgs/vesc_msgs_s__rosidl_typesupport_c.so[0m
[15.049s] [ 98%] [32m[1mLinking C shared module rosidl_generator_py/vesc_msgs/vesc_msgs_s__rosidl_typesupport_introspection_c.so[0m
[15.063s] [100%] [32m[1mLinking C shared module rosidl_generator_py/vesc_msgs/vesc_msgs_s__rosidl_typesupport_fastrtps_c.so[0m
[15.116s] [100%] Built target vesc_msgs_s__rosidl_typesupport_introspection_c
[15.118s] [100%] Built target vesc_msgs_s__rosidl_typesupport_c
[15.137s] [100%] Built target vesc_msgs_s__rosidl_typesupport_fastrtps_c
[15.161s] Invoked command in '/home/pi/ros2_ws/build/vesc_msgs' returned '0': CMAKE_PREFIX_PATH=${CMAKE_PREFIX_PATH}:/opt/ros/kilted DEBUGINFOD_URLS=https://debuginfod.ubuntu.com /usr/bin/cmake --build /home/pi/ros2_ws/build/vesc_msgs -- -j4 -l4
[15.184s] Invoking command in '/home/pi/ros2_ws/build/vesc_msgs': CMAKE_PREFIX_PATH=${CMAKE_PREFIX_PATH}:/opt/ros/kilted DEBUGINFOD_URLS=https://debuginfod.ubuntu.com /usr/bin/cmake --install /home/pi/ros2_ws/build/vesc_msgs
[15.200s] -- Install configuration: ""
[15.200s] -- Installing: /home/pi/ros2_ws/install/vesc_msgs/share/ament_index/resource_index/rosidl_interfaces/vesc_msgs
[15.201s] -- Installing: /home/pi/ros2_ws/install/vesc_msgs/share/vesc_msgs/msg/VescState.json
[15.201s] -- Installing: /home/pi/ros2_ws/install/vesc_msgs/share/vesc_msgs/msg/VescStateStamped.json
[15.201s] -- Installing: /home/pi/ros2_ws/install/vesc_msgs/share/vesc_msgs/msg/VescImu.json
[15.201s] -- Installing: /home/pi/ros2_ws/install/vesc_msgs/share/vesc_msgs/msg/VescImuStamped.json
[15.201s] -- Installing: /home/pi/ros2_ws/install/vesc_msgs/include/vesc_msgs/vesc_msgs
[15.202s] -- Installing: /home/pi/ros2_ws/install/vesc_msgs/include/vesc_msgs/vesc_msgs/msg
[15.202s] -- Installing: /home/pi/ros2_ws/install/vesc_msgs/include/vesc_msgs/vesc_msgs/msg/vesc_state.h
[15.202s] -- Installing: /home/pi/ros2_ws/install/vesc_msgs/include/vesc_msgs/vesc_msgs/msg/vesc_state_stamped.h
[15.202s] -- Installing: /home/pi/ros2_ws/install/vesc_msgs/include/vesc_msgs/vesc_msgs/msg/vesc_imu_stamped.h
[15.202s] -- Installing: /home/pi/ros2_ws/install/vesc_msgs/include/vesc_msgs/vesc_msgs/msg/rosidl_generator_c__visibility_control.h
[15.202s] -- Installing: /home/pi/ros2_ws/install/vesc_msgs/include/vesc_msgs/vesc_msgs/msg/detail
[15.202s] -- Installing: /home/pi/ros2_ws/install/vesc_msgs/include/vesc_msgs/vesc_msgs/msg/detail/vesc_state__functions.h
[15.203s] -- Installing: /home/pi/ros2_ws/install/vesc_msgs/include/vesc_msgs/vesc_msgs/msg/detail/vesc_imu__type_support.h
[15.203s] -- Installing: /home/pi/ros2_ws/install/vesc_msgs/include/vesc_msgs/vesc_msgs/msg/detail/vesc_imu__functions.c
[15.203s] -- Installing: /home/pi/ros2_ws/install/vesc_msgs/include/vesc_msgs/vesc_msgs/msg/detail/vesc_imu_stamped__functions.c
[15.203s] -- Installing: /home/pi/ros2_ws/install/vesc_msgs/include/vesc_msgs/vesc_msgs/msg/detail/vesc_state_stamped__type_support.h
[15.203s] -- Installing: /home/pi/ros2_ws/install/vesc_msgs/include/vesc_msgs/vesc_msgs/msg/detail/vesc_state_stamped__functions.h
[15.203s] -- Installing: /home/pi/ros2_ws/install/vesc_msgs/include/vesc_msgs/vesc_msgs/msg/detail/vesc_imu_stamped__type_support.c
[15.204s] -- Installing: /home/pi/ros2_ws/install/vesc_msgs/include/vesc_msgs/vesc_msgs/msg/detail/vesc_imu_stamped__struct.h
[15.204s] -- Installing: /home/pi/ros2_ws/install/vesc_msgs/include/vesc_msgs/vesc_msgs/msg/detail/vesc_imu__struct.h
[15.204s] -- Installing: /home/pi/ros2_ws/install/vesc_msgs/include/vesc_msgs/vesc_msgs/msg/detail/vesc_state_stamped__description.c
[15.204s] -- Installing: /home/pi/ros2_ws/install/vesc_msgs/include/vesc_msgs/vesc_msgs/msg/detail/vesc_state__type_support.c
[15.204s] -- Installing: /home/pi/ros2_ws/install/vesc_msgs/include/vesc_msgs/vesc_msgs/msg/detail/vesc_imu__description.c
[15.204s] -- Installing: /home/pi/ros2_ws/install/vesc_msgs/include/vesc_msgs/vesc_msgs/msg/detail/vesc_state__type_support.h
[15.204s] -- Installing: /home/pi/ros2_ws/install/vesc_msgs/include/vesc_msgs/vesc_msgs/msg/detail/vesc_imu__type_support.c
[15.204s] -- Installing: /home/pi/ros2_ws/install/vesc_msgs/include/vesc_msgs/vesc_msgs/msg/detail/vesc_state_stamped__struct.h
[15.205s] -- Installing: /home/pi/ros2_ws/install/vesc_msgs/include/vesc_msgs/vesc_msgs/msg/detail/vesc_state__description.c
[15.205s] -- Installing: /home/pi/ros2_ws/install/vesc_msgs/include/vesc_msgs/vesc_msgs/msg/detail/vesc_imu_stamped__type_support.h
[15.205s] -- Installing: /home/pi/ros2_ws/install/vesc_msgs/include/vesc_msgs/vesc_msgs/msg/detail/vesc_state__struct.h
[15.205s] -- Installing: /home/pi/ros2_ws/install/vesc_msgs/include/vesc_msgs/vesc_msgs/msg/detail/vesc_state__functions.c
[15.205s] -- Installing: /home/pi/ros2_ws/install/vesc_msgs/include/vesc_msgs/vesc_msgs/msg/detail/vesc_state_stamped__type_support.c
[15.205s] -- Installing: /home/pi/ros2_ws/install/vesc_msgs/include/vesc_msgs/vesc_msgs/msg/detail/vesc_imu_stamped__description.c
[15.205s] -- Installing: /home/pi/ros2_ws/install/vesc_msgs/include/vesc_msgs/vesc_msgs/msg/detail/vesc_imu_stamped__functions.h
[15.206s] -- Installing: /home/pi/ros2_ws/install/vesc_msgs/include/vesc_msgs/vesc_msgs/msg/detail/vesc_state_stamped__functions.c
[15.206s] -- Installing: /home/pi/ros2_ws/install/vesc_msgs/include/vesc_msgs/vesc_msgs/msg/detail/vesc_imu__functions.h
[15.206s] -- Installing: /home/pi/ros2_ws/install/vesc_msgs/include/vesc_msgs/vesc_msgs/msg/vesc_imu.h
[15.206s] -- Installing: /home/pi/ros2_ws/install/vesc_msgs/share/vesc_msgs/environment/library_path.sh
[15.206s] -- Installing: /home/pi/ros2_ws/install/vesc_msgs/share/vesc_msgs/environment/library_path.dsv
[15.206s] -- Installing: /home/pi/ros2_ws/install/vesc_msgs/lib/libvesc_msgs__rosidl_generator_c.so
[15.207s] -- Set non-toolchain portion of runtime path of "/home/pi/ros2_ws/install/vesc_msgs/lib/libvesc_msgs__rosidl_generator_c.so" to ""
[15.207s] -- Up-to-date: /home/pi/ros2_ws/install/vesc_msgs/include/vesc_msgs/vesc_msgs
[15.207s] -- Up-to-date: /home/pi/ros2_ws/install/vesc_msgs/include/vesc_msgs/vesc_msgs/msg
[15.207s] -- Installing: /home/pi/ros2_ws/install/vesc_msgs/include/vesc_msgs/vesc_msgs/msg/rosidl_typesupport_fastrtps_c__visibility_control.h
[15.208s] -- Up-to-date: /home/pi/ros2_ws/install/vesc_msgs/include/vesc_msgs/vesc_msgs/msg/detail
[15.208s] -- Installing: /home/pi/ros2_ws/install/vesc_msgs/include/vesc_msgs/vesc_msgs/msg/detail/vesc_state__rosidl_typesupport_fastrtps_c.h
[15.208s] -- Installing: /home/pi/ros2_ws/install/vesc_msgs/include/vesc_msgs/vesc_msgs/msg/detail/vesc_imu__rosidl_typesupport_fastrtps_c.h
[15.208s] -- Installing: /home/pi/ros2_ws/install/vesc_msgs/include/vesc_msgs/vesc_msgs/msg/detail/vesc_state_stamped__rosidl_typesupport_fastrtps_c.h
[15.208s] -- Installing: /home/pi/ros2_ws/install/vesc_msgs/include/vesc_msgs/vesc_msgs/msg/detail/vesc_imu_stamped__rosidl_typesupport_fastrtps_c.h
[15.208s] -- Installing: /home/pi/ros2_ws/install/vesc_msgs/lib/libvesc_msgs__rosidl_typesupport_fastrtps_c.so
[15.209s] -- Set non-toolchain portion of runtime path of "/home/pi/ros2_ws/install/vesc_msgs/lib/libvesc_msgs__rosidl_typesupport_fastrtps_c.so" to ""
[15.209s] -- Up-to-date: /home/pi/ros2_ws/install/vesc_msgs/include/vesc_msgs/vesc_msgs
[15.209s] -- Up-to-date: /home/pi/ros2_ws/install/vesc_msgs/include/vesc_msgs/vesc_msgs/msg
[15.209s] -- Installing: /home/pi/ros2_ws/install/vesc_msgs/include/vesc_msgs/vesc_msgs/msg/rosidl_typesupport_introspection_c__visibility_control.h
[15.209s] -- Up-to-date: /home/pi/ros2_ws/install/vesc_msgs/include/vesc_msgs/vesc_msgs/msg/detail
[15.209s] -- Installing: /home/pi/ros2_ws/install/vesc_msgs/include/vesc_msgs/vesc_msgs/msg/detail/vesc_state_stamped__rosidl_typesupport_introspection_c.h
[15.209s] -- Installing: /home/pi/ros2_ws/install/vesc_msgs/include/vesc_msgs/vesc_msgs/msg/detail/vesc_imu_stamped__type_support.c
[15.209s] -- Installing: /home/pi/ros2_ws/install/vesc_msgs/include/vesc_msgs/vesc_msgs/msg/detail/vesc_imu__rosidl_typesupport_introspection_c.h
[15.209s] -- Installing: /home/pi/ros2_ws/install/vesc_msgs/include/vesc_msgs/vesc_msgs/msg/detail/vesc_imu_stamped__rosidl_typesupport_introspection_c.h
[15.210s] -- Installing: /home/pi/ros2_ws/install/vesc_msgs/include/vesc_msgs/vesc_msgs/msg/detail/vesc_state__type_support.c
[15.210s] -- Installing: /home/pi/ros2_ws/install/vesc_msgs/include/vesc_msgs/vesc_msgs/msg/detail/vesc_imu__type_support.c
[15.210s] -- Installing: /home/pi/ros2_ws/install/vesc_msgs/include/vesc_msgs/vesc_msgs/msg/detail/vesc_state__rosidl_typesupport_introspection_c.h
[15.210s] -- Installing: /home/pi/ros2_ws/install/vesc_msgs/include/vesc_msgs/vesc_msgs/msg/detail/vesc_state_stamped__type_support.c
[15.210s] -- Installing: /home/pi/ros2_ws/install/vesc_msgs/lib/libvesc_msgs__rosidl_typesupport_introspection_c.so
[15.211s] -- Set non-toolchain portion of runtime path of "/home/pi/ros2_ws/install/vesc_msgs/lib/libvesc_msgs__rosidl_typesupport_introspection_c.so" to ""
[15.211s] -- Installing: /home/pi/ros2_ws/install/vesc_msgs/lib/libvesc_msgs__rosidl_typesupport_c.so
[15.211s] -- Set non-toolchain portion of runtime path of "/home/pi/ros2_ws/install/vesc_msgs/lib/libvesc_msgs__rosidl_typesupport_c.so" to ""
[15.212s] -- Up-to-date: /home/pi/ros2_ws/install/vesc_msgs/include/vesc_msgs/vesc_msgs
[15.212s] -- Up-to-date: /home/pi/ros2_ws/install/vesc_msgs/include/vesc_msgs/vesc_msgs/msg
[15.212s] -- Installing: /home/pi/ros2_ws/install/vesc_msgs/include/vesc_msgs/vesc_msgs/msg/rosidl_generator_cpp__visibility_control.hpp
[15.212s] -- Installing: /home/pi/ros2_ws/install/vesc_msgs/include/vesc_msgs/vesc_msgs/msg/vesc_state.hpp
[15.212s] -- Installing: /home/pi/ros2_ws/install/vesc_msgs/include/vesc_msgs/vesc_msgs/msg/vesc_imu_stamped.hpp
[15.212s] -- Installing: /home/pi/ros2_ws/install/vesc_msgs/include/vesc_msgs/vesc_msgs/msg/vesc_imu.hpp
[15.212s] -- Installing: /home/pi/ros2_ws/install/vesc_msgs/include/vesc_msgs/vesc_msgs/msg/vesc_state_stamped.hpp
[15.212s] -- Up-to-date: /home/pi/ros2_ws/install/vesc_msgs/include/vesc_msgs/vesc_msgs/msg/detail
[15.212s] -- Installing: /home/pi/ros2_ws/install/vesc_msgs/include/vesc_msgs/vesc_msgs/msg/detail/vesc_state__traits.hpp
[15.213s] -- Installing: /home/pi/ros2_ws/install/vesc_msgs/include/vesc_msgs/vesc_msgs/msg/detail/vesc_state_stamped__struct.hpp
[15.213s] -- Installing: /home/pi/ros2_ws/install/vesc_msgs/include/vesc_msgs/vesc_msgs/msg/detail/vesc_imu_stamped__traits.hpp
[15.213s] -- Installing: /home/pi/ros2_ws/install/vesc_msgs/include/vesc_msgs/vesc_msgs/msg/detail/vesc_state_stamped__type_support.hpp
[15.213s] -- Installing: /home/pi/ros2_ws/install/vesc_msgs/include/vesc_msgs/vesc_msgs/msg/detail/vesc_imu_stamped__struct.hpp
[15.213s] -- Installing: /home/pi/ros2_ws/install/vesc_msgs/include/vesc_msgs/vesc_msgs/msg/detail/vesc_imu__builder.hpp
[15.213s] -- Installing: /home/pi/ros2_ws/install/vesc_msgs/include/vesc_msgs/vesc_msgs/msg/detail/vesc_imu_stamped__builder.hpp
[15.213s] -- Installing: /home/pi/ros2_ws/install/vesc_msgs/include/vesc_msgs/vesc_msgs/msg/detail/vesc_state_stamped__traits.hpp
[15.213s] -- Installing: /home/pi/ros2_ws/install/vesc_msgs/include/vesc_msgs/vesc_msgs/msg/detail/vesc_state__struct.hpp
[15.214s] -- Installing: /home/pi/ros2_ws/install/vesc_msgs/include/vesc_msgs/vesc_msgs/msg/detail/vesc_state__builder.hpp
[15.214s] -- Installing: /home/pi/ros2_ws/install/vesc_msgs/include/vesc_msgs/vesc_msgs/msg/detail/vesc_state_stamped__builder.hpp
[15.214s] -- Installing: /home/pi/ros2_ws/install/vesc_msgs/include/vesc_msgs/vesc_msgs/msg/detail/vesc_imu__type_support.hpp
[15.214s] -- Installing: /home/pi/ros2_ws/install/vesc_msgs/include/vesc_msgs/vesc_msgs/msg/detail/vesc_imu__traits.hpp
[15.214s] -- Installing: /home/pi/ros2_ws/install/vesc_msgs/include/vesc_msgs/vesc_msgs/msg/detail/vesc_imu__struct.hpp
[15.214s] -- Installing: /home/pi/ros2_ws/install/vesc_msgs/include/vesc_msgs/vesc_msgs/msg/detail/vesc_state__type_support.hpp
[15.214s] -- Installing: /home/pi/ros2_ws/install/vesc_msgs/include/vesc_msgs/vesc_msgs/msg/detail/vesc_imu_stamped__type_support.hpp
[15.215s] -- Up-to-date: /home/pi/ros2_ws/install/vesc_msgs/include/vesc_msgs/vesc_msgs
[15.215s] -- Up-to-date: /home/pi/ros2_ws/install/vesc_msgs/include/vesc_msgs/vesc_msgs/msg
[15.215s] -- Installing: /home/pi/ros2_ws/install/vesc_msgs/include/vesc_msgs/vesc_msgs/msg/rosidl_typesupport_fastrtps_cpp__visibility_control.h
[15.215s] -- Up-to-date: /home/pi/ros2_ws/install/vesc_msgs/include/vesc_msgs/vesc_msgs/msg/detail
[15.215s] -- Installing: /home/pi/ros2_ws/install/vesc_msgs/include/vesc_msgs/vesc_msgs/msg/detail/vesc_state_stamped__rosidl_typesupport_fastrtps_cpp.hpp
[15.215s] -- Installing: /home/pi/ros2_ws/install/vesc_msgs/include/vesc_msgs/vesc_msgs/msg/detail/vesc_state__rosidl_typesupport_fastrtps_cpp.hpp
[15.215s] -- Installing: /home/pi/ros2_ws/install/vesc_msgs/include/vesc_msgs/vesc_msgs/msg/detail/vesc_imu__rosidl_typesupport_fastrtps_cpp.hpp
[15.215s] -- Installing: /home/pi/ros2_ws/install/vesc_msgs/include/vesc_msgs/vesc_msgs/msg/detail/dds_fastrtps
[15.215s] -- Installing: /home/pi/ros2_ws/install/vesc_msgs/include/vesc_msgs/vesc_msgs/msg/detail/vesc_imu_stamped__rosidl_typesupport_fastrtps_cpp.hpp
[15.216s] -- Installing: /home/pi/ros2_ws/install/vesc_msgs/lib/libvesc_msgs__rosidl_typesupport_fastrtps_cpp.so
[15.216s] -- Set non-toolchain portion of runtime path of "/home/pi/ros2_ws/install/vesc_msgs/lib/libvesc_msgs__rosidl_typesupport_fastrtps_cpp.so" to ""
[15.216s] -- Up-to-date: /home/pi/ros2_ws/install/vesc_msgs/include/vesc_msgs/vesc_msgs
[15.216s] -- Up-to-date: /home/pi/ros2_ws/install/vesc_msgs/include/vesc_msgs/vesc_msgs/msg
[15.217s] -- Up-to-date: /home/pi/ros2_ws/install/vesc_msgs/include/vesc_msgs/vesc_msgs/msg/detail
[15.217s] -- Installing: /home/pi/ros2_ws/install/vesc_msgs/include/vesc_msgs/vesc_msgs/msg/detail/vesc_imu__type_support.cpp
[15.217s] -- Installing: /home/pi/ros2_ws/install/vesc_msgs/include/vesc_msgs/vesc_msgs/msg/detail/vesc_imu_stamped__type_support.cpp
[15.217s] -- Installing: /home/pi/ros2_ws/install/vesc_msgs/include/vesc_msgs/vesc_msgs/msg/detail/vesc_state__type_support.cpp
[15.217s] -- Installing: /home/pi/ros2_ws/install/vesc_msgs/include/vesc_msgs/vesc_msgs/msg/detail/vesc_imu_stamped__rosidl_typesupport_introspection_cpp.hpp
[15.217s] -- Installing: /home/pi/ros2_ws/install/vesc_msgs/include/vesc_msgs/vesc_msgs/msg/detail/vesc_state_stamped__rosidl_typesupport_introspection_cpp.hpp
[15.217s] -- Installing: /home/pi/ros2_ws/install/vesc_msgs/include/vesc_msgs/vesc_msgs/msg/detail/vesc_imu__rosidl_typesupport_introspection_cpp.hpp
[15.217s] -- Installing: /home/pi/ros2_ws/install/vesc_msgs/include/vesc_msgs/vesc_msgs/msg/detail/vesc_state_stamped__type_support.cpp
[15.217s] -- Installing: /home/pi/ros2_ws/install/vesc_msgs/include/vesc_msgs/vesc_msgs/msg/detail/vesc_state__rosidl_typesupport_introspection_cpp.hpp
[15.218s] -- Installing: /home/pi/ros2_ws/install/vesc_msgs/lib/libvesc_msgs__rosidl_typesupport_introspection_cpp.so
[15.218s] -- Set non-toolchain portion of runtime path of "/home/pi/ros2_ws/install/vesc_msgs/lib/libvesc_msgs__rosidl_typesupport_introspection_cpp.so" to ""
[15.218s] -- Installing: /home/pi/ros2_ws/install/vesc_msgs/lib/libvesc_msgs__rosidl_typesupport_cpp.so
[15.219s] -- Set non-toolchain portion of runtime path of "/home/pi/ros2_ws/install/vesc_msgs/lib/libvesc_msgs__rosidl_typesupport_cpp.so" to ""
[15.219s] -- Installing: /home/pi/ros2_ws/install/vesc_msgs/share/vesc_msgs/environment/pythonpath.sh
[15.219s] -- Installing: /home/pi/ros2_ws/install/vesc_msgs/share/vesc_msgs/environment/pythonpath.dsv
[15.219s] -- Installing: /home/pi/ros2_ws/install/vesc_msgs/lib/python3.12/site-packages/vesc_msgs-1.1.0-py3.12.egg-info
[15.219s] -- Installing: /home/pi/ros2_ws/install/vesc_msgs/lib/python3.12/site-packages/vesc_msgs-1.1.0-py3.12.egg-info/dependency_links.txt
[15.220s] -- Installing: /home/pi/ros2_ws/install/vesc_msgs/lib/python3.12/site-packages/vesc_msgs-1.1.0-py3.12.egg-info/top_level.txt
[15.220s] -- Installing: /home/pi/ros2_ws/install/vesc_msgs/lib/python3.12/site-packages/vesc_msgs-1.1.0-py3.12.egg-info/SOURCES.txt
[15.220s] -- Installing: /home/pi/ros2_ws/install/vesc_msgs/lib/python3.12/site-packages/vesc_msgs-1.1.0-py3.12.egg-info/PKG-INFO
[15.220s] -- Installing: /home/pi/ros2_ws/install/vesc_msgs/lib/python3.12/site-packages/vesc_msgs
[15.220s] -- Installing: /home/pi/ros2_ws/install/vesc_msgs/lib/python3.12/site-packages/vesc_msgs/_vesc_msgs_s.ep.rosidl_typesupport_fastrtps_c.c
[15.220s] -- Installing: /home/pi/ros2_ws/install/vesc_msgs/lib/python3.12/site-packages/vesc_msgs/_vesc_msgs_s.ep.rosidl_typesupport_introspection_c.c
[15.220s] -- Installing: /home/pi/ros2_ws/install/vesc_msgs/lib/python3.12/site-packages/vesc_msgs/msg
[15.221s] -- Installing: /home/pi/ros2_ws/install/vesc_msgs/lib/python3.12/site-packages/vesc_msgs/msg/_vesc_imu_s.c
[15.221s] -- Installing: /home/pi/ros2_ws/install/vesc_msgs/lib/python3.12/site-packages/vesc_msgs/msg/_vesc_imu_stamped.py
[15.221s] -- Installing: /home/pi/ros2_ws/install/vesc_msgs/lib/python3.12/site-packages/vesc_msgs/msg/_vesc_state_s.c
[15.221s] -- Installing: /home/pi/ros2_ws/install/vesc_msgs/lib/python3.12/site-packages/vesc_msgs/msg/_vesc_state.py
[15.221s] -- Installing: /home/pi/ros2_ws/install/vesc_msgs/lib/python3.12/site-packages/vesc_msgs/msg/__init__.py
[15.221s] -- Installing: /home/pi/ros2_ws/install/vesc_msgs/lib/python3.12/site-packages/vesc_msgs/msg/_vesc_imu_stamped_s.c
[15.221s] -- Installing: /home/pi/ros2_ws/install/vesc_msgs/lib/python3.12/site-packages/vesc_msgs/msg/_vesc_state_stamped.py
[15.222s] -- Installing: /home/pi/ros2_ws/install/vesc_msgs/lib/python3.12/site-packages/vesc_msgs/msg/_vesc_state_stamped_s.c
[15.222s] -- Installing: /home/pi/ros2_ws/install/vesc_msgs/lib/python3.12/site-packages/vesc_msgs/msg/_vesc_imu.py
[15.222s] -- Installing: /home/pi/ros2_ws/install/vesc_msgs/lib/python3.12/site-packages/vesc_msgs/_vesc_msgs_s.ep.rosidl_typesupport_c.c
[15.222s] -- Installing: /home/pi/ros2_ws/install/vesc_msgs/lib/python3.12/site-packages/vesc_msgs/__init__.py
[15.222s] -- Installing: /home/pi/ros2_ws/install/vesc_msgs/lib/python3.12/site-packages/vesc_msgs/vesc_msgs_s__rosidl_typesupport_introspection_c.so
[15.222s] -- Installing: /home/pi/ros2_ws/install/vesc_msgs/lib/python3.12/site-packages/vesc_msgs/vesc_msgs_s__rosidl_typesupport_fastrtps_c.so
[15.223s] -- Installing: /home/pi/ros2_ws/install/vesc_msgs/lib/python3.12/site-packages/vesc_msgs/vesc_msgs_s__rosidl_typesupport_c.so
[15.295s] Listing '/home/pi/ros2_ws/install/vesc_msgs/lib/python3.12/site-packages/vesc_msgs'...
[15.295s] Compiling '/home/pi/ros2_ws/install/vesc_msgs/lib/python3.12/site-packages/vesc_msgs/__init__.py'...
[15.295s] Listing '/home/pi/ros2_ws/install/vesc_msgs/lib/python3.12/site-packages/vesc_msgs/msg'...
[15.295s] Compiling '/home/pi/ros2_ws/install/vesc_msgs/lib/python3.12/site-packages/vesc_msgs/msg/__init__.py'...
[15.295s] Compiling '/home/pi/ros2_ws/install/vesc_msgs/lib/python3.12/site-packages/vesc_msgs/msg/_vesc_imu.py'...
[15.295s] Compiling '/home/pi/ros2_ws/install/vesc_msgs/lib/python3.12/site-packages/vesc_msgs/msg/_vesc_imu_stamped.py'...
[15.295s] Compiling '/home/pi/ros2_ws/install/vesc_msgs/lib/python3.12/site-packages/vesc_msgs/msg/_vesc_state.py'...
[15.296s] Compiling '/home/pi/ros2_ws/install/vesc_msgs/lib/python3.12/site-packages/vesc_msgs/msg/_vesc_state_stamped.py'...
[15.309s] -- Installing: /home/pi/ros2_ws/install/vesc_msgs/lib/python3.12/site-packages/vesc_msgs/vesc_msgs_s__rosidl_typesupport_fastrtps_c.so
[15.309s] -- Set non-toolchain portion of runtime path of "/home/pi/ros2_ws/install/vesc_msgs/lib/python3.12/site-packages/vesc_msgs/vesc_msgs_s__rosidl_typesupport_fastrtps_c.so" to ""
[15.310s] -- Installing: /home/pi/ros2_ws/install/vesc_msgs/lib/python3.12/site-packages/vesc_msgs/vesc_msgs_s__rosidl_typesupport_introspection_c.so
[15.310s] -- Set non-toolchain portion of runtime path of "/home/pi/ros2_ws/install/vesc_msgs/lib/python3.12/site-packages/vesc_msgs/vesc_msgs_s__rosidl_typesupport_introspection_c.so" to ""
[15.311s] -- Installing: /home/pi/ros2_ws/install/vesc_msgs/lib/python3.12/site-packages/vesc_msgs/vesc_msgs_s__rosidl_typesupport_c.so
[15.311s] -- Set non-toolchain portion of runtime path of "/home/pi/ros2_ws/install/vesc_msgs/lib/python3.12/site-packages/vesc_msgs/vesc_msgs_s__rosidl_typesupport_c.so" to ""
[15.311s] -- Installing: /home/pi/ros2_ws/install/vesc_msgs/lib/libvesc_msgs__rosidl_generator_py.so
[15.312s] -- Set non-toolchain portion of runtime path of "/home/pi/ros2_ws/install/vesc_msgs/lib/libvesc_msgs__rosidl_generator_py.so" to ""
[15.312s] -- Installing: /home/pi/ros2_ws/install/vesc_msgs/share/vesc_msgs/msg/VescState.idl
[15.312s] -- Installing: /home/pi/ros2_ws/install/vesc_msgs/share/vesc_msgs/msg/VescStateStamped.idl
[15.312s] -- Installing: /home/pi/ros2_ws/install/vesc_msgs/share/vesc_msgs/msg/VescImu.idl
[15.312s] -- Installing: /home/pi/ros2_ws/install/vesc_msgs/share/vesc_msgs/msg/VescImuStamped.idl
[15.312s] -- Installing: /home/pi/ros2_ws/install/vesc_msgs/share/vesc_msgs/msg/VescState.msg
[15.313s] -- Installing: /home/pi/ros2_ws/install/vesc_msgs/share/vesc_msgs/msg/VescStateStamped.msg
[15.313s] -- Installing: /home/pi/ros2_ws/install/vesc_msgs/share/vesc_msgs/msg/VescImu.msg
[15.313s] -- Installing: /home/pi/ros2_ws/install/vesc_msgs/share/vesc_msgs/msg/VescImuStamped.msg
[15.313s] -- Installing: /home/pi/ros2_ws/install/vesc_msgs/share/ament_index/resource_index/package_run_dependencies/vesc_msgs
[15.313s] -- Installing: /home/pi/ros2_ws/install/vesc_msgs/share/ament_index/resource_index/parent_prefix_path/vesc_msgs
[15.314s] -- Installing: /home/pi/ros2_ws/install/vesc_msgs/share/vesc_msgs/environment/ament_prefix_path.sh
[15.314s] -- Installing: /home/pi/ros2_ws/install/vesc_msgs/share/vesc_msgs/environment/ament_prefix_path.dsv
[15.314s] -- Installing: /home/pi/ros2_ws/install/vesc_msgs/share/vesc_msgs/environment/path.sh
[15.314s] -- Installing: /home/pi/ros2_ws/install/vesc_msgs/share/vesc_msgs/environment/path.dsv
[15.314s] -- Installing: /home/pi/ros2_ws/install/vesc_msgs/share/vesc_msgs/local_setup.bash
[15.314s] -- Installing: /home/pi/ros2_ws/install/vesc_msgs/share/vesc_msgs/local_setup.sh
[15.315s] -- Installing: /home/pi/ros2_ws/install/vesc_msgs/share/vesc_msgs/local_setup.zsh
[15.315s] -- Installing: /home/pi/ros2_ws/install/vesc_msgs/share/vesc_msgs/local_setup.dsv
[15.315s] -- Installing: /home/pi/ros2_ws/install/vesc_msgs/share/vesc_msgs/package.dsv
[15.315s] -- Installing: /home/pi/ros2_ws/install/vesc_msgs/share/ament_index/resource_index/packages/vesc_msgs
[15.316s] -- Installing: /home/pi/ros2_ws/install/vesc_msgs/share/vesc_msgs/cmake/export_vesc_msgs__rosidl_generator_cExport.cmake
[15.316s] -- Installing: /home/pi/ros2_ws/install/vesc_msgs/share/vesc_msgs/cmake/export_vesc_msgs__rosidl_generator_cExport-noconfig.cmake
[15.316s] -- Installing: /home/pi/ros2_ws/install/vesc_msgs/share/vesc_msgs/cmake/export_vesc_msgs__rosidl_typesupport_fastrtps_cExport.cmake
[15.316s] -- Installing: /home/pi/ros2_ws/install/vesc_msgs/share/vesc_msgs/cmake/export_vesc_msgs__rosidl_typesupport_fastrtps_cExport-noconfig.cmake
[15.316s] -- Installing: /home/pi/ros2_ws/install/vesc_msgs/share/vesc_msgs/cmake/vesc_msgs__rosidl_typesupport_introspection_cExport.cmake
[15.317s] -- Installing: /home/pi/ros2_ws/install/vesc_msgs/share/vesc_msgs/cmake/vesc_msgs__rosidl_typesupport_introspection_cExport-noconfig.cmake
[15.317s] -- Installing: /home/pi/ros2_ws/install/vesc_msgs/share/vesc_msgs/cmake/vesc_msgs__rosidl_typesupport_cExport.cmake
[15.317s] -- Installing: /home/pi/ros2_ws/install/vesc_msgs/share/vesc_msgs/cmake/vesc_msgs__rosidl_typesupport_cExport-noconfig.cmake
[15.317s] -- Installing: /home/pi/ros2_ws/install/vesc_msgs/share/vesc_msgs/cmake/export_vesc_msgs__rosidl_generator_cppExport.cmake
[15.318s] -- Installing: /home/pi/ros2_ws/install/vesc_msgs/share/vesc_msgs/cmake/export_vesc_msgs__rosidl_typesupport_fastrtps_cppExport.cmake
[15.318s] -- Installing: /home/pi/ros2_ws/install/vesc_msgs/share/vesc_msgs/cmake/export_vesc_msgs__rosidl_typesupport_fastrtps_cppExport-noconfig.cmake
[15.318s] -- Installing: /home/pi/ros2_ws/install/vesc_msgs/share/vesc_msgs/cmake/vesc_msgs__rosidl_typesupport_introspection_cppExport.cmake
[15.318s] -- Installing: /home/pi/ros2_ws/install/vesc_msgs/share/vesc_msgs/cmake/vesc_msgs__rosidl_typesupport_introspection_cppExport-noconfig.cmake
[15.318s] -- Installing: /home/pi/ros2_ws/install/vesc_msgs/share/vesc_msgs/cmake/vesc_msgs__rosidl_typesupport_cppExport.cmake
[15.319s] -- Installing: /home/pi/ros2_ws/install/vesc_msgs/share/vesc_msgs/cmake/vesc_msgs__rosidl_typesupport_cppExport-noconfig.cmake
[15.319s] -- Installing: /home/pi/ros2_ws/install/vesc_msgs/share/vesc_msgs/cmake/export_vesc_msgs__rosidl_generator_pyExport.cmake
[15.319s] -- Installing: /home/pi/ros2_ws/install/vesc_msgs/share/vesc_msgs/cmake/export_vesc_msgs__rosidl_generator_pyExport-noconfig.cmake
[15.319s] -- Installing: /home/pi/ros2_ws/install/vesc_msgs/share/vesc_msgs/cmake/rosidl_cmake-extras.cmake
[15.319s] -- Installing: /home/pi/ros2_ws/install/vesc_msgs/share/vesc_msgs/cmake/ament_cmake_export_dependencies-extras.cmake
[15.320s] -- Installing: /home/pi/ros2_ws/install/vesc_msgs/share/vesc_msgs/cmake/ament_cmake_export_include_directories-extras.cmake
[15.320s] -- Installing: /home/pi/ros2_ws/install/vesc_msgs/share/vesc_msgs/cmake/ament_cmake_export_libraries-extras.cmake
[15.320s] -- Installing: /home/pi/ros2_ws/install/vesc_msgs/share/vesc_msgs/cmake/ament_cmake_export_targets-extras.cmake
[15.320s] -- Installing: /home/pi/ros2_ws/install/vesc_msgs/share/vesc_msgs/cmake/rosidl_cmake_export_typesupport_targets-extras.cmake
[15.320s] -- Installing: /home/pi/ros2_ws/install/vesc_msgs/share/vesc_msgs/cmake/rosidl_cmake_export_typesupport_libraries-extras.cmake
[15.321s] -- Installing: /home/pi/ros2_ws/install/vesc_msgs/share/vesc_msgs/cmake/vesc_msgsConfig.cmake
[15.321s] -- Installing: /home/pi/ros2_ws/install/vesc_msgs/share/vesc_msgs/cmake/vesc_msgsConfig-version.cmake
[15.321s] -- Installing: /home/pi/ros2_ws/install/vesc_msgs/share/vesc_msgs/package.xml
[15.326s] Invoked command in '/home/pi/ros2_ws/build/vesc_msgs' returned '0': CMAKE_PREFIX_PATH=${CMAKE_PREFIX_PATH}:/opt/ros/kilted DEBUGINFOD_URLS=https://debuginfod.ubuntu.com /usr/bin/cmake --install /home/pi/ros2_ws/build/vesc_msgs
