running egg_info
creating ../../build/drive/drive.egg-info
writing ../../build/drive/drive.egg-info/PKG-INFO
writing dependency_links to ../../build/drive/drive.egg-info/dependency_links.txt
writing entry points to ../../build/drive/drive.egg-info/entry_points.txt
writing requirements to ../../build/drive/drive.egg-info/requires.txt
writing top-level names to ../../build/drive/drive.egg-info/top_level.txt
writing manifest file '../../build/drive/drive.egg-info/SOURCES.txt'
reading manifest file '../../build/drive/drive.egg-info/SOURCES.txt'
adding license file 'LICENSE'
writing manifest file '../../build/drive/drive.egg-info/SOURCES.txt'
running build
running build_py
creating /home/pi/ros2_case_study/build/drive/build
creating /home/pi/ros2_case_study/build/drive/build/lib
creating /home/pi/ros2_case_study/build/drive/build/lib/drive
copying drive/drive.py -> /home/pi/ros2_case_study/build/drive/build/lib/drive
copying drive/__init__.py -> /home/pi/ros2_case_study/build/drive/build/lib/drive
running install
running install_lib
creating /home/pi/ros2_case_study/install/drive/lib/python3.12/site-packages/drive
copying /home/pi/ros2_case_study/build/drive/build/lib/drive/drive.py -> /home/pi/ros2_case_study/install/drive/lib/python3.12/site-packages/drive
copying /home/pi/ros2_case_study/build/drive/build/lib/drive/__init__.py -> /home/pi/ros2_case_study/install/drive/lib/python3.12/site-packages/drive
byte-compiling /home/pi/ros2_case_study/install/drive/lib/python3.12/site-packages/drive/drive.py to drive.cpython-312.pyc
byte-compiling /home/pi/ros2_case_study/install/drive/lib/python3.12/site-packages/drive/__init__.py to __init__.cpython-312.pyc
running install_data
creating /home/pi/ros2_case_study/install/drive/share/ament_index
creating /home/pi/ros2_case_study/install/drive/share/ament_index/resource_index
creating /home/pi/ros2_case_study/install/drive/share/ament_index/resource_index/packages
copying resource/drive -> /home/pi/ros2_case_study/install/drive/share/ament_index/resource_index/packages
copying package.xml -> /home/pi/ros2_case_study/install/drive/share/drive
running install_egg_info
Copying ../../build/drive/drive.egg-info to /home/pi/ros2_case_study/install/drive/lib/python3.12/site-packages/drive-0.0.0-py3.12.egg-info
running install_scripts
Installing talker script to /home/pi/ros2_case_study/install/drive/lib/drive
writing list of installed files to '/home/pi/ros2_case_study/build/drive/install.log'
