[2.009s] Invoking command in '/home/pi/ros2_case_study/src/drive': DEBUGINFOD_URLS=https://debuginfod.ubuntu.com PYTHONPATH=/home/pi/ros2_case_study/build/drive/prefix_override:/usr/lib/python3/dist-packages/colcon_core/task/python/colcon_distutils_commands:/home/pi/ros2_case_study/install/drive/lib/python3.12/site-packages:${PYTHONPATH} /usr/bin/python3 -W ignore:setup.py install is deprecated -W ignore:easy_install command is deprecated setup.py egg_info --egg-base ../../build/drive build --build-base /home/pi/ros2_case_study/build/drive/build install --record /home/pi/ros2_case_study/build/drive/install.log --single-version-externally-managed install_data
[2.422s] running egg_info
[2.422s] creating ../../build/drive/drive.egg-info
[2.449s] writing ../../build/drive/drive.egg-info/PKG-INFO
[2.449s] writing dependency_links to ../../build/drive/drive.egg-info/dependency_links.txt
[2.450s] writing entry points to ../../build/drive/drive.egg-info/entry_points.txt
[2.450s] writing requirements to ../../build/drive/drive.egg-info/requires.txt
[2.450s] writing top-level names to ../../build/drive/drive.egg-info/top_level.txt
[2.450s] writing manifest file '../../build/drive/drive.egg-info/SOURCES.txt'
[2.510s] reading manifest file '../../build/drive/drive.egg-info/SOURCES.txt'
[2.510s] adding license file 'LICENSE'
[2.510s] writing manifest file '../../build/drive/drive.egg-info/SOURCES.txt'
[2.511s] running build
[2.511s] running build_py
[2.511s] creating /home/pi/ros2_case_study/build/drive/build
[2.511s] creating /home/pi/ros2_case_study/build/drive/build/lib
[2.511s] creating /home/pi/ros2_case_study/build/drive/build/lib/drive
[2.511s] copying drive/drive.py -> /home/pi/ros2_case_study/build/drive/build/lib/drive
[2.512s] copying drive/__init__.py -> /home/pi/ros2_case_study/build/drive/build/lib/drive
[2.512s] running install
[2.522s] running install_lib
[2.551s] creating /home/pi/ros2_case_study/install/drive/lib/python3.12/site-packages/drive
[2.551s] copying /home/pi/ros2_case_study/build/drive/build/lib/drive/drive.py -> /home/pi/ros2_case_study/install/drive/lib/python3.12/site-packages/drive
[2.551s] copying /home/pi/ros2_case_study/build/drive/build/lib/drive/__init__.py -> /home/pi/ros2_case_study/install/drive/lib/python3.12/site-packages/drive
[2.552s] byte-compiling /home/pi/ros2_case_study/install/drive/lib/python3.12/site-packages/drive/drive.py to drive.cpython-312.pyc
[2.553s] byte-compiling /home/pi/ros2_case_study/install/drive/lib/python3.12/site-packages/drive/__init__.py to __init__.cpython-312.pyc
[2.553s] running install_data
[2.553s] creating /home/pi/ros2_case_study/install/drive/share/ament_index
[2.553s] creating /home/pi/ros2_case_study/install/drive/share/ament_index/resource_index
[2.553s] creating /home/pi/ros2_case_study/install/drive/share/ament_index/resource_index/packages
[2.553s] copying resource/drive -> /home/pi/ros2_case_study/install/drive/share/ament_index/resource_index/packages
[2.554s] copying package.xml -> /home/pi/ros2_case_study/install/drive/share/drive
[2.554s] running install_egg_info
[2.586s] Copying ../../build/drive/drive.egg-info to /home/pi/ros2_case_study/install/drive/lib/python3.12/site-packages/drive-0.0.0-py3.12.egg-info
[2.588s] running install_scripts
[2.810s] Installing talker script to /home/pi/ros2_case_study/install/drive/lib/drive
[2.810s] writing list of installed files to '/home/pi/ros2_case_study/build/drive/install.log'
[2.915s] Invoked command in '/home/pi/ros2_case_study/src/drive' returned '0': DEBUGINFOD_URLS=https://debuginfod.ubuntu.com PYTHONPATH=/home/pi/ros2_case_study/build/drive/prefix_override:/usr/lib/python3/dist-packages/colcon_core/task/python/colcon_distutils_commands:/home/pi/ros2_case_study/install/drive/lib/python3.12/site-packages:${PYTHONPATH} /usr/bin/python3 -W ignore:setup.py install is deprecated -W ignore:easy_install command is deprecated setup.py egg_info --egg-base ../../build/drive build --build-base /home/pi/ros2_case_study/build/drive/build install --record /home/pi/ros2_case_study/build/drive/install.log --single-version-externally-managed install_data
