[0.021s] Invoking command in '/home/pi/ros2_ws/build/vesc_driver': AMENT_PREFIX_PATH=/home/pi/ros2_ws/install/vesc_msgs:${AMENT_PREFIX_PATH} CMAKE_PREFIX_PATH=/home/pi/ros2_ws/install/vesc_msgs:/opt/ros/kilted/opt/gz_math_vendor:/opt/ros/kilted/opt/gz_utils_vendor:/opt/ros/kilted/opt/gz_cmake_vendor:/opt/ros/kilted DEBUGINFOD_URLS=https://debuginfod.ubuntu.com LD_LIBRARY_PATH=/home/pi/ros2_ws/install/vesc_msgs/lib:${LD_LIBRARY_PATH} PYTHONPATH=/home/pi/ros2_ws/install/vesc_msgs/lib/python3.12/site-packages:${PYTHONPATH} /usr/bin/cmake /home/pi/ros2_ws/src/vesc/vesc_driver -DCMAKE_INSTALL_PREFIX=/home/pi/ros2_ws/install/vesc_driver
[0.140s] -- The C compiler identification is GNU 13.3.0
[0.248s] -- The CXX compiler identification is GNU 13.3.0
[0.277s] -- Detecting C compiler ABI info
[0.453s] -- Detecting C compiler ABI info - done
[0.468s] -- Check for working C compiler: /usr/bin/cc - skipped
[0.469s] -- Detecting C compile features
[0.469s] -- Detecting C compile features - done
[0.484s] -- Detecting CXX compiler ABI info
[0.676s] -- Detecting CXX compiler ABI info - done
[0.692s] -- Check for working CXX compiler: /usr/bin/c++ - skipped
[0.692s] -- Detecting CXX compile features
[0.693s] -- Detecting CXX compile features - done
[0.696s] -- Found ament_cmake_auto: 2.7.3 (/opt/ros/kilted/share/ament_cmake_auto/cmake)
[0.936s] -- Found Python3: /usr/bin/python3 (found version "3.12.3") found components: Interpreter 
[1.310s] -- Found rosidl_generator_c: 4.9.5 (/opt/ros/kilted/share/rosidl_generator_c/cmake)
[1.332s] -- Found rosidl_generator_cpp: 4.9.5 (/opt/ros/kilted/share/rosidl_generator_cpp/cmake)
[1.354s] -- Using all available rosidl_typesupport_c: rosidl_typesupport_fastrtps_c;rosidl_typesupport_introspection_c
[1.379s] -- Using all available rosidl_typesupport_cpp: rosidl_typesupport_fastrtps_cpp;rosidl_typesupport_introspection_cpp
[1.481s] -- Found rmw_implementation_cmake: 7.8.2 (/opt/ros/kilted/share/rmw_implementation_cmake/cmake)
[1.485s] -- Found rmw_fastrtps_cpp: 9.3.3 (/opt/ros/kilted/share/rmw_fastrtps_cpp/cmake)
[1.633s] -- Found OpenSSL: /usr/lib/aarch64-linux-gnu/libcrypto.so (found version "3.0.13")  
[1.652s] -- Using RMW implementation 'rmw_fastrtps_cpp' as default
[1.906s] [31mCMake Error at /opt/ros/kilted/share/io_context/cmake/io_context-extras.cmake:17 (find_package):
[1.906s]   By not providing "Findasio_cmake_module.cmake" in CMAKE_MODULE_PATH this
[1.906s]   project has asked CMake to find a package configuration file provided by
[1.906s]   "asio_cmake_module", but CMake did not find one.
[1.906s] 
[1.906s]   Could not find a package configuration file provided by "asio_cmake_module"
[1.907s]   with any of the following names:
[1.907s] 
[1.907s]     asio_cmake_moduleConfig.cmake
[1.907s]     asio_cmake_module-config.cmake
[1.907s] 
[1.907s]   Add the installation prefix of "asio_cmake_module" to CMAKE_PREFIX_PATH or
[1.907s]   set "asio_cmake_module_DIR" to a directory containing one of the above
[1.907s]   files.  If "asio_cmake_module" provides a separate development package or
[1.907s]   SDK, be sure it has been installed.
[1.907s] Call Stack (most recent call first):
[1.907s]   /opt/ros/kilted/share/io_context/cmake/io_contextConfig.cmake:41 (include)
[1.907s]   /opt/ros/kilted/share/serial_driver/cmake/ament_cmake_export_dependencies-extras.cmake:21 (find_package)
[1.907s]   /opt/ros/kilted/share/serial_driver/cmake/serial_driverConfig.cmake:41 (include)
[1.908s]   /opt/ros/kilted/share/ament_cmake_auto/cmake/ament_auto_find_build_dependencies.cmake:67 (find_package)
[1.908s]   CMakeLists.txt:14 (ament_auto_find_build_dependencies)
[1.908s] 
[1.908s] [0m
[1.908s] -- Configuring incomplete, errors occurred!
[1.927s] Invoked command in '/home/pi/ros2_ws/build/vesc_driver' returned '1': AMENT_PREFIX_PATH=/home/pi/ros2_ws/install/vesc_msgs:${AMENT_PREFIX_PATH} CMAKE_PREFIX_PATH=/home/pi/ros2_ws/install/vesc_msgs:/opt/ros/kilted/opt/gz_math_vendor:/opt/ros/kilted/opt/gz_utils_vendor:/opt/ros/kilted/opt/gz_cmake_vendor:/opt/ros/kilted DEBUGINFOD_URLS=https://debuginfod.ubuntu.com LD_LIBRARY_PATH=/home/pi/ros2_ws/install/vesc_msgs/lib:${LD_LIBRARY_PATH} PYTHONPATH=/home/pi/ros2_ws/install/vesc_msgs/lib/python3.12/site-packages:${PYTHONPATH} /usr/bin/cmake /home/pi/ros2_ws/src/vesc/vesc_driver -DCMAKE_INSTALL_PREFIX=/home/pi/ros2_ws/install/vesc_driver
